[ 2017-08-29T00:43:40+08:00 ] 127.0.0.1 /
INFO: [ app_init ] --START--
INFO: Run Behavior\BuildLiteBehavior [ RunTime:0.000017s ]
INFO: [ app_init ] --END-- [ RunTime:0.002478s ]
INFO: [ app_begin ] --START--
INFO: Run Behavior\ReadHtmlCacheBehavior [ RunTime:0.001703s ]
INFO: [ app_begin ] --END-- [ RunTime:0.001843s ]
NOTIC: [2] session_start(): Cannot send session cookie - headers already sent C:\wamp\apache\htdocs\elevator\core\Common\functions.php 第 1263 行.
NOTIC: [2] session_start(): Cannot send session cache limiter - headers already sent C:\wamp\apache\htdocs\elevator\core\Common\functions.php 第 1263 行.
SQL: SHOW COLUMNS FROM `wd_news` [ RunTime:0.0235s ]
SQL: SELECT * FROM `wd_news` ORDER BY id desc LIMIT 1   [ RunTime:0.0034s ]
INFO: [ view_parse ] --START--
INFO: [ template_filter ] --START--
INFO: Run Behavior\ContentReplaceBehavior [ RunTime:0.000169s ]
INFO: [ template_filter ] --END-- [ RunTime:0.000232s ]
INFO: Run Behavior\ParseTemplateBehavior [ RunTime:0.028631s ]
INFO: [ view_parse ] --END-- [ RunTime:0.028717s ]
INFO: [ view_filter ] --START--
INFO: Run Behavior\WriteHtmlCacheBehavior [ RunTime:0.001330s ]
INFO: [ view_filter ] --END-- [ RunTime:0.001385s ]
NOTIC: [2] Cannot modify header information - headers already sent C:\wamp\apache\htdocs\elevator\core\Library\Think\View.class.php 第 91 行.
NOTIC: [2] Cannot modify header information - headers already sent C:\wamp\apache\htdocs\elevator\core\Library\Think\View.class.php 第 92 行.
NOTIC: [2] Cannot modify header information - headers already sent C:\wamp\apache\htdocs\elevator\core\Library\Think\View.class.php 第 93 行.
INFO: [ app_end ] --START--
INFO: Run Behavior\ShowPageTraceBehavior [ RunTime:0.001441s ]
INFO: [ app_end ] --END-- [ RunTime:0.001510s ]

[ 2017-08-29T01:01:42+08:00 ] 127.0.0.1 /b?c1=2&c2=7290408&ns__t=1503939702313&ns_c=UTF-8&cv=3.1&c8=%E6%82%9F%E7%A9%BA%E4%BC%A0-%E7%94%B5%E5%BD%B1-%E9%AB%98%E6%B8%85%E5%AE%8C%E6%95%B4%E7%89%88%E8%A7%86%E9%A2%91%E5%9C%A8%E7%BA%BF%E8%A7%82%E7%9C%8B%E2%80%93%E7%88%B1%E5%A5%87%E8%89%BA&c7=http%3A%2F%2Fwww.iqiyi.com%2Fv_19rr7p0jss.html%3Fpltfm%3D11%26pos%3Dtitle&c9=http%3A%2F%2Fwww.iqiyi.com%2Fdianying%2F
INFO: [ app_init ] --START--
INFO: Run Behavior\BuildLiteBehavior [ RunTime:0.000018s ]
INFO: [ app_init ] --END-- [ RunTime:0.000656s ]
INFO: [ app_begin ] --START--
INFO: Run Behavior\ReadHtmlCacheBehavior [ RunTime:0.001473s ]
INFO: [ app_begin ] --END-- [ RunTime:0.001557s ]
ERR: 无法加载控制器:B

[ 2017-08-29T01:01:44+08:00 ] 127.0.0.1 /b?c1=1&c2=7290408&c3=1&c4=11&c5=&c6=&c7=http%3A%2F%2Fwww.iqiyi.com%2Fv_19rr7p0jss.html&c8=&c9=&c10=&c11=99d2e55bfeddffdb0286d3a3b7a7a64e
INFO: [ app_init ] --START--
INFO: Run Behavior\BuildLiteBehavior [ RunTime:0.000014s ]
INFO: [ app_init ] --END-- [ RunTime:0.000404s ]
INFO: [ app_begin ] --START--
INFO: Run Behavior\ReadHtmlCacheBehavior [ RunTime:0.001434s ]
INFO: [ app_begin ] --END-- [ RunTime:0.001570s ]
ERR: 无法加载控制器:B

[ 2017-08-29T01:02:00+08:00 ] 127.0.0.1 /b?c1=2&c2=7290408&ns__t=1503939720424&ns_c=UTF-8&cv=3.1&c8=%E6%82%9F%E7%A9%BA%E4%BC%A0-%E7%94%B5%E5%BD%B1-%E9%AB%98%E6%B8%85%E5%AE%8C%E6%95%B4%E7%89%88%E8%A7%86%E9%A2%91%E5%9C%A8%E7%BA%BF%E8%A7%82%E7%9C%8B%E2%80%93%E7%88%B1%E5%A5%87%E8%89%BA&c7=http%3A%2F%2Fwww.iqiyi.com%2Fv_19rr7p0jss.html%3Fpltfm%3D11%26pos%3Dtitle&c9=http%3A%2F%2Fwww.iqiyi.com%2Fdianying%2F
INFO: [ app_init ] --START--
INFO: Run Behavior\BuildLiteBehavior [ RunTime:0.000021s ]
INFO: [ app_init ] --END-- [ RunTime:0.000602s ]
INFO: [ app_begin ] --START--
INFO: Run Behavior\ReadHtmlCacheBehavior [ RunTime:0.001996s ]
INFO: [ app_begin ] --END-- [ RunTime:0.002082s ]
ERR: 无法加载控制器:B

[ 2017-08-29T01:02:02+08:00 ] 127.0.0.1 /b?c1=1&c2=7290408&c3=1&c4=11&c5=&c6=&c7=http%3A%2F%2Fwww.iqiyi.com%2Fv_19rr7p0jss.html&c8=&c9=&c10=&c11=99d2e55bfeddffdb0286d3a3b7a7a64e
INFO: [ app_init ] --START--
INFO: Run Behavior\BuildLiteBehavior [ RunTime:0.000015s ]
INFO: [ app_init ] --END-- [ RunTime:0.000486s ]
INFO: [ app_begin ] --START--
INFO: Run Behavior\ReadHtmlCacheBehavior [ RunTime:0.000734s ]
INFO: [ app_begin ] --END-- [ RunTime:0.000816s ]
ERR: 无法加载控制器:B

[ 2017-08-29T01:02:28+08:00 ] 127.0.0.1 /b?c1=2&c2=7290408&ns__t=1503939748429&ns_c=UTF-8&cv=3.1&c8=%E6%82%9F%E7%A9%BA%E4%BC%A0-%E7%94%B5%E5%BD%B1-%E9%AB%98%E6%B8%85%E5%AE%8C%E6%95%B4%E7%89%88%E8%A7%86%E9%A2%91%E5%9C%A8%E7%BA%BF%E8%A7%82%E7%9C%8B%E2%80%93%E7%88%B1%E5%A5%87%E8%89%BA&c7=http%3A%2F%2Fwww.iqiyi.com%2Fv_19rr7p0jss.html%3Fpltfm%3D11%26pos%3Dtitle&c9=http%3A%2F%2Fwww.iqiyi.com%2Fdianying%2F
INFO: [ app_init ] --START--
INFO: Run Behavior\BuildLiteBehavior [ RunTime:0.000017s ]
INFO: [ app_init ] --END-- [ RunTime:0.001037s ]
INFO: [ app_begin ] --START--
INFO: Run Behavior\ReadHtmlCacheBehavior [ RunTime:0.000835s ]
INFO: [ app_begin ] --END-- [ RunTime:0.000905s ]
ERR: 无法加载控制器:B

[ 2017-08-29T01:02:30+08:00 ] 127.0.0.1 /b?c1=1&c2=7290408&c3=1&c4=11&c5=&c6=&c7=http%3A%2F%2Fwww.iqiyi.com%2Fv_19rr7p0jss.html&c8=&c9=&c10=&c11=99d2e55bfeddffdb0286d3a3b7a7a64e
INFO: [ app_init ] --START--
INFO: Run Behavior\BuildLiteBehavior [ RunTime:0.000015s ]
INFO: [ app_init ] --END-- [ RunTime:0.000580s ]
INFO: [ app_begin ] --START--
INFO: Run Behavior\ReadHtmlCacheBehavior [ RunTime:0.000574s ]
INFO: [ app_begin ] --END-- [ RunTime:0.000635s ]
ERR: 无法加载控制器:B

[ 2017-08-29T01:02:35+08:00 ] 127.0.0.1 /b?c1=2&c2=7290408&ns__t=1503939755528&ns_c=UTF-8&cv=3.1&c8=%E6%82%9F%E7%A9%BA%E4%BC%A0-%E7%94%B5%E5%BD%B1-%E9%AB%98%E6%B8%85%E5%AE%8C%E6%95%B4%E7%89%88%E8%A7%86%E9%A2%91%E5%9C%A8%E7%BA%BF%E8%A7%82%E7%9C%8B%E2%80%93%E7%88%B1%E5%A5%87%E8%89%BA&c7=http%3A%2F%2Fwww.iqiyi.com%2Fv_19rr7p0jss.html%3Fpltfm%3D11%26pos%3Dtitle&c9=
INFO: [ app_init ] --START--
INFO: Run Behavior\BuildLiteBehavior [ RunTime:0.000016s ]
INFO: [ app_init ] --END-- [ RunTime:0.000578s ]
INFO: [ app_begin ] --START--
INFO: Run Behavior\ReadHtmlCacheBehavior [ RunTime:0.000804s ]
INFO: [ app_begin ] --END-- [ RunTime:0.000874s ]
ERR: 无法加载控制器:B

[ 2017-08-29T01:02:37+08:00 ] 127.0.0.1 /b?c1=1&c2=7290408&c3=1&c4=11&c5=&c6=&c7=http%3A%2F%2Fwww.iqiyi.com%2Fv_19rr7p0jss.html&c8=&c9=&c10=&c11=99d2e55bfeddffdb0286d3a3b7a7a64e
INFO: [ app_init ] --START--
INFO: Run Behavior\BuildLiteBehavior [ RunTime:0.000016s ]
INFO: [ app_init ] --END-- [ RunTime:0.000463s ]
INFO: [ app_begin ] --START--
INFO: Run Behavior\ReadHtmlCacheBehavior [ RunTime:0.000750s ]
INFO: [ app_begin ] --END-- [ RunTime:0.000825s ]
ERR: 无法加载控制器:B

