[ 2017-04-18T02:02:27+08:00 ] 34.210.36.50 /user/help/novice.html
INFO: [ app_init ] --START--
INFO: Run Behavior\BuildLiteBehavior [ RunTime:0.000000s ]
INFO: [ app_init ] --END-- [ RunTime:0.000000s ]
INFO: [ app_begin ] --START--
INFO: Run Behavior\ReadHtmlCacheBehavior [ RunTime:0.000000s ]
INFO: [ app_begin ] --END-- [ RunTime:0.000000s ]
INFO: [ view_parse ] --START--
INFO: [ template_filter ] --START--
INFO: Run Behavior\ContentReplaceBehavior [ RunTime:0.000000s ]
INFO: [ template_filter ] --END-- [ RunTime:0.000000s ]
NOTIC: [8] Undefined variable: company_info F:\wwwroot\app\runtime\Cache\User\8a61cfdd7948497e287aa406c90f078e.php 第 22 行.
INFO: Run Behavior\ParseTemplateBehavior [ RunTime:0.046800s ]
INFO: [ view_parse ] --END-- [ RunTime:0.046800s ]
INFO: [ view_filter ] --START--
INFO: Run Behavior\WriteHtmlCacheBehavior [ RunTime:0.000000s ]
INFO: [ view_filter ] --END-- [ RunTime:0.000000s ]
INFO: [ app_end ] --START--
INFO: Run Behavior\ShowPageTraceBehavior [ RunTime:0.000000s ]
INFO: [ app_end ] --END-- [ RunTime:0.000000s ]

[ 2017-04-18T02:02:48+08:00 ] 34.210.36.50 /user/help/contact.html
INFO: [ app_init ] --START--
INFO: Run Behavior\BuildLiteBehavior [ RunTime:0.000000s ]
INFO: [ app_init ] --END-- [ RunTime:0.015600s ]
INFO: [ app_begin ] --START--
INFO: Run Behavior\ReadHtmlCacheBehavior [ RunTime:0.000000s ]
INFO: [ app_begin ] --END-- [ RunTime:0.000000s ]
INFO: [ view_parse ] --START--
INFO: [ template_filter ] --START--
INFO: Run Behavior\ContentReplaceBehavior [ RunTime:0.000000s ]
INFO: [ template_filter ] --END-- [ RunTime:0.000000s ]
NOTIC: [8] Undefined variable: company_info F:\wwwroot\app\runtime\Cache\User\a103de27474457f52559e1809139d648.php 第 22 行.
INFO: Run Behavior\ParseTemplateBehavior [ RunTime:0.015600s ]
INFO: [ view_parse ] --END-- [ RunTime:0.015600s ]
INFO: [ view_filter ] --START--
INFO: Run Behavior\WriteHtmlCacheBehavior [ RunTime:0.000000s ]
INFO: [ view_filter ] --END-- [ RunTime:0.000000s ]
INFO: [ app_end ] --START--
INFO: Run Behavior\ShowPageTraceBehavior [ RunTime:0.000000s ]
INFO: [ app_end ] --END-- [ RunTime:0.000000s ]

[ 2017-04-18T04:34:14+08:00 ] 40.77.167.21 /user/login.html
INFO: [ app_init ] --START--
INFO: Run Behavior\BuildLiteBehavior [ RunTime:0.000000s ]
INFO: [ app_init ] --END-- [ RunTime:0.000000s ]
INFO: [ app_begin ] --START--
INFO: Run Behavior\ReadHtmlCacheBehavior [ RunTime:0.000000s ]
INFO: [ app_begin ] --END-- [ RunTime:0.000000s ]
INFO: [ view_parse ] --START--
INFO: [ template_filter ] --START--
INFO: Run Behavior\ContentReplaceBehavior [ RunTime:0.000000s ]
INFO: [ template_filter ] --END-- [ RunTime:0.000000s ]
INFO: Run Behavior\ParseTemplateBehavior [ RunTime:0.031200s ]
INFO: [ view_parse ] --END-- [ RunTime:0.031200s ]
INFO: [ view_filter ] --START--
INFO: Run Behavior\WriteHtmlCacheBehavior [ RunTime:0.000000s ]
INFO: [ view_filter ] --END-- [ RunTime:0.000000s ]
INFO: [ app_end ] --START--
INFO: Run Behavior\ShowPageTraceBehavior [ RunTime:0.000000s ]
INFO: [ app_end ] --END-- [ RunTime:0.000000s ]

[ 2017-04-18T08:06:38+08:00 ] 49.67.209.182 /user/apply/index.html
INFO: [ app_init ] --START--
INFO: Run Behavior\BuildLiteBehavior [ RunTime:0.000000s ]
INFO: [ app_init ] --END-- [ RunTime:0.000000s ]
INFO: [ app_begin ] --START--
INFO: Run Behavior\ReadHtmlCacheBehavior [ RunTime:0.000000s ]
INFO: [ app_begin ] --END-- [ RunTime:0.000000s ]

[ 2017-04-18T08:06:38+08:00 ] 49.67.209.182 /user/login.html
INFO: [ app_init ] --START--
INFO: Run Behavior\BuildLiteBehavior [ RunTime:0.000000s ]
INFO: [ app_init ] --END-- [ RunTime:0.000000s ]
INFO: [ app_begin ] --START--
INFO: Run Behavior\ReadHtmlCacheBehavior [ RunTime:0.000000s ]
INFO: [ app_begin ] --END-- [ RunTime:0.000000s ]
INFO: [ view_parse ] --START--
INFO: [ template_filter ] --START--
INFO: Run Behavior\ContentReplaceBehavior [ RunTime:0.000000s ]
INFO: [ template_filter ] --END-- [ RunTime:0.000000s ]
INFO: Run Behavior\ParseTemplateBehavior [ RunTime:0.031200s ]
INFO: [ view_parse ] --END-- [ RunTime:0.031200s ]
INFO: [ view_filter ] --START--
INFO: Run Behavior\WriteHtmlCacheBehavior [ RunTime:0.000000s ]
INFO: [ view_filter ] --END-- [ RunTime:0.000000s ]
INFO: [ app_end ] --START--
INFO: Run Behavior\ShowPageTraceBehavior [ RunTime:0.015600s ]
INFO: [ app_end ] --END-- [ RunTime:0.015600s ]

[ 2017-04-18T08:28:35+08:00 ] 119.250.148.111 /user/login.html
INFO: [ app_init ] --START--
INFO: Run Behavior\BuildLiteBehavior [ RunTime:0.000000s ]
INFO: [ app_init ] --END-- [ RunTime:0.000000s ]
INFO: [ app_begin ] --START--
INFO: Run Behavior\ReadHtmlCacheBehavior [ RunTime:0.000000s ]
INFO: [ app_begin ] --END-- [ RunTime:0.000000s ]
INFO: [ view_parse ] --START--
INFO: [ template_filter ] --START--
INFO: Run Behavior\ContentReplaceBehavior [ RunTime:0.000000s ]
INFO: [ template_filter ] --END-- [ RunTime:0.000000s ]
INFO: Run Behavior\ParseTemplateBehavior [ RunTime:0.015600s ]
INFO: [ view_parse ] --END-- [ RunTime:0.015600s ]
INFO: [ view_filter ] --START--
INFO: Run Behavior\WriteHtmlCacheBehavior [ RunTime:0.000000s ]
INFO: [ view_filter ] --END-- [ RunTime:0.000000s ]
INFO: [ app_end ] --START--
INFO: Run Behavior\ShowPageTraceBehavior [ RunTime:0.000000s ]
INFO: [ app_end ] --END-- [ RunTime:0.000000s ]

[ 2017-04-18T08:28:35+08:00 ] 119.250.148.111 /User/Login/verify.html
INFO: [ app_init ] --START--
INFO: Run Behavior\BuildLiteBehavior [ RunTime:0.000000s ]
INFO: [ app_init ] --END-- [ RunTime:0.000000s ]
INFO: [ app_begin ] --START--
INFO: Run Behavior\ReadHtmlCacheBehavior [ RunTime:0.000000s ]
INFO: [ app_begin ] --END-- [ RunTime:0.000000s ]
INFO: [ app_end ] --START--
INFO: Run Behavior\ShowPageTraceBehavior [ RunTime:0.015600s ]
INFO: [ app_end ] --END-- [ RunTime:0.015600s ]

[ 2017-04-18T08:28:44+08:00 ] 180.153.214.178 /user/login.html
INFO: [ app_init ] --START--
INFO: Run Behavior\BuildLiteBehavior [ RunTime:0.000000s ]
INFO: [ app_init ] --END-- [ RunTime:0.000000s ]
INFO: [ app_begin ] --START--
INFO: Run Behavior\ReadHtmlCacheBehavior [ RunTime:0.000000s ]
INFO: [ app_begin ] --END-- [ RunTime:0.000000s ]
INFO: [ view_parse ] --START--
INFO: [ template_filter ] --START--
INFO: Run Behavior\ContentReplaceBehavior [ RunTime:0.000000s ]
INFO: [ template_filter ] --END-- [ RunTime:0.000000s ]
INFO: Run Behavior\ParseTemplateBehavior [ RunTime:0.015600s ]
INFO: [ view_parse ] --END-- [ RunTime:0.015600s ]
INFO: [ view_filter ] --START--
INFO: Run Behavior\WriteHtmlCacheBehavior [ RunTime:0.000000s ]
INFO: [ view_filter ] --END-- [ RunTime:0.000000s ]
INFO: [ app_end ] --START--
INFO: Run Behavior\ShowPageTraceBehavior [ RunTime:0.000000s ]
INFO: [ app_end ] --END-- [ RunTime:0.000000s ]

[ 2017-04-18T08:28:45+08:00 ] 101.226.33.202 /User/Login/verify.html
INFO: [ app_init ] --START--
INFO: Run Behavior\BuildLiteBehavior [ RunTime:0.000000s ]
INFO: [ app_init ] --END-- [ RunTime:0.000000s ]
INFO: [ app_begin ] --START--
INFO: Run Behavior\ReadHtmlCacheBehavior [ RunTime:0.000000s ]
INFO: [ app_begin ] --END-- [ RunTime:0.000000s ]
INFO: [ app_end ] --START--
INFO: Run Behavior\ShowPageTraceBehavior [ RunTime:0.000000s ]
INFO: [ app_end ] --END-- [ RunTime:0.000000s ]

[ 2017-04-18T08:28:47+08:00 ] 119.250.148.111 /user/login/check_verify?code=rcdt
INFO: [ app_init ] --START--
INFO: Run Behavior\BuildLiteBehavior [ RunTime:0.000000s ]
INFO: [ app_init ] --END-- [ RunTime:0.000000s ]
INFO: [ app_begin ] --START--
INFO: Run Behavior\ReadHtmlCacheBehavior [ RunTime:0.000000s ]
INFO: [ app_begin ] --END-- [ RunTime:0.000000s ]
INFO: [ app_end ] --START--
INFO: Run Behavior\ShowPageTraceBehavior [ RunTime:0.000000s ]
INFO: [ app_end ] --END-- [ RunTime:0.000000s ]

[ 2017-04-18T08:28:47+08:00 ] 119.250.148.111 /user/login.html
INFO: [ app_init ] --START--
INFO: Run Behavior\BuildLiteBehavior [ RunTime:0.000000s ]
INFO: [ app_init ] --END-- [ RunTime:0.015601s ]
INFO: [ app_begin ] --START--
INFO: Run Behavior\ReadHtmlCacheBehavior [ RunTime:0.000000s ]
INFO: [ app_begin ] --END-- [ RunTime:0.000000s ]
SQL: SHOW COLUMNS FROM `wd_member` [ RunTime:0.0624s ]
SQL: SELECT `id`,`username`,`salt`,`password`,`group_id`,`forbidden`,`is_first_login`,`is_admin` FROM `wd_member` WHERE `username` = '123' LIMIT 1   [ RunTime:0.0156s ]
SQL: UPDATE `wd_member` SET `is_first_login`=is_first_login+1 WHERE `id` = 327 [ RunTime:0.0624s ]
SQL: UPDATE `wd_member` SET `last_login`='1492475327',`last_ip`='119.250.148.111' WHERE `id` = 327 [ RunTime:0.0000s ]

[ 2017-04-18T08:28:48+08:00 ] 119.250.148.111 /user/account/company.html
INFO: [ app_init ] --START--
INFO: Run Behavior\BuildLiteBehavior [ RunTime:0.000000s ]
INFO: [ app_init ] --END-- [ RunTime:0.000000s ]
INFO: [ app_begin ] --START--
INFO: Run Behavior\ReadHtmlCacheBehavior [ RunTime:0.000000s ]
INFO: [ app_begin ] --END-- [ RunTime:0.000000s ]
SQL: SHOW COLUMNS FROM `wd_auth_group_access` [ RunTime:0.0312s ]
SQL: SELECT `uid`,`group_id`,`title`,`rules` FROM wd_auth_group_access a INNER JOIN wd_auth_group g on a.group_id=g.id  WHERE ( a.uid='327' and g.status='1' )  [ RunTime:0.0936s ]
SQL: SHOW COLUMNS FROM `wd_auth_rule` [ RunTime:0.0156s ]
SQL: SELECT `condition`,`name` FROM `wd_auth_rule` WHERE `id` IN ('2','3','4','5','6','7','8','9','10','11','12','13','14','15','16','17','18') AND `type` = 1 AND `status` = 1  [ RunTime:0.0312s ]
SQL: SHOW COLUMNS FROM `wd_config` [ RunTime:0.0000s ]
SQL: SELECT `name`,`value` FROM `wd_config`  [ RunTime:0.0000s ]
SQL: SELECT `name`,`value` FROM `wd_config`  [ RunTime:0.0000s ]
SQL: SHOW COLUMNS FROM `wd_order` [ RunTime:0.0624s ]
SQL: SHOW COLUMNS FROM `wd_booth` [ RunTime:0.0156s ]
SQL: SELECT `id`,`type`,`status`,`ad_type`,`atime`,`bid` FROM `wd_order` WHERE `ad_type` = 1  [ RunTime:0.0156s ]
SQL: SHOW COLUMNS FROM `wd_pay` [ RunTime:0.0312s ]
SQL: SELECT * FROM `wd_pay` WHERE `pid` = '235' LIMIT 1   [ RunTime:0.0000s ]
SQL: SELECT * FROM `wd_pay` WHERE `pid` = '288' LIMIT 1   [ RunTime:0.0000s ]
SQL: SELECT * FROM `wd_pay` WHERE `pid` = '99' LIMIT 1   [ RunTime:0.0000s ]
SQL: SELECT * FROM `wd_pay` WHERE `pid` = '253' LIMIT 1   [ RunTime:0.0000s ]
SQL: SELECT * FROM `wd_pay` WHERE `pid` = '121' LIMIT 1   [ RunTime:0.0000s ]
SQL: SELECT * FROM `wd_pay` WHERE `pid` = '155' LIMIT 1   [ RunTime:0.0000s ]
SQL: SELECT * FROM `wd_pay` WHERE `pid` = '254' LIMIT 1   [ RunTime:0.0156s ]
SQL: SELECT * FROM `wd_pay` WHERE `pid` = '296' LIMIT 1   [ RunTime:0.0000s ]
SQL: SELECT * FROM `wd_pay` WHERE `pid` = '176' LIMIT 1   [ RunTime:0.0000s ]
SQL: SELECT * FROM `wd_pay` WHERE `pid` = '95' LIMIT 1   [ RunTime:0.0000s ]
SQL: SELECT * FROM `wd_pay` WHERE `pid` = '228' LIMIT 1   [ RunTime:0.0000s ]
SQL: SELECT * FROM `wd_pay` WHERE `pid` = '183' LIMIT 1   [ RunTime:0.0000s ]
SQL: SELECT * FROM `wd_pay` WHERE `pid` = '122' LIMIT 1   [ RunTime:0.0000s ]
SQL: SELECT * FROM `wd_pay` WHERE `pid` = '49' LIMIT 1   [ RunTime:0.0000s ]
SQL: SELECT * FROM `wd_pay` WHERE `pid` = '69' LIMIT 1   [ RunTime:0.0000s ]
SQL: SELECT * FROM `wd_pay` WHERE `pid` = '240' LIMIT 1   [ RunTime:0.0000s ]
SQL: SELECT * FROM `wd_pay` WHERE `pid` = '71' LIMIT 1   [ RunTime:0.0000s ]
SQL: SELECT * FROM `wd_pay` WHERE `pid` = '46' LIMIT 1   [ RunTime:0.0000s ]
SQL: SELECT * FROM `wd_pay` WHERE `pid` = '115' LIMIT 1   [ RunTime:0.0000s ]
SQL: SELECT * FROM `wd_pay` WHERE `pid` = '189' LIMIT 1   [ RunTime:0.0000s ]
SQL: SELECT * FROM `wd_pay` WHERE `pid` = '66' LIMIT 1   [ RunTime:0.0000s ]
SQL: SELECT * FROM `wd_pay` WHERE `pid` = '161' LIMIT 1   [ RunTime:0.0000s ]
SQL: SELECT * FROM `wd_pay` WHERE `pid` = '147' LIMIT 1   [ RunTime:0.0000s ]
SQL: SELECT * FROM `wd_pay` WHERE `pid` = '236' LIMIT 1   [ RunTime:0.0000s ]
SQL: SELECT * FROM `wd_pay` WHERE `pid` = '124' LIMIT 1   [ RunTime:0.0000s ]
SQL: SELECT * FROM `wd_pay` WHERE `pid` = '100' LIMIT 1   [ RunTime:0.0000s ]
SQL: SELECT * FROM `wd_pay` WHERE `pid` = '93' LIMIT 1   [ RunTime:0.0000s ]
SQL: SELECT * FROM `wd_pay` WHERE `pid` = '195' LIMIT 1   [ RunTime:0.0000s ]
SQL: SELECT * FROM `wd_pay` WHERE `pid` = '320' LIMIT 1   [ RunTime:0.0000s ]
SQL: SELECT * FROM `wd_pay` WHERE `pid` = '211' LIMIT 1   [ RunTime:0.0000s ]
SQL: SELECT * FROM `wd_pay` WHERE `pid` = '322' LIMIT 1   [ RunTime:0.0156s ]
SQL: SELECT * FROM `wd_pay` WHERE `pid` = '238' LIMIT 1   [ RunTime:0.0000s ]
SQL: SELECT * FROM `wd_pay` WHERE `pid` = '261' LIMIT 1   [ RunTime:0.0000s ]
SQL: SELECT * FROM `wd_pay` WHERE `pid` = '164' LIMIT 1   [ RunTime:0.0000s ]
SQL: SELECT * FROM `wd_pay` WHERE `pid` = '145' LIMIT 1   [ RunTime:0.0000s ]
SQL: SELECT * FROM `wd_pay` WHERE `pid` = '44' LIMIT 1   [ RunTime:0.0000s ]
SQL: SELECT * FROM `wd_pay` WHERE `pid` = '286' LIMIT 1   [ RunTime:0.0000s ]
SQL: SELECT * FROM `wd_pay` WHERE `pid` = '270' LIMIT 1   [ RunTime:0.0000s ]
SQL: SELECT * FROM `wd_pay` WHERE `pid` = '179' LIMIT 1   [ RunTime:0.0000s ]
SQL: SELECT * FROM `wd_pay` WHERE `pid` = '292' LIMIT 1   [ RunTime:0.0000s ]
SQL: SELECT * FROM `wd_pay` WHERE `pid` = '229' LIMIT 1   [ RunTime:0.0000s ]
SQL: SELECT * FROM `wd_pay` WHERE `pid` = '198' LIMIT 1   [ RunTime:0.0000s ]
SQL: SELECT * FROM `wd_pay` WHERE `pid` = '246' LIMIT 1   [ RunTime:0.0000s ]
SQL: SELECT * FROM `wd_pay` WHERE `pid` = '202' LIMIT 1   [ RunTime:0.0000s ]
SQL: SELECT * FROM `wd_pay` WHERE `pid` = '257' LIMIT 1   [ RunTime:0.0000s ]
SQL: SELECT * FROM `wd_pay` WHERE `pid` = '112' LIMIT 1   [ RunTime:0.0000s ]
SQL: SELECT * FROM `wd_pay` WHERE `pid` = '138' LIMIT 1   [ RunTime:0.0000s ]
SQL: SELECT * FROM `wd_pay` WHERE `pid` = '186' LIMIT 1   [ RunTime:0.0000s ]
SQL: SELECT * FROM `wd_pay` WHERE `pid` = '271' LIMIT 1   [ RunTime:0.0000s ]
SQL: SELECT * FROM `wd_pay` WHERE `pid` = '193' LIMIT 1   [ RunTime:0.0156s ]
SQL: SELECT * FROM `wd_pay` WHERE `pid` = '118' LIMIT 1   [ RunTime:0.0000s ]
SQL: SELECT * FROM `wd_pay` WHERE `pid` = '154' LIMIT 1   [ RunTime:0.0000s ]
SQL: SELECT * FROM `wd_pay` WHERE `pid` = '343' LIMIT 1   [ RunTime:0.0000s ]
SQL: SELECT * FROM `wd_pay` WHERE `pid` = '205' LIMIT 1   [ RunTime:0.0000s ]
SQL: SELECT * FROM `wd_pay` WHERE `pid` = '178' LIMIT 1   [ RunTime:0.0000s ]
SQL: SELECT * FROM `wd_pay` WHERE `pid` = '274' LIMIT 1   [ RunTime:0.0000s ]
SQL: SELECT * FROM `wd_pay` WHERE `pid` = '241' LIMIT 1   [ RunTime:0.0000s ]
SQL: SELECT * FROM `wd_pay` WHERE `pid` = '350' LIMIT 1   [ RunTime:0.0000s ]
SQL: SELECT * FROM `wd_pay` WHERE `pid` = '266' LIMIT 1   [ RunTime:0.0000s ]
SQL: SELECT * FROM `wd_pay` WHERE `pid` = '262' LIMIT 1   [ RunTime:0.0000s ]
SQL: SELECT * FROM `wd_pay` WHERE `pid` = '151' LIMIT 1   [ RunTime:0.0000s ]
SQL: SELECT * FROM `wd_pay` WHERE `pid` = '231' LIMIT 1   [ RunTime:0.0000s ]
SQL: SELECT * FROM `wd_pay` WHERE `pid` = '68' LIMIT 1   [ RunTime:0.0000s ]
SQL: SELECT * FROM `wd_pay` WHERE `pid` = '244' LIMIT 1   [ RunTime:0.0000s ]
SQL: SELECT * FROM `wd_pay` WHERE `pid` = '312' LIMIT 1   [ RunTime:0.0000s ]
SQL: SELECT * FROM `wd_pay` WHERE `pid` = '57' LIMIT 1   [ RunTime:0.0000s ]
SQL: SELECT * FROM `wd_pay` WHERE `pid` = '137' LIMIT 1   [ RunTime:0.0000s ]
SQL: SELECT * FROM `wd_pay` WHERE `pid` = '192' LIMIT 1   [ RunTime:0.0000s ]
SQL: SELECT * FROM `wd_pay` WHERE `pid` = '58' LIMIT 1   [ RunTime:0.0000s ]
SQL: SELECT * FROM `wd_pay` WHERE `pid` = '89' LIMIT 1   [ RunTime:0.0156s ]
SQL: SELECT * FROM `wd_pay` WHERE `pid` = '60' LIMIT 1   [ RunTime:0.0000s ]
SQL: SELECT * FROM `wd_pay` WHERE `pid` = '185' LIMIT 1   [ RunTime:0.0000s ]
SQL: SELECT * FROM `wd_pay` WHERE `pid` = '146' LIMIT 1   [ RunTime:0.0000s ]
SQL: SELECT * FROM `wd_pay` WHERE `pid` = '91' LIMIT 1   [ RunTime:0.0000s ]
SQL: SELECT * FROM `wd_pay` WHERE `pid` = '190' LIMIT 1   [ RunTime:0.0000s ]
SQL: SELECT * FROM `wd_pay` WHERE `pid` = '358' LIMIT 1   [ RunTime:0.0000s ]
SQL: SELECT * FROM `wd_pay` WHERE `pid` = '247' LIMIT 1   [ RunTime:0.0000s ]
SQL: SELECT * FROM `wd_pay` WHERE `pid` = '351' LIMIT 1   [ RunTime:0.0000s ]
SQL: SELECT * FROM `wd_pay` WHERE `pid` = '203' LIMIT 1   [ RunTime:0.0000s ]
SQL: SELECT * FROM `wd_pay` WHERE `pid` = '191' LIMIT 1   [ RunTime:0.0000s ]
SQL: SELECT * FROM `wd_pay` WHERE `pid` = '222' LIMIT 1   [ RunTime:0.0000s ]
SQL: SELECT * FROM `wd_pay` WHERE `pid` = '209' LIMIT 1   [ RunTime:0.0000s ]
SQL: SELECT * FROM `wd_pay` WHERE `pid` = '158' LIMIT 1   [ RunTime:0.0000s ]
SQL: SELECT * FROM `wd_pay` WHERE `pid` = '61' LIMIT 1   [ RunTime:0.0000s ]
SQL: SELECT * FROM `wd_pay` WHERE `pid` = '215' LIMIT 1   [ RunTime:0.0000s ]
SQL: SELECT * FROM `wd_pay` WHERE `pid` = '162' LIMIT 1   [ RunTime:0.0000s ]
SQL: SELECT * FROM `wd_pay` WHERE `pid` = '204' LIMIT 1   [ RunTime:0.0000s ]
SQL: SELECT * FROM `wd_pay` WHERE `pid` = '197' LIMIT 1   [ RunTime:0.0000s ]
SQL: SELECT * FROM `wd_pay` WHERE `pid` = '141' LIMIT 1   [ RunTime:0.0000s ]
SQL: SELECT * FROM `wd_pay` WHERE `pid` = '268' LIMIT 1   [ RunTime:0.0000s ]
SQL: SELECT * FROM `wd_pay` WHERE `pid` = '135' LIMIT 1   [ RunTime:0.0000s ]
SQL: SELECT * FROM `wd_pay` WHERE `pid` = '173' LIMIT 1   [ RunTime:0.0000s ]
SQL: SELECT * FROM `wd_pay` WHERE `pid` = '136' LIMIT 1   [ RunTime:0.0000s ]
SQL: SELECT * FROM `wd_pay` WHERE `pid` = '87' LIMIT 1   [ RunTime:0.0000s ]
SQL: SELECT * FROM `wd_pay` WHERE `pid` = '227' LIMIT 1   [ RunTime:0.0000s ]
SQL: SELECT * FROM `wd_pay` WHERE `pid` = '250' LIMIT 1   [ RunTime:0.0000s ]
SQL: SELECT * FROM `wd_pay` WHERE `pid` = '392' LIMIT 1   [ RunTime:0.0000s ]
SQL: SELECT * FROM `wd_pay` WHERE `pid` = '224' LIMIT 1   [ RunTime:0.0000s ]
SQL: SELECT * FROM `wd_pay` WHERE `pid` = '140' LIMIT 1   [ RunTime:0.0000s ]
SQL: SELECT * FROM `wd_pay` WHERE `pid` = '223' LIMIT 1   [ RunTime:0.0000s ]
SQL: SELECT * FROM `wd_pay` WHERE `pid` = '105' LIMIT 1   [ RunTime:0.0000s ]
SQL: SELECT * FROM `wd_pay` WHERE `pid` = '156' LIMIT 1   [ RunTime:0.0000s ]
SQL: SELECT * FROM `wd_pay` WHERE `pid` = '72' LIMIT 1   [ RunTime:0.0000s ]
SQL: SELECT * FROM `wd_pay` WHERE `pid` = '94' LIMIT 1   [ RunTime:0.0000s ]
SQL: SELECT * FROM `wd_pay` WHERE `pid` = '109' LIMIT 1   [ RunTime:0.0000s ]
SQL: SELECT * FROM `wd_pay` WHERE `pid` = '139' LIMIT 1   [ RunTime:0.0000s ]
SQL: SELECT * FROM `wd_pay` WHERE `pid` = '317' LIMIT 1   [ RunTime:0.0000s ]
SQL: SELECT * FROM `wd_pay` WHERE `pid` = '329' LIMIT 1   [ RunTime:0.0000s ]
SQL: SELECT * FROM `wd_pay` WHERE `pid` = '303' LIMIT 1   [ RunTime:0.0000s ]
SQL: SELECT * FROM `wd_pay` WHERE `pid` = '328' LIMIT 1   [ RunTime:0.0000s ]
SQL: SELECT * FROM `wd_pay` WHERE `pid` = '313' LIMIT 1   [ RunTime:0.0000s ]
SQL: SELECT * FROM `wd_pay` WHERE `pid` = '533' LIMIT 1   [ RunTime:0.0000s ]
SQL: SELECT * FROM `wd_pay` WHERE `pid` = '307' LIMIT 1   [ RunTime:0.0000s ]
SQL: SELECT * FROM `wd_pay` WHERE `pid` = '500' LIMIT 1   [ RunTime:0.0000s ]
SQL: SELECT * FROM `wd_pay` WHERE `pid` = '435' LIMIT 1   [ RunTime:0.0000s ]
SQL: SELECT * FROM `wd_pay` WHERE `pid` = '515' LIMIT 1   [ RunTime:0.0000s ]
SQL: SELECT * FROM `wd_pay` WHERE `pid` = '113' LIMIT 1   [ RunTime:0.0000s ]
SQL: SELECT * FROM `wd_pay` WHERE `pid` = '450' LIMIT 1   [ RunTime:0.0000s ]
SQL: SELECT * FROM `wd_pay` WHERE `pid` = '441' LIMIT 1   [ RunTime:0.0000s ]
SQL: SELECT * FROM `wd_pay` WHERE `pid` = '535' LIMIT 1   [ RunTime:0.0000s ]
SQL: SELECT * FROM `wd_pay` WHERE `pid` = '525' LIMIT 1   [ RunTime:0.0000s ]
SQL: SELECT * FROM `wd_pay` WHERE `pid` = '543' LIMIT 1   [ RunTime:0.0000s ]
SQL: SELECT * FROM `wd_pay` WHERE `pid` = '438' LIMIT 1   [ RunTime:0.0000s ]
SQL: SELECT * FROM `wd_pay` WHERE `pid` = '439' LIMIT 1   [ RunTime:0.0000s ]
SQL: SELECT * FROM `wd_pay` WHERE `pid` = '368' LIMIT 1   [ RunTime:0.0000s ]
SQL: SELECT * FROM `wd_pay` WHERE `pid` = '519' LIMIT 1   [ RunTime:0.0156s ]
SQL: SELECT * FROM `wd_pay` WHERE `pid` = '517' LIMIT 1   [ RunTime:0.0000s ]
SQL: SELECT * FROM `wd_pay` WHERE `pid` = '440' LIMIT 1   [ RunTime:0.0000s ]
SQL: SELECT * FROM `wd_pay` WHERE `pid` = '107' LIMIT 1   [ RunTime:0.0000s ]
SQL: SELECT * FROM `wd_pay` WHERE `pid` = '499' LIMIT 1   [ RunTime:0.0000s ]
SQL: SELECT * FROM `wd_pay` WHERE `pid` = '522' LIMIT 1   [ RunTime:0.0000s ]
SQL: SELECT * FROM `wd_pay` WHERE `pid` = '518' LIMIT 1   [ RunTime:0.0000s ]
SQL: SELECT * FROM `wd_pay` WHERE `pid` = '526' LIMIT 1   [ RunTime:0.0000s ]
SQL: SELECT * FROM `wd_pay` WHERE `pid` = '520' LIMIT 1   [ RunTime:0.0000s ]
SQL: SELECT * FROM `wd_pay` WHERE `pid` = '382' LIMIT 1   [ RunTime:0.0000s ]
SQL: SELECT * FROM `wd_pay` WHERE `pid` = '524' LIMIT 1   [ RunTime:0.0000s ]
SQL: SELECT * FROM `wd_pay` WHERE `pid` = '453' LIMIT 1   [ RunTime:0.0000s ]
SQL: SELECT * FROM `wd_pay` WHERE `pid` = '373' LIMIT 1   [ RunTime:0.0000s ]
SQL: SELECT * FROM `wd_pay` WHERE `pid` = '318' LIMIT 1   [ RunTime:0.0000s ]
SQL: SELECT * FROM `wd_pay` WHERE `pid` = '355' LIMIT 1   [ RunTime:0.0000s ]
SQL: SELECT * FROM `wd_pay` WHERE `pid` = '443' LIMIT 1   [ RunTime:0.0000s ]
SQL: SELECT * FROM `wd_pay` WHERE `pid` = '388' LIMIT 1   [ RunTime:0.0000s ]
SQL: SELECT * FROM `wd_pay` WHERE `pid` = '432' LIMIT 1   [ RunTime:0.0000s ]
SQL: SELECT * FROM `wd_pay` WHERE `pid` = '457' LIMIT 1   [ RunTime:0.0000s ]
SQL: SELECT * FROM `wd_pay` WHERE `pid` = '391' LIMIT 1   [ RunTime:0.0000s ]
SQL: SELECT * FROM `wd_pay` WHERE `pid` = '371' LIMIT 1   [ RunTime:0.0000s ]
SQL: SELECT * FROM `wd_pay` WHERE `pid` = '374' LIMIT 1   [ RunTime:0.0000s ]
SQL: SELECT * FROM `wd_pay` WHERE `pid` = '458' LIMIT 1   [ RunTime:0.0000s ]
SQL: SELECT * FROM `wd_pay` WHERE `pid` = '445' LIMIT 1   [ RunTime:0.0000s ]
SQL: SELECT * FROM `wd_pay` WHERE `pid` = '534' LIMIT 1   [ RunTime:0.0000s ]
SQL: SELECT * FROM `wd_pay` WHERE `pid` = '389' LIMIT 1   [ RunTime:0.0000s ]
SQL: SELECT * FROM `wd_pay` WHERE `pid` = '377' LIMIT 1   [ RunTime:0.0000s ]
SQL: SELECT * FROM `wd_pay` WHERE `pid` = '436' LIMIT 1   [ RunTime:0.0000s ]
SQL: SELECT * FROM `wd_pay` WHERE `pid` = '516' LIMIT 1   [ RunTime:0.0000s ]
SQL: SELECT * FROM `wd_pay` WHERE `pid` = '383' LIMIT 1   [ RunTime:0.0000s ]
SQL: SELECT * FROM `wd_pay` WHERE `pid` = '390' LIMIT 1   [ RunTime:0.0000s ]
SQL: SELECT * FROM `wd_pay` WHERE `pid` = '448' LIMIT 1   [ RunTime:0.0000s ]
SQL: SELECT * FROM `wd_pay` WHERE `pid` = '378' LIMIT 1   [ RunTime:0.0000s ]
SQL: SELECT * FROM `wd_pay` WHERE `pid` = '546' LIMIT 1   [ RunTime:0.0000s ]
SQL: SELECT * FROM `wd_pay` WHERE `pid` = '527' LIMIT 1   [ RunTime:0.0000s ]
SQL: SELECT * FROM `wd_pay` WHERE `pid` = '444' LIMIT 1   [ RunTime:0.0000s ]
SQL: SELECT * FROM `wd_pay` WHERE `pid` = '175' LIMIT 1   [ RunTime:0.0000s ]
SQL: SHOW COLUMNS FROM `wd_member` [ RunTime:0.0156s ]
SQL: SELECT `cid` FROM `wd_member` WHERE `id` = 327 LIMIT 1   [ RunTime:0.0000s ]
SQL: SHOW COLUMNS FROM `wd_company` [ RunTime:0.0156s ]
SQL: SELECT * FROM `wd_company` WHERE `id` = 363 LIMIT 1   [ RunTime:0.0156s ]
SQL: SELECT `username` FROM `wd_member` WHERE `id` = 327 LIMIT 1   [ RunTime:0.0000s ]
SQL: SELECT COUNT(*) AS tp_count FROM `wd_order` WHERE `ad_type` = 1 AND `uid` = 327 AND `status` <> '1' LIMIT 1   [ RunTime:0.0000s ]
SQL: SELECT COUNT(*) AS tp_count FROM `wd_order` WHERE `ad_type` = 2 AND `uid` = 327 AND `status` <> '1' LIMIT 1   [ RunTime:0.0000s ]
SQL: SELECT * FROM `wd_member` WHERE `id` = 327 LIMIT 1   [ RunTime:0.0000s ]
SQL: SELECT * FROM `wd_company` WHERE `id` = 363 LIMIT 1   [ RunTime:0.0000s ]
INFO: [ view_parse ] --START--
INFO: [ template_filter ] --START--
INFO: Run Behavior\ContentReplaceBehavior [ RunTime:0.000000s ]
INFO: [ template_filter ] --END-- [ RunTime:0.000000s ]
SQL: SELECT `username` FROM `wd_member` WHERE `id` = 327 LIMIT 1   [ RunTime:0.0156s ]
NOTIC: [8] Undefined index: f_area_code F:\wwwroot\app\runtime\Cache\User\3cf85b3e4eb891543ca7cfe925097cea.php 第 136 行.
NOTIC: [8] Undefined index: c_area_code F:\wwwroot\app\runtime\Cache\User\3cf85b3e4eb891543ca7cfe925097cea.php 第 137 行.
INFO: Run Behavior\ParseTemplateBehavior [ RunTime:0.031200s ]
INFO: [ view_parse ] --END-- [ RunTime:0.031200s ]
INFO: [ view_filter ] --START--
INFO: Run Behavior\WriteHtmlCacheBehavior [ RunTime:0.000000s ]
INFO: [ view_filter ] --END-- [ RunTime:0.000000s ]
INFO: [ app_end ] --START--
INFO: Run Behavior\ShowPageTraceBehavior [ RunTime:0.000000s ]
INFO: [ app_end ] --END-- [ RunTime:0.000000s ]

[ 2017-04-18T08:28:52+08:00 ] 119.250.148.111 /user/account/password.html
INFO: [ app_init ] --START--
INFO: Run Behavior\BuildLiteBehavior [ RunTime:0.000000s ]
INFO: [ app_init ] --END-- [ RunTime:0.000000s ]
INFO: [ app_begin ] --START--
INFO: Run Behavior\ReadHtmlCacheBehavior [ RunTime:0.000000s ]
INFO: [ app_begin ] --END-- [ RunTime:0.000000s ]
SQL: SHOW COLUMNS FROM `wd_auth_group_access` [ RunTime:0.0000s ]
SQL: SELECT `uid`,`group_id`,`title`,`rules` FROM wd_auth_group_access a INNER JOIN wd_auth_group g on a.group_id=g.id  WHERE ( a.uid='327' and g.status='1' )  [ RunTime:0.0000s ]
SQL: SHOW COLUMNS FROM `wd_auth_rule` [ RunTime:0.0156s ]
SQL: SELECT `condition`,`name` FROM `wd_auth_rule` WHERE `id` IN ('2','3','4','5','6','7','8','9','10','11','12','13','14','15','16','17','18') AND `type` = 1 AND `status` = 1  [ RunTime:0.0000s ]
SQL: SHOW COLUMNS FROM `wd_config` [ RunTime:0.0000s ]
SQL: SELECT `name`,`value` FROM `wd_config`  [ RunTime:0.0000s ]
SQL: SELECT `name`,`value` FROM `wd_config`  [ RunTime:0.0000s ]
SQL: SHOW COLUMNS FROM `wd_order` [ RunTime:0.0000s ]
SQL: SHOW COLUMNS FROM `wd_booth` [ RunTime:0.0156s ]
SQL: SELECT `id`,`type`,`status`,`ad_type`,`atime`,`bid` FROM `wd_order` WHERE `ad_type` = 1  [ RunTime:0.0000s ]
SQL: SHOW COLUMNS FROM `wd_pay` [ RunTime:0.0000s ]
SQL: SELECT * FROM `wd_pay` WHERE `pid` = '235' LIMIT 1   [ RunTime:0.0000s ]
SQL: SELECT * FROM `wd_pay` WHERE `pid` = '288' LIMIT 1   [ RunTime:0.0000s ]
SQL: SELECT * FROM `wd_pay` WHERE `pid` = '99' LIMIT 1   [ RunTime:0.0000s ]
SQL: SELECT * FROM `wd_pay` WHERE `pid` = '253' LIMIT 1   [ RunTime:0.0000s ]
SQL: SELECT * FROM `wd_pay` WHERE `pid` = '121' LIMIT 1   [ RunTime:0.0000s ]
SQL: SELECT * FROM `wd_pay` WHERE `pid` = '155' LIMIT 1   [ RunTime:0.0000s ]
SQL: SELECT * FROM `wd_pay` WHERE `pid` = '254' LIMIT 1   [ RunTime:0.0000s ]
SQL: SELECT * FROM `wd_pay` WHERE `pid` = '296' LIMIT 1   [ RunTime:0.0000s ]
SQL: SELECT * FROM `wd_pay` WHERE `pid` = '176' LIMIT 1   [ RunTime:0.0000s ]
SQL: SELECT * FROM `wd_pay` WHERE `pid` = '95' LIMIT 1   [ RunTime:0.0156s ]
SQL: SELECT * FROM `wd_pay` WHERE `pid` = '228' LIMIT 1   [ RunTime:0.0000s ]
SQL: SELECT * FROM `wd_pay` WHERE `pid` = '183' LIMIT 1   [ RunTime:0.0000s ]
SQL: SELECT * FROM `wd_pay` WHERE `pid` = '122' LIMIT 1   [ RunTime:0.0000s ]
SQL: SELECT * FROM `wd_pay` WHERE `pid` = '49' LIMIT 1   [ RunTime:0.0000s ]
SQL: SELECT * FROM `wd_pay` WHERE `pid` = '69' LIMIT 1   [ RunTime:0.0000s ]
SQL: SELECT * FROM `wd_pay` WHERE `pid` = '240' LIMIT 1   [ RunTime:0.0000s ]
SQL: SELECT * FROM `wd_pay` WHERE `pid` = '71' LIMIT 1   [ RunTime:0.0000s ]
SQL: SELECT * FROM `wd_pay` WHERE `pid` = '46' LIMIT 1   [ RunTime:0.0000s ]
SQL: SELECT * FROM `wd_pay` WHERE `pid` = '115' LIMIT 1   [ RunTime:0.0000s ]
SQL: SELECT * FROM `wd_pay` WHERE `pid` = '189' LIMIT 1   [ RunTime:0.0000s ]
SQL: SELECT * FROM `wd_pay` WHERE `pid` = '66' LIMIT 1   [ RunTime:0.0000s ]
SQL: SELECT * FROM `wd_pay` WHERE `pid` = '161' LIMIT 1   [ RunTime:0.0000s ]
SQL: SELECT * FROM `wd_pay` WHERE `pid` = '147' LIMIT 1   [ RunTime:0.0000s ]
SQL: SELECT * FROM `wd_pay` WHERE `pid` = '236' LIMIT 1   [ RunTime:0.0000s ]
SQL: SELECT * FROM `wd_pay` WHERE `pid` = '124' LIMIT 1   [ RunTime:0.0000s ]
SQL: SELECT * FROM `wd_pay` WHERE `pid` = '100' LIMIT 1   [ RunTime:0.0000s ]
SQL: SELECT * FROM `wd_pay` WHERE `pid` = '93' LIMIT 1   [ RunTime:0.0000s ]
SQL: SELECT * FROM `wd_pay` WHERE `pid` = '195' LIMIT 1   [ RunTime:0.0000s ]
SQL: SELECT * FROM `wd_pay` WHERE `pid` = '320' LIMIT 1   [ RunTime:0.0156s ]
SQL: SELECT * FROM `wd_pay` WHERE `pid` = '211' LIMIT 1   [ RunTime:0.0000s ]
SQL: SELECT * FROM `wd_pay` WHERE `pid` = '322' LIMIT 1   [ RunTime:0.0000s ]
SQL: SELECT * FROM `wd_pay` WHERE `pid` = '238' LIMIT 1   [ RunTime:0.0000s ]
SQL: SELECT * FROM `wd_pay` WHERE `pid` = '261' LIMIT 1   [ RunTime:0.0000s ]
SQL: SELECT * FROM `wd_pay` WHERE `pid` = '164' LIMIT 1   [ RunTime:0.0000s ]
SQL: SELECT * FROM `wd_pay` WHERE `pid` = '145' LIMIT 1   [ RunTime:0.0000s ]
SQL: SELECT * FROM `wd_pay` WHERE `pid` = '44' LIMIT 1   [ RunTime:0.0000s ]
SQL: SELECT * FROM `wd_pay` WHERE `pid` = '286' LIMIT 1   [ RunTime:0.0000s ]
SQL: SELECT * FROM `wd_pay` WHERE `pid` = '270' LIMIT 1   [ RunTime:0.0000s ]
SQL: SELECT * FROM `wd_pay` WHERE `pid` = '179' LIMIT 1   [ RunTime:0.0000s ]
SQL: SELECT * FROM `wd_pay` WHERE `pid` = '292' LIMIT 1   [ RunTime:0.0000s ]
SQL: SELECT * FROM `wd_pay` WHERE `pid` = '229' LIMIT 1   [ RunTime:0.0000s ]
SQL: SELECT * FROM `wd_pay` WHERE `pid` = '198' LIMIT 1   [ RunTime:0.0000s ]
SQL: SELECT * FROM `wd_pay` WHERE `pid` = '246' LIMIT 1   [ RunTime:0.0000s ]
SQL: SELECT * FROM `wd_pay` WHERE `pid` = '202' LIMIT 1   [ RunTime:0.0000s ]
SQL: SELECT * FROM `wd_pay` WHERE `pid` = '257' LIMIT 1   [ RunTime:0.0000s ]
SQL: SELECT * FROM `wd_pay` WHERE `pid` = '112' LIMIT 1   [ RunTime:0.0000s ]
SQL: SELECT * FROM `wd_pay` WHERE `pid` = '138' LIMIT 1   [ RunTime:0.0000s ]
SQL: SELECT * FROM `wd_pay` WHERE `pid` = '186' LIMIT 1   [ RunTime:0.0156s ]
SQL: SELECT * FROM `wd_pay` WHERE `pid` = '271' LIMIT 1   [ RunTime:0.0000s ]
SQL: SELECT * FROM `wd_pay` WHERE `pid` = '193' LIMIT 1   [ RunTime:0.0000s ]
SQL: SELECT * FROM `wd_pay` WHERE `pid` = '118' LIMIT 1   [ RunTime:0.0000s ]
SQL: SELECT * FROM `wd_pay` WHERE `pid` = '154' LIMIT 1   [ RunTime:0.0000s ]
SQL: SELECT * FROM `wd_pay` WHERE `pid` = '343' LIMIT 1   [ RunTime:0.0000s ]
SQL: SELECT * FROM `wd_pay` WHERE `pid` = '205' LIMIT 1   [ RunTime:0.0000s ]
SQL: SELECT * FROM `wd_pay` WHERE `pid` = '178' LIMIT 1   [ RunTime:0.0000s ]
SQL: SELECT * FROM `wd_pay` WHERE `pid` = '274' LIMIT 1   [ RunTime:0.0000s ]
SQL: SELECT * FROM `wd_pay` WHERE `pid` = '241' LIMIT 1   [ RunTime:0.0000s ]
SQL: SELECT * FROM `wd_pay` WHERE `pid` = '350' LIMIT 1   [ RunTime:0.0000s ]
SQL: SELECT * FROM `wd_pay` WHERE `pid` = '266' LIMIT 1   [ RunTime:0.0000s ]
SQL: SELECT * FROM `wd_pay` WHERE `pid` = '262' LIMIT 1   [ RunTime:0.0000s ]
SQL: SELECT * FROM `wd_pay` WHERE `pid` = '151' LIMIT 1   [ RunTime:0.0000s ]
SQL: SELECT * FROM `wd_pay` WHERE `pid` = '231' LIMIT 1   [ RunTime:0.0000s ]
SQL: SELECT * FROM `wd_pay` WHERE `pid` = '68' LIMIT 1   [ RunTime:0.0000s ]
SQL: SELECT * FROM `wd_pay` WHERE `pid` = '244' LIMIT 1   [ RunTime:0.0000s ]
SQL: SELECT * FROM `wd_pay` WHERE `pid` = '312' LIMIT 1   [ RunTime:0.0000s ]
SQL: SELECT * FROM `wd_pay` WHERE `pid` = '57' LIMIT 1   [ RunTime:0.0000s ]
SQL: SELECT * FROM `wd_pay` WHERE `pid` = '137' LIMIT 1   [ RunTime:0.0156s ]
SQL: SELECT * FROM `wd_pay` WHERE `pid` = '192' LIMIT 1   [ RunTime:0.0000s ]
SQL: SELECT * FROM `wd_pay` WHERE `pid` = '58' LIMIT 1   [ RunTime:0.0000s ]
SQL: SELECT * FROM `wd_pay` WHERE `pid` = '89' LIMIT 1   [ RunTime:0.0000s ]
SQL: SELECT * FROM `wd_pay` WHERE `pid` = '60' LIMIT 1   [ RunTime:0.0000s ]
SQL: SELECT * FROM `wd_pay` WHERE `pid` = '185' LIMIT 1   [ RunTime:0.0000s ]
SQL: SELECT * FROM `wd_pay` WHERE `pid` = '146' LIMIT 1   [ RunTime:0.0000s ]
SQL: SELECT * FROM `wd_pay` WHERE `pid` = '91' LIMIT 1   [ RunTime:0.0000s ]
SQL: SELECT * FROM `wd_pay` WHERE `pid` = '190' LIMIT 1   [ RunTime:0.0000s ]
SQL: SELECT * FROM `wd_pay` WHERE `pid` = '358' LIMIT 1   [ RunTime:0.0000s ]
SQL: SELECT * FROM `wd_pay` WHERE `pid` = '247' LIMIT 1   [ RunTime:0.0000s ]
SQL: SELECT * FROM `wd_pay` WHERE `pid` = '351' LIMIT 1   [ RunTime:0.0000s ]
SQL: SELECT * FROM `wd_pay` WHERE `pid` = '203' LIMIT 1   [ RunTime:0.0000s ]
SQL: SELECT * FROM `wd_pay` WHERE `pid` = '191' LIMIT 1   [ RunTime:0.0000s ]
SQL: SELECT * FROM `wd_pay` WHERE `pid` = '222' LIMIT 1   [ RunTime:0.0000s ]
SQL: SELECT * FROM `wd_pay` WHERE `pid` = '209' LIMIT 1   [ RunTime:0.0000s ]
SQL: SELECT * FROM `wd_pay` WHERE `pid` = '158' LIMIT 1   [ RunTime:0.0000s ]
SQL: SELECT * FROM `wd_pay` WHERE `pid` = '61' LIMIT 1   [ RunTime:0.0000s ]
SQL: SELECT * FROM `wd_pay` WHERE `pid` = '215' LIMIT 1   [ RunTime:0.0000s ]
SQL: SELECT * FROM `wd_pay` WHERE `pid` = '162' LIMIT 1   [ RunTime:0.0000s ]
SQL: SELECT * FROM `wd_pay` WHERE `pid` = '204' LIMIT 1   [ RunTime:0.0000s ]
SQL: SELECT * FROM `wd_pay` WHERE `pid` = '197' LIMIT 1   [ RunTime:0.0000s ]
SQL: SELECT * FROM `wd_pay` WHERE `pid` = '141' LIMIT 1   [ RunTime:0.0000s ]
SQL: SELECT * FROM `wd_pay` WHERE `pid` = '268' LIMIT 1   [ RunTime:0.0000s ]
SQL: SELECT * FROM `wd_pay` WHERE `pid` = '135' LIMIT 1   [ RunTime:0.0000s ]
SQL: SELECT * FROM `wd_pay` WHERE `pid` = '173' LIMIT 1   [ RunTime:0.0000s ]
SQL: SELECT * FROM `wd_pay` WHERE `pid` = '136' LIMIT 1   [ RunTime:0.0000s ]
SQL: SELECT * FROM `wd_pay` WHERE `pid` = '87' LIMIT 1   [ RunTime:0.0000s ]
SQL: SELECT * FROM `wd_pay` WHERE `pid` = '227' LIMIT 1   [ RunTime:0.0000s ]
SQL: SELECT * FROM `wd_pay` WHERE `pid` = '250' LIMIT 1   [ RunTime:0.0000s ]
SQL: SELECT * FROM `wd_pay` WHERE `pid` = '392' LIMIT 1   [ RunTime:0.0000s ]
SQL: SELECT * FROM `wd_pay` WHERE `pid` = '224' LIMIT 1   [ RunTime:0.0000s ]
SQL: SELECT * FROM `wd_pay` WHERE `pid` = '140' LIMIT 1   [ RunTime:0.0000s ]
SQL: SELECT * FROM `wd_pay` WHERE `pid` = '223' LIMIT 1   [ RunTime:0.0000s ]
SQL: SELECT * FROM `wd_pay` WHERE `pid` = '105' LIMIT 1   [ RunTime:0.0000s ]
SQL: SELECT * FROM `wd_pay` WHERE `pid` = '156' LIMIT 1   [ RunTime:0.0000s ]
SQL: SELECT * FROM `wd_pay` WHERE `pid` = '72' LIMIT 1   [ RunTime:0.0000s ]
SQL: SELECT * FROM `wd_pay` WHERE `pid` = '94' LIMIT 1   [ RunTime:0.0000s ]
SQL: SELECT * FROM `wd_pay` WHERE `pid` = '109' LIMIT 1   [ RunTime:0.0000s ]
SQL: SELECT * FROM `wd_pay` WHERE `pid` = '139' LIMIT 1   [ RunTime:0.0000s ]
SQL: SELECT * FROM `wd_pay` WHERE `pid` = '317' LIMIT 1   [ RunTime:0.0000s ]
SQL: SELECT * FROM `wd_pay` WHERE `pid` = '329' LIMIT 1   [ RunTime:0.0000s ]
SQL: SELECT * FROM `wd_pay` WHERE `pid` = '303' LIMIT 1   [ RunTime:0.0000s ]
SQL: SELECT * FROM `wd_pay` WHERE `pid` = '328' LIMIT 1   [ RunTime:0.0000s ]
SQL: SELECT * FROM `wd_pay` WHERE `pid` = '313' LIMIT 1   [ RunTime:0.0000s ]
SQL: SELECT * FROM `wd_pay` WHERE `pid` = '533' LIMIT 1   [ RunTime:0.0000s ]
SQL: SELECT * FROM `wd_pay` WHERE `pid` = '307' LIMIT 1   [ RunTime:0.0000s ]
SQL: SELECT * FROM `wd_pay` WHERE `pid` = '500' LIMIT 1   [ RunTime:0.0000s ]
SQL: SELECT * FROM `wd_pay` WHERE `pid` = '435' LIMIT 1   [ RunTime:0.0000s ]
SQL: SELECT * FROM `wd_pay` WHERE `pid` = '515' LIMIT 1   [ RunTime:0.0000s ]
SQL: SELECT * FROM `wd_pay` WHERE `pid` = '113' LIMIT 1   [ RunTime:0.0000s ]
SQL: SELECT * FROM `wd_pay` WHERE `pid` = '450' LIMIT 1   [ RunTime:0.0000s ]
SQL: SELECT * FROM `wd_pay` WHERE `pid` = '441' LIMIT 1   [ RunTime:0.0000s ]
SQL: SELECT * FROM `wd_pay` WHERE `pid` = '535' LIMIT 1   [ RunTime:0.0000s ]
SQL: SELECT * FROM `wd_pay` WHERE `pid` = '525' LIMIT 1   [ RunTime:0.0000s ]
SQL: SELECT * FROM `wd_pay` WHERE `pid` = '543' LIMIT 1   [ RunTime:0.0000s ]
SQL: SELECT * FROM `wd_pay` WHERE `pid` = '438' LIMIT 1   [ RunTime:0.0000s ]
SQL: SELECT * FROM `wd_pay` WHERE `pid` = '439' LIMIT 1   [ RunTime:0.0000s ]
SQL: SELECT * FROM `wd_pay` WHERE `pid` = '368' LIMIT 1   [ RunTime:0.0000s ]
SQL: SELECT * FROM `wd_pay` WHERE `pid` = '519' LIMIT 1   [ RunTime:0.0000s ]
SQL: SELECT * FROM `wd_pay` WHERE `pid` = '517' LIMIT 1   [ RunTime:0.0000s ]
SQL: SELECT * FROM `wd_pay` WHERE `pid` = '440' LIMIT 1   [ RunTime:0.0000s ]
SQL: SELECT * FROM `wd_pay` WHERE `pid` = '107' LIMIT 1   [ RunTime:0.0000s ]
SQL: SELECT * FROM `wd_pay` WHERE `pid` = '499' LIMIT 1   [ RunTime:0.0000s ]
SQL: SELECT * FROM `wd_pay` WHERE `pid` = '522' LIMIT 1   [ RunTime:0.0000s ]
SQL: SELECT * FROM `wd_pay` WHERE `pid` = '518' LIMIT 1   [ RunTime:0.0000s ]
SQL: SELECT * FROM `wd_pay` WHERE `pid` = '526' LIMIT 1   [ RunTime:0.0000s ]
SQL: SELECT * FROM `wd_pay` WHERE `pid` = '520' LIMIT 1   [ RunTime:0.0000s ]
SQL: SELECT * FROM `wd_pay` WHERE `pid` = '382' LIMIT 1   [ RunTime:0.0000s ]
SQL: SELECT * FROM `wd_pay` WHERE `pid` = '524' LIMIT 1   [ RunTime:0.0000s ]
SQL: SELECT * FROM `wd_pay` WHERE `pid` = '453' LIMIT 1   [ RunTime:0.0000s ]
SQL: SELECT * FROM `wd_pay` WHERE `pid` = '373' LIMIT 1   [ RunTime:0.0000s ]
SQL: SELECT * FROM `wd_pay` WHERE `pid` = '318' LIMIT 1   [ RunTime:0.0000s ]
SQL: SELECT * FROM `wd_pay` WHERE `pid` = '355' LIMIT 1   [ RunTime:0.0000s ]
SQL: SELECT * FROM `wd_pay` WHERE `pid` = '443' LIMIT 1   [ RunTime:0.0156s ]
SQL: SELECT * FROM `wd_pay` WHERE `pid` = '388' LIMIT 1   [ RunTime:0.0000s ]
SQL: SELECT * FROM `wd_pay` WHERE `pid` = '432' LIMIT 1   [ RunTime:0.0000s ]
SQL: SELECT * FROM `wd_pay` WHERE `pid` = '457' LIMIT 1   [ RunTime:0.0000s ]
SQL: SELECT * FROM `wd_pay` WHERE `pid` = '391' LIMIT 1   [ RunTime:0.0000s ]
SQL: SELECT * FROM `wd_pay` WHERE `pid` = '371' LIMIT 1   [ RunTime:0.0000s ]
SQL: SELECT * FROM `wd_pay` WHERE `pid` = '374' LIMIT 1   [ RunTime:0.0000s ]
SQL: SELECT * FROM `wd_pay` WHERE `pid` = '458' LIMIT 1   [ RunTime:0.0000s ]
SQL: SELECT * FROM `wd_pay` WHERE `pid` = '445' LIMIT 1   [ RunTime:0.0000s ]
SQL: SELECT * FROM `wd_pay` WHERE `pid` = '534' LIMIT 1   [ RunTime:0.0000s ]
SQL: SELECT * FROM `wd_pay` WHERE `pid` = '389' LIMIT 1   [ RunTime:0.0000s ]
SQL: SELECT * FROM `wd_pay` WHERE `pid` = '377' LIMIT 1   [ RunTime:0.0000s ]
SQL: SELECT * FROM `wd_pay` WHERE `pid` = '436' LIMIT 1   [ RunTime:0.0000s ]
SQL: SELECT * FROM `wd_pay` WHERE `pid` = '516' LIMIT 1   [ RunTime:0.0000s ]
SQL: SELECT * FROM `wd_pay` WHERE `pid` = '383' LIMIT 1   [ RunTime:0.0000s ]
SQL: SELECT * FROM `wd_pay` WHERE `pid` = '390' LIMIT 1   [ RunTime:0.0000s ]
SQL: SELECT * FROM `wd_pay` WHERE `pid` = '448' LIMIT 1   [ RunTime:0.0000s ]
SQL: SELECT * FROM `wd_pay` WHERE `pid` = '378' LIMIT 1   [ RunTime:0.0000s ]
SQL: SELECT * FROM `wd_pay` WHERE `pid` = '546' LIMIT 1   [ RunTime:0.0000s ]
SQL: SELECT * FROM `wd_pay` WHERE `pid` = '527' LIMIT 1   [ RunTime:0.0000s ]
SQL: SELECT * FROM `wd_pay` WHERE `pid` = '444' LIMIT 1   [ RunTime:0.0000s ]
SQL: SELECT * FROM `wd_pay` WHERE `pid` = '175' LIMIT 1   [ RunTime:0.0000s ]
INFO: [ view_parse ] --START--
INFO: [ template_filter ] --START--
INFO: Run Behavior\ContentReplaceBehavior [ RunTime:0.000000s ]
INFO: [ template_filter ] --END-- [ RunTime:0.000000s ]
SQL: SHOW COLUMNS FROM `wd_member` [ RunTime:0.0000s ]
SQL: SELECT `username` FROM `wd_member` WHERE `id` = 327 LIMIT 1   [ RunTime:0.0000s ]
INFO: Run Behavior\ParseTemplateBehavior [ RunTime:0.031200s ]
INFO: [ view_parse ] --END-- [ RunTime:0.031200s ]
INFO: [ view_filter ] --START--
INFO: Run Behavior\WriteHtmlCacheBehavior [ RunTime:0.000000s ]
INFO: [ view_filter ] --END-- [ RunTime:0.000000s ]
INFO: [ app_end ] --START--
INFO: Run Behavior\ShowPageTraceBehavior [ RunTime:0.000000s ]
INFO: [ app_end ] --END-- [ RunTime:0.000000s ]

[ 2017-04-18T08:28:57+08:00 ] 180.153.214.180 /user/login/check_verify?code=rcdt
INFO: [ app_init ] --START--
INFO: Run Behavior\BuildLiteBehavior [ RunTime:0.000000s ]
INFO: [ app_init ] --END-- [ RunTime:0.000000s ]
INFO: [ app_begin ] --START--
INFO: Run Behavior\ReadHtmlCacheBehavior [ RunTime:0.000000s ]
INFO: [ app_begin ] --END-- [ RunTime:0.000000s ]
INFO: [ app_end ] --START--
INFO: Run Behavior\ShowPageTraceBehavior [ RunTime:0.000000s ]
INFO: [ app_end ] --END-- [ RunTime:0.000000s ]

[ 2017-04-18T08:29:02+08:00 ] 101.226.33.239 /user/account/password.html
INFO: [ app_init ] --START--
INFO: Run Behavior\BuildLiteBehavior [ RunTime:0.000000s ]
INFO: [ app_init ] --END-- [ RunTime:0.015600s ]
INFO: [ app_begin ] --START--
INFO: Run Behavior\ReadHtmlCacheBehavior [ RunTime:0.000000s ]
INFO: [ app_begin ] --END-- [ RunTime:0.000000s ]

[ 2017-04-18T08:29:02+08:00 ] 101.226.33.239 /user/login.html
INFO: [ app_init ] --START--
INFO: Run Behavior\BuildLiteBehavior [ RunTime:0.000000s ]
INFO: [ app_init ] --END-- [ RunTime:0.000000s ]
INFO: [ app_begin ] --START--
INFO: Run Behavior\ReadHtmlCacheBehavior [ RunTime:0.000000s ]
INFO: [ app_begin ] --END-- [ RunTime:0.000000s ]
INFO: [ view_parse ] --START--
INFO: [ template_filter ] --START--
INFO: Run Behavior\ContentReplaceBehavior [ RunTime:0.000000s ]
INFO: [ template_filter ] --END-- [ RunTime:0.000000s ]
INFO: Run Behavior\ParseTemplateBehavior [ RunTime:0.015600s ]
INFO: [ view_parse ] --END-- [ RunTime:0.015600s ]
INFO: [ view_filter ] --START--
INFO: Run Behavior\WriteHtmlCacheBehavior [ RunTime:0.000000s ]
INFO: [ view_filter ] --END-- [ RunTime:0.000000s ]
INFO: [ app_end ] --START--
INFO: Run Behavior\ShowPageTraceBehavior [ RunTime:0.000000s ]
INFO: [ app_end ] --END-- [ RunTime:0.000000s ]

[ 2017-04-18T08:29:03+08:00 ] 101.226.69.246 /user/account/company.html
INFO: [ app_init ] --START--
INFO: Run Behavior\BuildLiteBehavior [ RunTime:0.000000s ]
INFO: [ app_init ] --END-- [ RunTime:0.000000s ]
INFO: [ app_begin ] --START--
INFO: Run Behavior\ReadHtmlCacheBehavior [ RunTime:0.000000s ]
INFO: [ app_begin ] --END-- [ RunTime:0.000000s ]

[ 2017-04-18T08:29:03+08:00 ] 101.226.69.246 /user/login.html
INFO: [ app_init ] --START--
INFO: Run Behavior\BuildLiteBehavior [ RunTime:0.000000s ]
INFO: [ app_init ] --END-- [ RunTime:0.000000s ]
INFO: [ app_begin ] --START--
INFO: Run Behavior\ReadHtmlCacheBehavior [ RunTime:0.000000s ]
INFO: [ app_begin ] --END-- [ RunTime:0.000000s ]
INFO: [ view_parse ] --START--
INFO: [ template_filter ] --START--
INFO: Run Behavior\ContentReplaceBehavior [ RunTime:0.000000s ]
INFO: [ template_filter ] --END-- [ RunTime:0.000000s ]
INFO: Run Behavior\ParseTemplateBehavior [ RunTime:0.015600s ]
INFO: [ view_parse ] --END-- [ RunTime:0.015600s ]
INFO: [ view_filter ] --START--
INFO: Run Behavior\WriteHtmlCacheBehavior [ RunTime:0.000000s ]
INFO: [ view_filter ] --END-- [ RunTime:0.000000s ]
INFO: [ app_end ] --START--
INFO: Run Behavior\ShowPageTraceBehavior [ RunTime:0.000000s ]
INFO: [ app_end ] --END-- [ RunTime:0.000000s ]

[ 2017-04-18T10:13:54+08:00 ] 123.126.113.87 /user/reg/step/1.html
INFO: [ app_init ] --START--
INFO: Run Behavior\BuildLiteBehavior [ RunTime:0.000000s ]
INFO: [ app_init ] --END-- [ RunTime:0.000000s ]
INFO: [ app_begin ] --START--
INFO: Run Behavior\ReadHtmlCacheBehavior [ RunTime:0.000000s ]
INFO: [ app_begin ] --END-- [ RunTime:0.000000s ]
SQL: SHOW COLUMNS FROM `wd_config` [ RunTime:0.0156s ]
SQL: SELECT `name`,`value` FROM `wd_config`  [ RunTime:0.0000s ]
SQL: SELECT `name`,`value` FROM `wd_config`  [ RunTime:0.0000s ]
INFO: [ view_parse ] --START--
INFO: [ template_filter ] --START--
INFO: Run Behavior\ContentReplaceBehavior [ RunTime:0.015600s ]
INFO: [ template_filter ] --END-- [ RunTime:0.015600s ]
INFO: Run Behavior\ParseTemplateBehavior [ RunTime:0.046800s ]
INFO: [ view_parse ] --END-- [ RunTime:0.046800s ]
INFO: [ view_filter ] --START--
INFO: Run Behavior\WriteHtmlCacheBehavior [ RunTime:0.000000s ]
INFO: [ view_filter ] --END-- [ RunTime:0.000000s ]
INFO: [ app_end ] --START--
INFO: Run Behavior\ShowPageTraceBehavior [ RunTime:0.000000s ]
INFO: [ app_end ] --END-- [ RunTime:0.000000s ]

[ 2017-04-18T10:32:34+08:00 ] 183.240.92.146 /user/help/news_detail/id/11.html
INFO: [ app_init ] --START--
INFO: Run Behavior\BuildLiteBehavior [ RunTime:0.000000s ]
INFO: [ app_init ] --END-- [ RunTime:0.000000s ]
INFO: [ app_begin ] --START--
INFO: Run Behavior\ReadHtmlCacheBehavior [ RunTime:0.000000s ]
INFO: [ app_begin ] --END-- [ RunTime:0.000000s ]
SQL: SHOW COLUMNS FROM `wd_news` [ RunTime:0.0000s ]
SQL: SELECT * FROM `wd_news` WHERE `id` = 11 LIMIT 1   [ RunTime:0.0000s ]
INFO: [ view_parse ] --START--
INFO: [ template_filter ] --START--
INFO: Run Behavior\ContentReplaceBehavior [ RunTime:0.000000s ]
INFO: [ template_filter ] --END-- [ RunTime:0.000000s ]
NOTIC: [8] Undefined variable: company_info F:\wwwroot\app\runtime\Cache\User\a814fe0b22649012eb05a336816af9e8.php 第 22 行.
INFO: Run Behavior\ParseTemplateBehavior [ RunTime:0.046800s ]
INFO: [ view_parse ] --END-- [ RunTime:0.046800s ]
INFO: [ view_filter ] --START--
INFO: Run Behavior\WriteHtmlCacheBehavior [ RunTime:0.000000s ]
INFO: [ view_filter ] --END-- [ RunTime:0.000000s ]
INFO: [ app_end ] --START--
INFO: Run Behavior\ShowPageTraceBehavior [ RunTime:0.000000s ]
INFO: [ app_end ] --END-- [ RunTime:0.000000s ]

[ 2017-04-18T11:13:30+08:00 ] 101.69.247.234 /user/booth/index.html
INFO: [ app_init ] --START--
INFO: Run Behavior\BuildLiteBehavior [ RunTime:0.000000s ]
INFO: [ app_init ] --END-- [ RunTime:0.000000s ]
INFO: [ app_begin ] --START--
INFO: Run Behavior\ReadHtmlCacheBehavior [ RunTime:0.000000s ]
INFO: [ app_begin ] --END-- [ RunTime:0.000000s ]

[ 2017-04-18T11:13:30+08:00 ] 101.69.247.234 /user/login.html
INFO: [ app_init ] --START--
INFO: Run Behavior\BuildLiteBehavior [ RunTime:0.000000s ]
INFO: [ app_init ] --END-- [ RunTime:0.000000s ]
INFO: [ app_begin ] --START--
INFO: Run Behavior\ReadHtmlCacheBehavior [ RunTime:0.000000s ]
INFO: [ app_begin ] --END-- [ RunTime:0.000000s ]
INFO: [ view_parse ] --START--
INFO: [ template_filter ] --START--
INFO: Run Behavior\ContentReplaceBehavior [ RunTime:0.000000s ]
INFO: [ template_filter ] --END-- [ RunTime:0.000000s ]
INFO: Run Behavior\ParseTemplateBehavior [ RunTime:0.015600s ]
INFO: [ view_parse ] --END-- [ RunTime:0.015600s ]
INFO: [ view_filter ] --START--
INFO: Run Behavior\WriteHtmlCacheBehavior [ RunTime:0.000000s ]
INFO: [ view_filter ] --END-- [ RunTime:0.000000s ]
INFO: [ app_end ] --START--
INFO: Run Behavior\ShowPageTraceBehavior [ RunTime:0.000000s ]
INFO: [ app_end ] --END-- [ RunTime:0.000000s ]

[ 2017-04-18T11:13:30+08:00 ] 101.69.247.234 /User/Login/verify.html
INFO: [ app_init ] --START--
INFO: Run Behavior\BuildLiteBehavior [ RunTime:0.000000s ]
INFO: [ app_init ] --END-- [ RunTime:0.000000s ]
INFO: [ app_begin ] --START--
INFO: Run Behavior\ReadHtmlCacheBehavior [ RunTime:0.000000s ]
INFO: [ app_begin ] --END-- [ RunTime:0.000000s ]
INFO: [ app_end ] --START--
INFO: Run Behavior\ShowPageTraceBehavior [ RunTime:0.000000s ]
INFO: [ app_end ] --END-- [ RunTime:0.000000s ]

[ 2017-04-18T11:15:24+08:00 ] 52.34.34.184 /user/help/novice.html
INFO: [ app_init ] --START--
INFO: Run Behavior\BuildLiteBehavior [ RunTime:0.000000s ]
INFO: [ app_init ] --END-- [ RunTime:0.000000s ]
INFO: [ app_begin ] --START--
INFO: Run Behavior\ReadHtmlCacheBehavior [ RunTime:0.015600s ]
INFO: [ app_begin ] --END-- [ RunTime:0.015600s ]
INFO: [ view_parse ] --START--
INFO: [ template_filter ] --START--
INFO: Run Behavior\ContentReplaceBehavior [ RunTime:0.000000s ]
INFO: [ template_filter ] --END-- [ RunTime:0.000000s ]
NOTIC: [8] Undefined variable: company_info F:\wwwroot\app\runtime\Cache\User\8a61cfdd7948497e287aa406c90f078e.php 第 22 行.
INFO: Run Behavior\ParseTemplateBehavior [ RunTime:0.015601s ]
INFO: [ view_parse ] --END-- [ RunTime:0.015601s ]
INFO: [ view_filter ] --START--
INFO: Run Behavior\WriteHtmlCacheBehavior [ RunTime:0.000000s ]
INFO: [ view_filter ] --END-- [ RunTime:0.000000s ]
INFO: [ app_end ] --START--
INFO: Run Behavior\ShowPageTraceBehavior [ RunTime:0.000000s ]
INFO: [ app_end ] --END-- [ RunTime:0.000000s ]

[ 2017-04-18T11:15:37+08:00 ] 52.34.34.184 /user/help/contact.html
INFO: [ app_init ] --START--
INFO: Run Behavior\BuildLiteBehavior [ RunTime:0.000000s ]
INFO: [ app_init ] --END-- [ RunTime:0.000000s ]
INFO: [ app_begin ] --START--
INFO: Run Behavior\ReadHtmlCacheBehavior [ RunTime:0.000000s ]
INFO: [ app_begin ] --END-- [ RunTime:0.000000s ]
INFO: [ view_parse ] --START--
INFO: [ template_filter ] --START--
INFO: Run Behavior\ContentReplaceBehavior [ RunTime:0.000000s ]
INFO: [ template_filter ] --END-- [ RunTime:0.000000s ]
NOTIC: [8] Undefined variable: company_info F:\wwwroot\app\runtime\Cache\User\a103de27474457f52559e1809139d648.php 第 22 行.
INFO: Run Behavior\ParseTemplateBehavior [ RunTime:0.000000s ]
INFO: [ view_parse ] --END-- [ RunTime:0.000000s ]
INFO: [ view_filter ] --START--
INFO: Run Behavior\WriteHtmlCacheBehavior [ RunTime:0.015600s ]
INFO: [ view_filter ] --END-- [ RunTime:0.015600s ]
INFO: [ app_end ] --START--
INFO: Run Behavior\ShowPageTraceBehavior [ RunTime:0.000000s ]
INFO: [ app_end ] --END-- [ RunTime:0.000000s ]

[ 2017-04-18T11:15:58+08:00 ] 101.69.247.234 /user/login/check_verify?code=cftw
INFO: [ app_init ] --START--
INFO: Run Behavior\BuildLiteBehavior [ RunTime:0.000000s ]
INFO: [ app_init ] --END-- [ RunTime:0.000000s ]
INFO: [ app_begin ] --START--
INFO: Run Behavior\ReadHtmlCacheBehavior [ RunTime:0.000000s ]
INFO: [ app_begin ] --END-- [ RunTime:0.000000s ]
INFO: [ app_end ] --START--
INFO: Run Behavior\ShowPageTraceBehavior [ RunTime:0.000000s ]
INFO: [ app_end ] --END-- [ RunTime:0.000000s ]

[ 2017-04-18T11:15:58+08:00 ] 101.69.247.234 /user/login.html
INFO: [ app_init ] --START--
INFO: Run Behavior\BuildLiteBehavior [ RunTime:0.000000s ]
INFO: [ app_init ] --END-- [ RunTime:0.000000s ]
INFO: [ app_begin ] --START--
INFO: Run Behavior\ReadHtmlCacheBehavior [ RunTime:0.000000s ]
INFO: [ app_begin ] --END-- [ RunTime:0.000000s ]
SQL: SHOW COLUMNS FROM `wd_member` [ RunTime:0.0156s ]
SQL: SELECT `id`,`username`,`salt`,`password`,`group_id`,`forbidden`,`is_first_login`,`is_admin` FROM `wd_member` WHERE `username` = '330110143278595' LIMIT 1   [ RunTime:0.0000s ]

[ 2017-04-18T11:16:05+08:00 ] 101.69.247.234 /user/login.html
INFO: [ app_init ] --START--
INFO: Run Behavior\BuildLiteBehavior [ RunTime:0.000000s ]
INFO: [ app_init ] --END-- [ RunTime:0.000000s ]
INFO: [ app_begin ] --START--
INFO: Run Behavior\ReadHtmlCacheBehavior [ RunTime:0.000000s ]
INFO: [ app_begin ] --END-- [ RunTime:0.000000s ]
SQL: SHOW COLUMNS FROM `wd_member` [ RunTime:0.0000s ]
SQL: SELECT `id`,`username`,`salt`,`password`,`group_id`,`forbidden`,`is_first_login`,`is_admin` FROM `wd_member` WHERE `username` = '913301101432785959' LIMIT 1   [ RunTime:0.0000s ]

[ 2017-04-18T11:16:08+08:00 ] 101.69.247.234 /user/reg/step/1.html
INFO: [ app_init ] --START--
INFO: Run Behavior\BuildLiteBehavior [ RunTime:0.000000s ]
INFO: [ app_init ] --END-- [ RunTime:0.000000s ]
INFO: [ app_begin ] --START--
INFO: Run Behavior\ReadHtmlCacheBehavior [ RunTime:0.000000s ]
INFO: [ app_begin ] --END-- [ RunTime:0.000000s ]
SQL: SHOW COLUMNS FROM `wd_config` [ RunTime:0.0000s ]
SQL: SELECT `name`,`value` FROM `wd_config`  [ RunTime:0.0000s ]
SQL: SELECT `name`,`value` FROM `wd_config`  [ RunTime:0.0000s ]
INFO: [ view_parse ] --START--
INFO: [ template_filter ] --START--
INFO: Run Behavior\ContentReplaceBehavior [ RunTime:0.000000s ]
INFO: [ template_filter ] --END-- [ RunTime:0.000000s ]
INFO: Run Behavior\ParseTemplateBehavior [ RunTime:0.015600s ]
INFO: [ view_parse ] --END-- [ RunTime:0.015600s ]
INFO: [ view_filter ] --START--
INFO: Run Behavior\WriteHtmlCacheBehavior [ RunTime:0.000000s ]
INFO: [ view_filter ] --END-- [ RunTime:0.000000s ]
INFO: [ app_end ] --START--
INFO: Run Behavior\ShowPageTraceBehavior [ RunTime:0.000000s ]
INFO: [ app_end ] --END-- [ RunTime:0.000000s ]

[ 2017-04-18T11:25:13+08:00 ] 101.69.247.234 /user/reg/step/1.html
INFO: [ app_init ] --START--
INFO: Run Behavior\BuildLiteBehavior [ RunTime:0.000000s ]
INFO: [ app_init ] --END-- [ RunTime:0.000000s ]
INFO: [ app_begin ] --START--
INFO: Run Behavior\ReadHtmlCacheBehavior [ RunTime:0.000000s ]
INFO: [ app_begin ] --END-- [ RunTime:0.000000s ]
SQL: SHOW COLUMNS FROM `wd_config` [ RunTime:0.0156s ]
SQL: SELECT `name`,`value` FROM `wd_config`  [ RunTime:0.0000s ]
SQL: SELECT `name`,`value` FROM `wd_config`  [ RunTime:0.0000s ]
SQL: SHOW COLUMNS FROM `wd_company` [ RunTime:0.0000s ]

[ 2017-04-18T11:26:19+08:00 ] 101.69.247.234 /user/reg/step/1.html
INFO: [ app_init ] --START--
INFO: Run Behavior\BuildLiteBehavior [ RunTime:0.000000s ]
INFO: [ app_init ] --END-- [ RunTime:0.000000s ]
INFO: [ app_begin ] --START--
INFO: Run Behavior\ReadHtmlCacheBehavior [ RunTime:0.000000s ]
INFO: [ app_begin ] --END-- [ RunTime:0.000000s ]
SQL: SHOW COLUMNS FROM `wd_config` [ RunTime:0.0000s ]
SQL: SELECT `name`,`value` FROM `wd_config`  [ RunTime:0.0000s ]
SQL: SELECT `name`,`value` FROM `wd_config`  [ RunTime:0.0000s ]
SQL: SHOW COLUMNS FROM `wd_company` [ RunTime:0.0000s ]

[ 2017-04-18T11:27:23+08:00 ] 101.69.247.234 /user/reg/step/1.html
INFO: [ app_init ] --START--
INFO: Run Behavior\BuildLiteBehavior [ RunTime:0.000000s ]
INFO: [ app_init ] --END-- [ RunTime:0.000000s ]
INFO: [ app_begin ] --START--
INFO: Run Behavior\ReadHtmlCacheBehavior [ RunTime:0.000000s ]
INFO: [ app_begin ] --END-- [ RunTime:0.000000s ]
SQL: SHOW COLUMNS FROM `wd_config` [ RunTime:0.0156s ]
SQL: SELECT `name`,`value` FROM `wd_config`  [ RunTime:0.0000s ]
SQL: SELECT `name`,`value` FROM `wd_config`  [ RunTime:0.0000s ]
SQL: SHOW COLUMNS FROM `wd_company` [ RunTime:0.0000s ]

[ 2017-04-18T11:27:25+08:00 ] 101.69.247.234 /user/reg/step/1.html
INFO: [ app_init ] --START--
INFO: Run Behavior\BuildLiteBehavior [ RunTime:0.000000s ]
INFO: [ app_init ] --END-- [ RunTime:0.000000s ]
INFO: [ app_begin ] --START--
INFO: Run Behavior\ReadHtmlCacheBehavior [ RunTime:0.000000s ]
INFO: [ app_begin ] --END-- [ RunTime:0.000000s ]
SQL: SHOW COLUMNS FROM `wd_config` [ RunTime:0.0000s ]
SQL: SELECT `name`,`value` FROM `wd_config`  [ RunTime:0.0000s ]
SQL: SELECT `name`,`value` FROM `wd_config`  [ RunTime:0.0000s ]
SQL: SHOW COLUMNS FROM `wd_company` [ RunTime:0.0156s ]

[ 2017-04-18T11:31:31+08:00 ] 101.69.247.234 /user/reg/step/1.html
INFO: [ app_init ] --START--
INFO: Run Behavior\BuildLiteBehavior [ RunTime:0.000000s ]
INFO: [ app_init ] --END-- [ RunTime:0.000000s ]
INFO: [ app_begin ] --START--
INFO: Run Behavior\ReadHtmlCacheBehavior [ RunTime:0.000000s ]
INFO: [ app_begin ] --END-- [ RunTime:0.000000s ]
SQL: SHOW COLUMNS FROM `wd_config` [ RunTime:0.0000s ]
SQL: SELECT `name`,`value` FROM `wd_config`  [ RunTime:0.0000s ]
SQL: SELECT `name`,`value` FROM `wd_config`  [ RunTime:0.0000s ]
SQL: SHOW COLUMNS FROM `wd_company` [ RunTime:0.0156s ]

[ 2017-04-18T11:31:51+08:00 ] 101.69.247.234 /user/booth/index.html
INFO: [ app_init ] --START--
INFO: Run Behavior\BuildLiteBehavior [ RunTime:0.000000s ]
INFO: [ app_init ] --END-- [ RunTime:0.000000s ]
INFO: [ app_begin ] --START--
INFO: Run Behavior\ReadHtmlCacheBehavior [ RunTime:0.000000s ]
INFO: [ app_begin ] --END-- [ RunTime:0.000000s ]

[ 2017-04-18T11:31:51+08:00 ] 101.69.247.234 /user/login.html
INFO: [ app_init ] --START--
INFO: Run Behavior\BuildLiteBehavior [ RunTime:0.000000s ]
INFO: [ app_init ] --END-- [ RunTime:0.000000s ]
INFO: [ app_begin ] --START--
INFO: Run Behavior\ReadHtmlCacheBehavior [ RunTime:0.000000s ]
INFO: [ app_begin ] --END-- [ RunTime:0.000000s ]
INFO: [ view_parse ] --START--
INFO: [ template_filter ] --START--
INFO: Run Behavior\ContentReplaceBehavior [ RunTime:0.000000s ]
INFO: [ template_filter ] --END-- [ RunTime:0.000000s ]
INFO: Run Behavior\ParseTemplateBehavior [ RunTime:0.015600s ]
INFO: [ view_parse ] --END-- [ RunTime:0.015600s ]
INFO: [ view_filter ] --START--
INFO: Run Behavior\WriteHtmlCacheBehavior [ RunTime:0.000000s ]
INFO: [ view_filter ] --END-- [ RunTime:0.000000s ]
INFO: [ app_end ] --START--
INFO: Run Behavior\ShowPageTraceBehavior [ RunTime:0.000000s ]
INFO: [ app_end ] --END-- [ RunTime:0.000000s ]

[ 2017-04-18T11:31:51+08:00 ] 101.69.247.234 /User/Login/verify.html
INFO: [ app_init ] --START--
INFO: Run Behavior\BuildLiteBehavior [ RunTime:0.000000s ]
INFO: [ app_init ] --END-- [ RunTime:0.000000s ]
INFO: [ app_begin ] --START--
INFO: Run Behavior\ReadHtmlCacheBehavior [ RunTime:0.000000s ]
INFO: [ app_begin ] --END-- [ RunTime:0.000000s ]
INFO: [ app_end ] --START--
INFO: Run Behavior\ShowPageTraceBehavior [ RunTime:0.000000s ]
INFO: [ app_end ] --END-- [ RunTime:0.000000s ]

[ 2017-04-18T11:32:58+08:00 ] 101.69.247.234 /user/login/check_verify?code=4bza
INFO: [ app_init ] --START--
INFO: Run Behavior\BuildLiteBehavior [ RunTime:0.000000s ]
INFO: [ app_init ] --END-- [ RunTime:0.000000s ]
INFO: [ app_begin ] --START--
INFO: Run Behavior\ReadHtmlCacheBehavior [ RunTime:0.000000s ]
INFO: [ app_begin ] --END-- [ RunTime:0.000000s ]
INFO: [ app_end ] --START--
INFO: Run Behavior\ShowPageTraceBehavior [ RunTime:0.000000s ]
INFO: [ app_end ] --END-- [ RunTime:0.000000s ]

[ 2017-04-18T11:32:58+08:00 ] 101.69.247.234 /user/login.html
INFO: [ app_init ] --START--
INFO: Run Behavior\BuildLiteBehavior [ RunTime:0.000000s ]
INFO: [ app_init ] --END-- [ RunTime:0.000000s ]
INFO: [ app_begin ] --START--
INFO: Run Behavior\ReadHtmlCacheBehavior [ RunTime:0.015600s ]
INFO: [ app_begin ] --END-- [ RunTime:0.015600s ]
SQL: SHOW COLUMNS FROM `wd_member` [ RunTime:0.0156s ]
SQL: SELECT `id`,`username`,`salt`,`password`,`group_id`,`forbidden`,`is_first_login`,`is_admin` FROM `wd_member` WHERE `username` = '330110143278595' LIMIT 1   [ RunTime:0.0000s ]

[ 2017-04-18T11:33:15+08:00 ] 101.69.247.234 /user/login/check_verify?code=4bza
INFO: [ app_init ] --START--
INFO: Run Behavior\BuildLiteBehavior [ RunTime:0.000000s ]
INFO: [ app_init ] --END-- [ RunTime:0.000000s ]
INFO: [ app_begin ] --START--
INFO: Run Behavior\ReadHtmlCacheBehavior [ RunTime:0.000000s ]
INFO: [ app_begin ] --END-- [ RunTime:0.000000s ]
INFO: [ app_end ] --START--
INFO: Run Behavior\ShowPageTraceBehavior [ RunTime:0.000000s ]
INFO: [ app_end ] --END-- [ RunTime:0.000000s ]

[ 2017-04-18T11:33:18+08:00 ] 101.69.247.234 /user/login/check_verify?code=
INFO: [ app_init ] --START--
INFO: Run Behavior\BuildLiteBehavior [ RunTime:0.000000s ]
INFO: [ app_init ] --END-- [ RunTime:0.000000s ]
INFO: [ app_begin ] --START--
INFO: Run Behavior\ReadHtmlCacheBehavior [ RunTime:0.015600s ]
INFO: [ app_begin ] --END-- [ RunTime:0.015600s ]
INFO: [ app_end ] --START--
INFO: Run Behavior\ShowPageTraceBehavior [ RunTime:0.000000s ]
INFO: [ app_end ] --END-- [ RunTime:0.000000s ]

[ 2017-04-18T11:33:19+08:00 ] 101.69.247.234 /User/Login/verify.html?0.2871298135762325
INFO: [ app_init ] --START--
INFO: Run Behavior\BuildLiteBehavior [ RunTime:0.000000s ]
INFO: [ app_init ] --END-- [ RunTime:0.000000s ]
INFO: [ app_begin ] --START--
INFO: Run Behavior\ReadHtmlCacheBehavior [ RunTime:0.000000s ]
INFO: [ app_begin ] --END-- [ RunTime:0.000000s ]
INFO: [ app_end ] --START--
INFO: Run Behavior\ShowPageTraceBehavior [ RunTime:0.000000s ]
INFO: [ app_end ] --END-- [ RunTime:0.000000s ]

[ 2017-04-18T11:33:27+08:00 ] 101.69.247.234 /user/login/check_verify?code=4cnu
INFO: [ app_init ] --START--
INFO: Run Behavior\BuildLiteBehavior [ RunTime:0.000000s ]
INFO: [ app_init ] --END-- [ RunTime:0.000000s ]
INFO: [ app_begin ] --START--
INFO: Run Behavior\ReadHtmlCacheBehavior [ RunTime:0.000000s ]
INFO: [ app_begin ] --END-- [ RunTime:0.000000s ]
INFO: [ app_end ] --START--
INFO: Run Behavior\ShowPageTraceBehavior [ RunTime:0.000000s ]
INFO: [ app_end ] --END-- [ RunTime:0.000000s ]

[ 2017-04-18T11:33:36+08:00 ] 101.69.247.234 /user/login.html
INFO: [ app_init ] --START--
INFO: Run Behavior\BuildLiteBehavior [ RunTime:0.000000s ]
INFO: [ app_init ] --END-- [ RunTime:0.000000s ]
INFO: [ app_begin ] --START--
INFO: Run Behavior\ReadHtmlCacheBehavior [ RunTime:0.000000s ]
INFO: [ app_begin ] --END-- [ RunTime:0.000000s ]
SQL: SHOW COLUMNS FROM `wd_member` [ RunTime:0.0000s ]
SQL: SELECT `id`,`username`,`salt`,`password`,`group_id`,`forbidden`,`is_first_login`,`is_admin` FROM `wd_member` WHERE `username` = '913301101432785959' LIMIT 1   [ RunTime:0.0000s ]

[ 2017-04-18T11:33:39+08:00 ] 101.69.247.234 /user/login.html
INFO: [ app_init ] --START--
INFO: Run Behavior\BuildLiteBehavior [ RunTime:0.000000s ]
INFO: [ app_init ] --END-- [ RunTime:0.000000s ]
INFO: [ app_begin ] --START--
INFO: Run Behavior\ReadHtmlCacheBehavior [ RunTime:0.000000s ]
INFO: [ app_begin ] --END-- [ RunTime:0.000000s ]
SQL: SHOW COLUMNS FROM `wd_member` [ RunTime:0.0000s ]
SQL: SELECT `id`,`username`,`salt`,`password`,`group_id`,`forbidden`,`is_first_login`,`is_admin` FROM `wd_member` WHERE `username` = '913301101432785959' LIMIT 1   [ RunTime:0.0000s ]

[ 2017-04-18T11:33:43+08:00 ] 101.69.247.234 /user/booth/index.html
INFO: [ app_init ] --START--
INFO: Run Behavior\BuildLiteBehavior [ RunTime:0.000000s ]
INFO: [ app_init ] --END-- [ RunTime:0.000000s ]
INFO: [ app_begin ] --START--
INFO: Run Behavior\ReadHtmlCacheBehavior [ RunTime:0.000000s ]
INFO: [ app_begin ] --END-- [ RunTime:0.000000s ]

[ 2017-04-18T11:33:43+08:00 ] 101.69.247.234 /user/login.html
INFO: [ app_init ] --START--
INFO: Run Behavior\BuildLiteBehavior [ RunTime:0.000000s ]
INFO: [ app_init ] --END-- [ RunTime:0.000000s ]
INFO: [ app_begin ] --START--
INFO: Run Behavior\ReadHtmlCacheBehavior [ RunTime:0.000000s ]
INFO: [ app_begin ] --END-- [ RunTime:0.000000s ]
INFO: [ view_parse ] --START--
INFO: [ template_filter ] --START--
INFO: Run Behavior\ContentReplaceBehavior [ RunTime:0.000000s ]
INFO: [ template_filter ] --END-- [ RunTime:0.000000s ]
INFO: Run Behavior\ParseTemplateBehavior [ RunTime:0.031200s ]
INFO: [ view_parse ] --END-- [ RunTime:0.031200s ]
INFO: [ view_filter ] --START--
INFO: Run Behavior\WriteHtmlCacheBehavior [ RunTime:0.000000s ]
INFO: [ view_filter ] --END-- [ RunTime:0.000000s ]
INFO: [ app_end ] --START--
INFO: Run Behavior\ShowPageTraceBehavior [ RunTime:0.000000s ]
INFO: [ app_end ] --END-- [ RunTime:0.000000s ]

[ 2017-04-18T11:33:44+08:00 ] 101.69.247.234 /User/Login/verify.html
INFO: [ app_init ] --START--
INFO: Run Behavior\BuildLiteBehavior [ RunTime:0.000000s ]
INFO: [ app_init ] --END-- [ RunTime:0.000000s ]
INFO: [ app_begin ] --START--
INFO: Run Behavior\ReadHtmlCacheBehavior [ RunTime:0.000000s ]
INFO: [ app_begin ] --END-- [ RunTime:0.000000s ]
INFO: [ app_end ] --START--
INFO: Run Behavior\ShowPageTraceBehavior [ RunTime:0.000000s ]
INFO: [ app_end ] --END-- [ RunTime:0.000000s ]

[ 2017-04-18T11:33:50+08:00 ] 101.69.247.234 /user/reg/step/1.html
INFO: [ app_init ] --START--
INFO: Run Behavior\BuildLiteBehavior [ RunTime:0.000000s ]
INFO: [ app_init ] --END-- [ RunTime:0.000000s ]
INFO: [ app_begin ] --START--
INFO: Run Behavior\ReadHtmlCacheBehavior [ RunTime:0.000000s ]
INFO: [ app_begin ] --END-- [ RunTime:0.000000s ]
SQL: SHOW COLUMNS FROM `wd_config` [ RunTime:0.0000s ]
SQL: SELECT `name`,`value` FROM `wd_config`  [ RunTime:0.0000s ]
SQL: SELECT `name`,`value` FROM `wd_config`  [ RunTime:0.0000s ]
INFO: [ view_parse ] --START--
INFO: [ template_filter ] --START--
INFO: Run Behavior\ContentReplaceBehavior [ RunTime:0.000000s ]
INFO: [ template_filter ] --END-- [ RunTime:0.000000s ]
INFO: Run Behavior\ParseTemplateBehavior [ RunTime:0.015600s ]
INFO: [ view_parse ] --END-- [ RunTime:0.015600s ]
INFO: [ view_filter ] --START--
INFO: Run Behavior\WriteHtmlCacheBehavior [ RunTime:0.000000s ]
INFO: [ view_filter ] --END-- [ RunTime:0.000000s ]
INFO: [ app_end ] --START--
INFO: Run Behavior\ShowPageTraceBehavior [ RunTime:0.000000s ]
INFO: [ app_end ] --END-- [ RunTime:0.000000s ]

[ 2017-04-18T11:34:44+08:00 ] 101.69.247.234 /user/reg/step/
INFO: [ app_init ] --START--
INFO: Run Behavior\BuildLiteBehavior [ RunTime:0.000000s ]
INFO: [ app_init ] --END-- [ RunTime:0.000000s ]
INFO: [ app_begin ] --START--
INFO: Run Behavior\ReadHtmlCacheBehavior [ RunTime:0.000000s ]
INFO: [ app_begin ] --END-- [ RunTime:0.000000s ]
SQL: SHOW COLUMNS FROM `wd_config` [ RunTime:0.0156s ]
SQL: SELECT `name`,`value` FROM `wd_config`  [ RunTime:0.0000s ]
SQL: SELECT `name`,`value` FROM `wd_config`  [ RunTime:0.0000s ]
ERR: 非法操作:step

[ 2017-04-18T11:35:05+08:00 ] 101.69.247.234 /User/Reg/upload.html
INFO: [ app_init ] --START--
INFO: Run Behavior\BuildLiteBehavior [ RunTime:0.000000s ]
INFO: [ app_init ] --END-- [ RunTime:0.000000s ]
INFO: [ app_begin ] --START--
INFO: Run Behavior\ReadHtmlCacheBehavior [ RunTime:0.000000s ]
INFO: [ app_begin ] --END-- [ RunTime:0.000000s ]
SQL: SHOW COLUMNS FROM `wd_config` [ RunTime:0.0000s ]
SQL: SELECT `name`,`value` FROM `wd_config`  [ RunTime:0.0000s ]
SQL: SELECT `name`,`value` FROM `wd_config`  [ RunTime:0.0000s ]
NOTIC: [2] call_user_func() expects parameter 1 to be a valid callback, no array or string given F:\wwwroot\app\core\Library\Think\Upload.class.php 第 170 行.

[ 2017-04-18T11:42:17+08:00 ] 101.69.247.234 /User/Reg/upload.html
INFO: [ app_init ] --START--
INFO: Run Behavior\BuildLiteBehavior [ RunTime:0.000000s ]
INFO: [ app_init ] --END-- [ RunTime:0.000000s ]
INFO: [ app_begin ] --START--
INFO: Run Behavior\ReadHtmlCacheBehavior [ RunTime:0.000000s ]
INFO: [ app_begin ] --END-- [ RunTime:0.000000s ]
SQL: SHOW COLUMNS FROM `wd_config` [ RunTime:0.0000s ]
SQL: SELECT `name`,`value` FROM `wd_config`  [ RunTime:0.0000s ]
SQL: SELECT `name`,`value` FROM `wd_config`  [ RunTime:0.0000s ]
NOTIC: [2] call_user_func() expects parameter 1 to be a valid callback, no array or string given F:\wwwroot\app\core\Library\Think\Upload.class.php 第 170 行.

[ 2017-04-18T11:44:07+08:00 ] 101.69.247.234 /user/reg/step/1.html
INFO: [ app_init ] --START--
INFO: Run Behavior\BuildLiteBehavior [ RunTime:0.000000s ]
INFO: [ app_init ] --END-- [ RunTime:0.000000s ]
INFO: [ app_begin ] --START--
INFO: Run Behavior\ReadHtmlCacheBehavior [ RunTime:0.000000s ]
INFO: [ app_begin ] --END-- [ RunTime:0.000000s ]
SQL: SHOW COLUMNS FROM `wd_config` [ RunTime:0.0000s ]
SQL: SELECT `name`,`value` FROM `wd_config`  [ RunTime:0.0000s ]
SQL: SELECT `name`,`value` FROM `wd_config`  [ RunTime:0.0000s ]
SQL: SHOW COLUMNS FROM `wd_company` [ RunTime:0.0000s ]
SQL: SELECT * FROM `wd_company` WHERE `company_name` = '杭州东华链条集团有限公司' LIMIT 1   [ RunTime:0.0312s ]

[ 2017-04-18T11:44:23+08:00 ] 101.69.247.234 /user/login.html
INFO: [ app_init ] --START--
INFO: Run Behavior\BuildLiteBehavior [ RunTime:0.000000s ]
INFO: [ app_init ] --END-- [ RunTime:0.000000s ]
INFO: [ app_begin ] --START--
INFO: Run Behavior\ReadHtmlCacheBehavior [ RunTime:0.000000s ]
INFO: [ app_begin ] --END-- [ RunTime:0.000000s ]
INFO: [ view_parse ] --START--
INFO: [ template_filter ] --START--
INFO: Run Behavior\ContentReplaceBehavior [ RunTime:0.000000s ]
INFO: [ template_filter ] --END-- [ RunTime:0.000000s ]
INFO: Run Behavior\ParseTemplateBehavior [ RunTime:0.015601s ]
INFO: [ view_parse ] --END-- [ RunTime:0.015601s ]
INFO: [ view_filter ] --START--
INFO: Run Behavior\WriteHtmlCacheBehavior [ RunTime:0.000000s ]
INFO: [ view_filter ] --END-- [ RunTime:0.000000s ]
INFO: [ app_end ] --START--
INFO: Run Behavior\ShowPageTraceBehavior [ RunTime:0.000000s ]
INFO: [ app_end ] --END-- [ RunTime:0.000000s ]

[ 2017-04-18T11:44:23+08:00 ] 101.69.247.234 /User/Login/verify.html
INFO: [ app_init ] --START--
INFO: Run Behavior\BuildLiteBehavior [ RunTime:0.000000s ]
INFO: [ app_init ] --END-- [ RunTime:0.000000s ]
INFO: [ app_begin ] --START--
INFO: Run Behavior\ReadHtmlCacheBehavior [ RunTime:0.000000s ]
INFO: [ app_begin ] --END-- [ RunTime:0.000000s ]
INFO: [ app_end ] --START--
INFO: Run Behavior\ShowPageTraceBehavior [ RunTime:0.000000s ]
INFO: [ app_end ] --END-- [ RunTime:0.000000s ]

[ 2017-04-18T11:44:42+08:00 ] 101.69.247.234 /user/account/company.html
INFO: [ app_init ] --START--
INFO: Run Behavior\BuildLiteBehavior [ RunTime:0.000000s ]
INFO: [ app_init ] --END-- [ RunTime:0.000000s ]
INFO: [ app_begin ] --START--
INFO: Run Behavior\ReadHtmlCacheBehavior [ RunTime:0.015600s ]
INFO: [ app_begin ] --END-- [ RunTime:0.015600s ]

[ 2017-04-18T11:44:42+08:00 ] 101.69.247.234 /user/login.html
INFO: [ app_init ] --START--
INFO: Run Behavior\BuildLiteBehavior [ RunTime:0.000000s ]
INFO: [ app_init ] --END-- [ RunTime:0.000000s ]
INFO: [ app_begin ] --START--
INFO: Run Behavior\ReadHtmlCacheBehavior [ RunTime:0.000000s ]
INFO: [ app_begin ] --END-- [ RunTime:0.000000s ]
INFO: [ view_parse ] --START--
INFO: [ template_filter ] --START--
INFO: Run Behavior\ContentReplaceBehavior [ RunTime:0.000000s ]
INFO: [ template_filter ] --END-- [ RunTime:0.000000s ]
INFO: Run Behavior\ParseTemplateBehavior [ RunTime:0.015600s ]
INFO: [ view_parse ] --END-- [ RunTime:0.015600s ]
INFO: [ view_filter ] --START--
INFO: Run Behavior\WriteHtmlCacheBehavior [ RunTime:0.000000s ]
INFO: [ view_filter ] --END-- [ RunTime:0.000000s ]
INFO: [ app_end ] --START--
INFO: Run Behavior\ShowPageTraceBehavior [ RunTime:0.000000s ]
INFO: [ app_end ] --END-- [ RunTime:0.000000s ]

[ 2017-04-18T11:44:42+08:00 ] 101.69.247.234 /User/Login/verify.html
INFO: [ app_init ] --START--
INFO: Run Behavior\BuildLiteBehavior [ RunTime:0.000000s ]
INFO: [ app_init ] --END-- [ RunTime:0.000000s ]
INFO: [ app_begin ] --START--
INFO: Run Behavior\ReadHtmlCacheBehavior [ RunTime:0.000000s ]
INFO: [ app_begin ] --END-- [ RunTime:0.000000s ]
INFO: [ app_end ] --START--
INFO: Run Behavior\ShowPageTraceBehavior [ RunTime:0.000000s ]
INFO: [ app_end ] --END-- [ RunTime:0.000000s ]

[ 2017-04-18T11:45:26+08:00 ] 101.69.247.234 /user/login/check_verify?code=nleb
INFO: [ app_init ] --START--
INFO: Run Behavior\BuildLiteBehavior [ RunTime:0.000000s ]
INFO: [ app_init ] --END-- [ RunTime:0.000000s ]
INFO: [ app_begin ] --START--
INFO: Run Behavior\ReadHtmlCacheBehavior [ RunTime:0.000000s ]
INFO: [ app_begin ] --END-- [ RunTime:0.000000s ]
INFO: [ app_end ] --START--
INFO: Run Behavior\ShowPageTraceBehavior [ RunTime:0.000000s ]
INFO: [ app_end ] --END-- [ RunTime:0.000000s ]

[ 2017-04-18T11:45:29+08:00 ] 101.69.247.234 /user/login/check_verify?code=nleb
INFO: [ app_init ] --START--
INFO: Run Behavior\BuildLiteBehavior [ RunTime:0.000000s ]
INFO: [ app_init ] --END-- [ RunTime:0.000000s ]
INFO: [ app_begin ] --START--
INFO: Run Behavior\ReadHtmlCacheBehavior [ RunTime:0.000000s ]
INFO: [ app_begin ] --END-- [ RunTime:0.000000s ]
INFO: [ app_end ] --START--
INFO: Run Behavior\ShowPageTraceBehavior [ RunTime:0.000000s ]
INFO: [ app_end ] --END-- [ RunTime:0.000000s ]

[ 2017-04-18T11:45:29+08:00 ] 101.69.247.234 /user/confirm/forgot
INFO: [ app_init ] --START--
INFO: Run Behavior\BuildLiteBehavior [ RunTime:0.000000s ]
INFO: [ app_init ] --END-- [ RunTime:0.000000s ]
INFO: [ app_begin ] --START--
INFO: Run Behavior\ReadHtmlCacheBehavior [ RunTime:0.000000s ]
INFO: [ app_begin ] --END-- [ RunTime:0.000000s ]
INFO: [ view_parse ] --START--
INFO: [ template_filter ] --START--
INFO: Run Behavior\ContentReplaceBehavior [ RunTime:0.000000s ]
INFO: [ template_filter ] --END-- [ RunTime:0.000000s ]
INFO: Run Behavior\ParseTemplateBehavior [ RunTime:0.015600s ]
INFO: [ view_parse ] --END-- [ RunTime:0.015600s ]
INFO: [ view_filter ] --START--
INFO: Run Behavior\WriteHtmlCacheBehavior [ RunTime:0.000000s ]
INFO: [ view_filter ] --END-- [ RunTime:0.000000s ]
INFO: [ app_end ] --START--
INFO: Run Behavior\ShowPageTraceBehavior [ RunTime:0.000000s ]
INFO: [ app_end ] --END-- [ RunTime:0.000000s ]

[ 2017-04-18T11:45:30+08:00 ] 101.69.247.234 /User/Login/verify.html
INFO: [ app_init ] --START--
INFO: Run Behavior\BuildLiteBehavior [ RunTime:0.000000s ]
INFO: [ app_init ] --END-- [ RunTime:0.000000s ]
INFO: [ app_begin ] --START--
INFO: Run Behavior\ReadHtmlCacheBehavior [ RunTime:0.000000s ]
INFO: [ app_begin ] --END-- [ RunTime:0.000000s ]
INFO: [ app_end ] --START--
INFO: Run Behavior\ShowPageTraceBehavior [ RunTime:0.000000s ]
INFO: [ app_end ] --END-- [ RunTime:0.000000s ]

[ 2017-04-18T11:45:45+08:00 ] 101.69.247.234 /user/login/check_verify?code=polx
INFO: [ app_init ] --START--
INFO: Run Behavior\BuildLiteBehavior [ RunTime:0.000000s ]
INFO: [ app_init ] --END-- [ RunTime:0.000000s ]
INFO: [ app_begin ] --START--
INFO: Run Behavior\ReadHtmlCacheBehavior [ RunTime:0.000000s ]
INFO: [ app_begin ] --END-- [ RunTime:0.000000s ]
INFO: [ app_end ] --START--
INFO: Run Behavior\ShowPageTraceBehavior [ RunTime:0.000000s ]
INFO: [ app_end ] --END-- [ RunTime:0.000000s ]

[ 2017-04-18T11:45:47+08:00 ] 101.69.247.234 /user/confirm/forgot
INFO: [ app_init ] --START--
INFO: Run Behavior\BuildLiteBehavior [ RunTime:0.000000s ]
INFO: [ app_init ] --END-- [ RunTime:0.000000s ]
INFO: [ app_begin ] --START--
INFO: Run Behavior\ReadHtmlCacheBehavior [ RunTime:0.000000s ]
INFO: [ app_begin ] --END-- [ RunTime:0.000000s ]
SQL: SHOW COLUMNS FROM `wd_company` [ RunTime:0.0000s ]
SQL: SELECT * FROM `wd_company` WHERE `f_email` = 'dandyfjz@163.com' LIMIT 1   [ RunTime:0.0000s ]
SQL: SHOW COLUMNS FROM `wd_member` [ RunTime:0.0156s ]
SQL: SELECT `salt`,`id` FROM `wd_member` WHERE ( cid=189 ) LIMIT 1   [ RunTime:0.0000s ]
NOTIC: [8192] Non-static method Sendcloud\Send::send_template() should not be called statically, assuming $this from incompatible context F:\wwwroot\app\app\User\Controller\ConfirmController.class.php 第 66 行.

[ 2017-04-18T11:46:03+08:00 ] 101.69.247.234 /User/Confirm/repassword.html?code=bXZwdQ==
INFO: [ app_init ] --START--
INFO: Run Behavior\BuildLiteBehavior [ RunTime:0.000000s ]
INFO: [ app_init ] --END-- [ RunTime:0.000000s ]
INFO: [ app_begin ] --START--
INFO: Run Behavior\ReadHtmlCacheBehavior [ RunTime:0.000000s ]
INFO: [ app_begin ] --END-- [ RunTime:0.000000s ]
INFO: [ view_parse ] --START--
INFO: [ template_filter ] --START--
INFO: Run Behavior\ContentReplaceBehavior [ RunTime:0.000000s ]
INFO: [ template_filter ] --END-- [ RunTime:0.000000s ]
INFO: Run Behavior\ParseTemplateBehavior [ RunTime:0.046800s ]
INFO: [ view_parse ] --END-- [ RunTime:0.046800s ]
INFO: [ view_filter ] --START--
INFO: Run Behavior\WriteHtmlCacheBehavior [ RunTime:0.000000s ]
INFO: [ view_filter ] --END-- [ RunTime:0.000000s ]
INFO: [ app_end ] --START--
INFO: Run Behavior\ShowPageTraceBehavior [ RunTime:0.000000s ]
INFO: [ app_end ] --END-- [ RunTime:0.000000s ]

[ 2017-04-18T11:46:03+08:00 ] 101.69.247.234 /User/Login/verify.html
INFO: [ app_init ] --START--
INFO: Run Behavior\BuildLiteBehavior [ RunTime:0.000000s ]
INFO: [ app_init ] --END-- [ RunTime:0.000000s ]
INFO: [ app_begin ] --START--
INFO: Run Behavior\ReadHtmlCacheBehavior [ RunTime:0.000000s ]
INFO: [ app_begin ] --END-- [ RunTime:0.000000s ]
INFO: [ app_end ] --START--
INFO: Run Behavior\ShowPageTraceBehavior [ RunTime:0.000000s ]
INFO: [ app_end ] --END-- [ RunTime:0.000000s ]

[ 2017-04-18T11:46:22+08:00 ] 101.69.247.234 /user/login/check_verify?code=nwhx
INFO: [ app_init ] --START--
INFO: Run Behavior\BuildLiteBehavior [ RunTime:0.000000s ]
INFO: [ app_init ] --END-- [ RunTime:0.000000s ]
INFO: [ app_begin ] --START--
INFO: Run Behavior\ReadHtmlCacheBehavior [ RunTime:0.000000s ]
INFO: [ app_begin ] --END-- [ RunTime:0.000000s ]
INFO: [ app_end ] --START--
INFO: Run Behavior\ShowPageTraceBehavior [ RunTime:0.000000s ]
INFO: [ app_end ] --END-- [ RunTime:0.000000s ]

[ 2017-04-18T11:46:23+08:00 ] 101.69.247.234 /User/Confirm/repassword.html?code=bXZwdQ==
INFO: [ app_init ] --START--
INFO: Run Behavior\BuildLiteBehavior [ RunTime:0.000000s ]
INFO: [ app_init ] --END-- [ RunTime:0.000000s ]
INFO: [ app_begin ] --START--
INFO: Run Behavior\ReadHtmlCacheBehavior [ RunTime:0.000000s ]
INFO: [ app_begin ] --END-- [ RunTime:0.000000s ]
SQL: SHOW COLUMNS FROM `wd_member` [ RunTime:0.0000s ]
SQL: UPDATE `wd_member` SET `password`='510f5b3f479d9028bace23bcb2c82f8b' WHERE `salt` = 'mvpu' [ RunTime:0.0156s ]

[ 2017-04-18T11:46:33+08:00 ] 101.69.247.234 /user/login/check_verify?code=nwhx
INFO: [ app_init ] --START--
INFO: Run Behavior\BuildLiteBehavior [ RunTime:0.000000s ]
INFO: [ app_init ] --END-- [ RunTime:0.000000s ]
INFO: [ app_begin ] --START--
INFO: Run Behavior\ReadHtmlCacheBehavior [ RunTime:0.000000s ]
INFO: [ app_begin ] --END-- [ RunTime:0.000000s ]
INFO: [ app_end ] --START--
INFO: Run Behavior\ShowPageTraceBehavior [ RunTime:0.000000s ]
INFO: [ app_end ] --END-- [ RunTime:0.000000s ]

[ 2017-04-18T11:46:35+08:00 ] 101.69.247.234 /User/Login/verify.html?0.23096938406312528
INFO: [ app_init ] --START--
INFO: Run Behavior\BuildLiteBehavior [ RunTime:0.000000s ]
INFO: [ app_init ] --END-- [ RunTime:0.000000s ]
INFO: [ app_begin ] --START--
INFO: Run Behavior\ReadHtmlCacheBehavior [ RunTime:0.000000s ]
INFO: [ app_begin ] --END-- [ RunTime:0.000000s ]
INFO: [ app_end ] --START--
INFO: Run Behavior\ShowPageTraceBehavior [ RunTime:0.000000s ]
INFO: [ app_end ] --END-- [ RunTime:0.000000s ]

[ 2017-04-18T11:46:42+08:00 ] 101.69.247.234 /user/login/check_verify?code=wxja
INFO: [ app_init ] --START--
INFO: Run Behavior\BuildLiteBehavior [ RunTime:0.000000s ]
INFO: [ app_init ] --END-- [ RunTime:0.015600s ]
INFO: [ app_begin ] --START--
INFO: Run Behavior\ReadHtmlCacheBehavior [ RunTime:0.000000s ]
INFO: [ app_begin ] --END-- [ RunTime:0.000000s ]
INFO: [ app_end ] --START--
INFO: Run Behavior\ShowPageTraceBehavior [ RunTime:0.000000s ]
INFO: [ app_end ] --END-- [ RunTime:0.000000s ]

[ 2017-04-18T11:46:47+08:00 ] 101.69.247.234 /User/Confirm/repassword.html?code=bXZwdQ==
INFO: [ app_init ] --START--
INFO: Run Behavior\BuildLiteBehavior [ RunTime:0.000000s ]
INFO: [ app_init ] --END-- [ RunTime:0.000000s ]
INFO: [ app_begin ] --START--
INFO: Run Behavior\ReadHtmlCacheBehavior [ RunTime:0.000000s ]
INFO: [ app_begin ] --END-- [ RunTime:0.000000s ]
SQL: SHOW COLUMNS FROM `wd_member` [ RunTime:0.0000s ]
SQL: UPDATE `wd_member` SET `password`='109e858114475779b354448a4d44581f' WHERE `salt` = 'mvpu' [ RunTime:0.0000s ]

[ 2017-04-18T11:46:49+08:00 ] 101.69.247.234 /user/login
INFO: [ app_init ] --START--
INFO: Run Behavior\BuildLiteBehavior [ RunTime:0.000000s ]
INFO: [ app_init ] --END-- [ RunTime:0.000000s ]
INFO: [ app_begin ] --START--
INFO: Run Behavior\ReadHtmlCacheBehavior [ RunTime:0.000000s ]
INFO: [ app_begin ] --END-- [ RunTime:0.000000s ]
INFO: [ view_parse ] --START--
INFO: [ template_filter ] --START--
INFO: Run Behavior\ContentReplaceBehavior [ RunTime:0.000000s ]
INFO: [ template_filter ] --END-- [ RunTime:0.000000s ]
INFO: Run Behavior\ParseTemplateBehavior [ RunTime:0.015600s ]
INFO: [ view_parse ] --END-- [ RunTime:0.015600s ]
INFO: [ view_filter ] --START--
INFO: Run Behavior\WriteHtmlCacheBehavior [ RunTime:0.000000s ]
INFO: [ view_filter ] --END-- [ RunTime:0.000000s ]
INFO: [ app_end ] --START--
INFO: Run Behavior\ShowPageTraceBehavior [ RunTime:0.000000s ]
INFO: [ app_end ] --END-- [ RunTime:0.000000s ]

[ 2017-04-18T11:46:49+08:00 ] 101.69.247.234 /User/Login/verify.html
INFO: [ app_init ] --START--
INFO: Run Behavior\BuildLiteBehavior [ RunTime:0.000000s ]
INFO: [ app_init ] --END-- [ RunTime:0.000000s ]
INFO: [ app_begin ] --START--
INFO: Run Behavior\ReadHtmlCacheBehavior [ RunTime:0.000000s ]
INFO: [ app_begin ] --END-- [ RunTime:0.000000s ]
INFO: [ app_end ] --START--
INFO: Run Behavior\ShowPageTraceBehavior [ RunTime:0.000000s ]
INFO: [ app_end ] --END-- [ RunTime:0.000000s ]

[ 2017-04-18T11:47:19+08:00 ] 101.69.247.234 /user/login/check_verify?code=qlne
INFO: [ app_init ] --START--
INFO: Run Behavior\BuildLiteBehavior [ RunTime:0.000000s ]
INFO: [ app_init ] --END-- [ RunTime:0.000000s ]
INFO: [ app_begin ] --START--
INFO: Run Behavior\ReadHtmlCacheBehavior [ RunTime:0.000000s ]
INFO: [ app_begin ] --END-- [ RunTime:0.000000s ]
INFO: [ app_end ] --START--
INFO: Run Behavior\ShowPageTraceBehavior [ RunTime:0.015600s ]
INFO: [ app_end ] --END-- [ RunTime:0.015600s ]

[ 2017-04-18T11:47:19+08:00 ] 101.69.247.234 /user/login
INFO: [ app_init ] --START--
INFO: Run Behavior\BuildLiteBehavior [ RunTime:0.000000s ]
INFO: [ app_init ] --END-- [ RunTime:0.000000s ]
INFO: [ app_begin ] --START--
INFO: Run Behavior\ReadHtmlCacheBehavior [ RunTime:0.000000s ]
INFO: [ app_begin ] --END-- [ RunTime:0.000000s ]
SQL: SHOW COLUMNS FROM `wd_member` [ RunTime:0.0000s ]
SQL: SELECT `id`,`username`,`salt`,`password`,`group_id`,`forbidden`,`is_first_login`,`is_admin` FROM `wd_member` WHERE `username` = '913301101423785959' LIMIT 1   [ RunTime:0.0000s ]

[ 2017-04-18T11:47:30+08:00 ] 101.69.247.234 /user/login
INFO: [ app_init ] --START--
INFO: Run Behavior\BuildLiteBehavior [ RunTime:0.000000s ]
INFO: [ app_init ] --END-- [ RunTime:0.000000s ]
INFO: [ app_begin ] --START--
INFO: Run Behavior\ReadHtmlCacheBehavior [ RunTime:0.000000s ]
INFO: [ app_begin ] --END-- [ RunTime:0.000000s ]
SQL: SHOW COLUMNS FROM `wd_member` [ RunTime:0.0000s ]
SQL: SELECT `id`,`username`,`salt`,`password`,`group_id`,`forbidden`,`is_first_login`,`is_admin` FROM `wd_member` WHERE `username` = '330110142378595' LIMIT 1   [ RunTime:0.0000s ]

[ 2017-04-18T12:33:02+08:00 ] 157.55.39.149 /user/confirm/forgot
INFO: [ app_init ] --START--
INFO: Run Behavior\BuildLiteBehavior [ RunTime:0.000000s ]
INFO: [ app_init ] --END-- [ RunTime:0.000000s ]
INFO: [ app_begin ] --START--
INFO: Run Behavior\ReadHtmlCacheBehavior [ RunTime:0.000000s ]
INFO: [ app_begin ] --END-- [ RunTime:0.000000s ]
INFO: [ view_parse ] --START--
INFO: [ template_filter ] --START--
INFO: Run Behavior\ContentReplaceBehavior [ RunTime:0.000000s ]
INFO: [ template_filter ] --END-- [ RunTime:0.000000s ]
INFO: Run Behavior\ParseTemplateBehavior [ RunTime:0.015600s ]
INFO: [ view_parse ] --END-- [ RunTime:0.015600s ]
INFO: [ view_filter ] --START--
INFO: Run Behavior\WriteHtmlCacheBehavior [ RunTime:0.000000s ]
INFO: [ view_filter ] --END-- [ RunTime:0.000000s ]
INFO: [ app_end ] --START--
INFO: Run Behavior\ShowPageTraceBehavior [ RunTime:0.000000s ]
INFO: [ app_end ] --END-- [ RunTime:0.000000s ]

[ 2017-04-18T15:07:51+08:00 ] 218.207.150.31 /user.html
INFO: [ app_init ] --START--
INFO: Run Behavior\BuildLiteBehavior [ RunTime:0.000000s ]
INFO: [ app_init ] --END-- [ RunTime:0.000000s ]
INFO: [ app_begin ] --START--
INFO: Run Behavior\ReadHtmlCacheBehavior [ RunTime:0.000000s ]
INFO: [ app_begin ] --END-- [ RunTime:0.000000s ]

[ 2017-04-18T15:09:05+08:00 ] 218.207.150.31 /user/login.html
INFO: [ app_init ] --START--
INFO: Run Behavior\BuildLiteBehavior [ RunTime:0.000000s ]
INFO: [ app_init ] --END-- [ RunTime:0.000000s ]
INFO: [ app_begin ] --START--
INFO: Run Behavior\ReadHtmlCacheBehavior [ RunTime:0.000000s ]
INFO: [ app_begin ] --END-- [ RunTime:0.000000s ]
INFO: [ view_parse ] --START--
INFO: [ template_filter ] --START--
INFO: Run Behavior\ContentReplaceBehavior [ RunTime:0.000000s ]
INFO: [ template_filter ] --END-- [ RunTime:0.000000s ]
INFO: Run Behavior\ParseTemplateBehavior [ RunTime:0.046800s ]
INFO: [ view_parse ] --END-- [ RunTime:0.046800s ]
INFO: [ view_filter ] --START--
INFO: Run Behavior\WriteHtmlCacheBehavior [ RunTime:0.000000s ]
INFO: [ view_filter ] --END-- [ RunTime:0.000000s ]
INFO: [ app_end ] --START--
INFO: Run Behavior\ShowPageTraceBehavior [ RunTime:0.000000s ]
INFO: [ app_end ] --END-- [ RunTime:0.000000s ]

[ 2017-04-18T16:53:03+08:00 ] 119.250.148.111 /user/login.html
INFO: [ app_init ] --START--
INFO: Run Behavior\BuildLiteBehavior [ RunTime:0.000000s ]
INFO: [ app_init ] --END-- [ RunTime:0.000000s ]
INFO: [ app_begin ] --START--
INFO: Run Behavior\ReadHtmlCacheBehavior [ RunTime:0.000000s ]
INFO: [ app_begin ] --END-- [ RunTime:0.000000s ]
INFO: [ view_parse ] --START--
INFO: [ template_filter ] --START--
INFO: Run Behavior\ContentReplaceBehavior [ RunTime:0.000000s ]
INFO: [ template_filter ] --END-- [ RunTime:0.000000s ]
INFO: Run Behavior\ParseTemplateBehavior [ RunTime:0.031200s ]
INFO: [ view_parse ] --END-- [ RunTime:0.031200s ]
INFO: [ view_filter ] --START--
INFO: Run Behavior\WriteHtmlCacheBehavior [ RunTime:0.000000s ]
INFO: [ view_filter ] --END-- [ RunTime:0.000000s ]
INFO: [ app_end ] --START--
INFO: Run Behavior\ShowPageTraceBehavior [ RunTime:0.000000s ]
INFO: [ app_end ] --END-- [ RunTime:0.000000s ]

[ 2017-04-18T16:53:03+08:00 ] 119.250.148.111 /User/Login/verify.html
INFO: [ app_init ] --START--
INFO: Run Behavior\BuildLiteBehavior [ RunTime:0.000000s ]
INFO: [ app_init ] --END-- [ RunTime:0.000000s ]
INFO: [ app_begin ] --START--
INFO: Run Behavior\ReadHtmlCacheBehavior [ RunTime:0.000000s ]
INFO: [ app_begin ] --END-- [ RunTime:0.000000s ]
INFO: [ app_end ] --START--
INFO: Run Behavior\ShowPageTraceBehavior [ RunTime:0.000000s ]
INFO: [ app_end ] --END-- [ RunTime:0.000000s ]

[ 2017-04-18T16:53:12+08:00 ] 180.153.206.21 /user/login.html
INFO: [ app_init ] --START--
INFO: Run Behavior\BuildLiteBehavior [ RunTime:0.000000s ]
INFO: [ app_init ] --END-- [ RunTime:0.000000s ]
INFO: [ app_begin ] --START--
INFO: Run Behavior\ReadHtmlCacheBehavior [ RunTime:0.000000s ]
INFO: [ app_begin ] --END-- [ RunTime:0.000000s ]
INFO: [ view_parse ] --START--
INFO: [ template_filter ] --START--
INFO: Run Behavior\ContentReplaceBehavior [ RunTime:0.000000s ]
INFO: [ template_filter ] --END-- [ RunTime:0.000000s ]
INFO: Run Behavior\ParseTemplateBehavior [ RunTime:0.015600s ]
INFO: [ view_parse ] --END-- [ RunTime:0.015600s ]
INFO: [ view_filter ] --START--
INFO: Run Behavior\WriteHtmlCacheBehavior [ RunTime:0.000000s ]
INFO: [ view_filter ] --END-- [ RunTime:0.000000s ]
INFO: [ app_end ] --START--
INFO: Run Behavior\ShowPageTraceBehavior [ RunTime:0.000000s ]
INFO: [ app_end ] --END-- [ RunTime:0.000000s ]

[ 2017-04-18T19:08:13+08:00 ] 220.181.108.112 /user/help/news_detail/id/13.html
INFO: [ app_init ] --START--
INFO: Run Behavior\BuildLiteBehavior [ RunTime:0.000000s ]
INFO: [ app_init ] --END-- [ RunTime:0.000000s ]
INFO: [ app_begin ] --START--
INFO: Run Behavior\ReadHtmlCacheBehavior [ RunTime:0.000000s ]
INFO: [ app_begin ] --END-- [ RunTime:0.000000s ]
SQL: SHOW COLUMNS FROM `wd_news` [ RunTime:0.0156s ]
SQL: SELECT * FROM `wd_news` WHERE `id` = 13 LIMIT 1   [ RunTime:0.0156s ]
INFO: [ view_parse ] --START--
INFO: [ template_filter ] --START--
INFO: Run Behavior\ContentReplaceBehavior [ RunTime:0.000000s ]
INFO: [ template_filter ] --END-- [ RunTime:0.000000s ]
NOTIC: [8] Undefined variable: company_info F:\wwwroot\app\runtime\Cache\User\a814fe0b22649012eb05a336816af9e8.php 第 22 行.
INFO: Run Behavior\ParseTemplateBehavior [ RunTime:0.031200s ]
INFO: [ view_parse ] --END-- [ RunTime:0.031200s ]
INFO: [ view_filter ] --START--
INFO: Run Behavior\WriteHtmlCacheBehavior [ RunTime:0.000000s ]
INFO: [ view_filter ] --END-- [ RunTime:0.000000s ]
INFO: [ app_end ] --START--
INFO: Run Behavior\ShowPageTraceBehavior [ RunTime:0.000000s ]
INFO: [ app_end ] --END-- [ RunTime:0.000000s ]

[ 2017-04-18T20:55:23+08:00 ] 140.207.124.105 /user/index.html
INFO: [ app_init ] --START--
INFO: Run Behavior\BuildLiteBehavior [ RunTime:0.000000s ]
INFO: [ app_init ] --END-- [ RunTime:0.000000s ]
INFO: [ app_begin ] --START--
INFO: Run Behavior\ReadHtmlCacheBehavior [ RunTime:0.000000s ]
INFO: [ app_begin ] --END-- [ RunTime:0.000000s ]

[ 2017-04-18T20:55:24+08:00 ] 140.207.124.105 /user/login.html
INFO: [ app_init ] --START--
INFO: Run Behavior\BuildLiteBehavior [ RunTime:0.000000s ]
INFO: [ app_init ] --END-- [ RunTime:0.000000s ]
INFO: [ app_begin ] --START--
INFO: Run Behavior\ReadHtmlCacheBehavior [ RunTime:0.000000s ]
INFO: [ app_begin ] --END-- [ RunTime:0.000000s ]
INFO: [ view_parse ] --START--
INFO: [ template_filter ] --START--
INFO: Run Behavior\ContentReplaceBehavior [ RunTime:0.000000s ]
INFO: [ template_filter ] --END-- [ RunTime:0.000000s ]
INFO: Run Behavior\ParseTemplateBehavior [ RunTime:0.046800s ]
INFO: [ view_parse ] --END-- [ RunTime:0.046800s ]
INFO: [ view_filter ] --START--
INFO: Run Behavior\WriteHtmlCacheBehavior [ RunTime:0.000000s ]
INFO: [ view_filter ] --END-- [ RunTime:0.000000s ]
INFO: [ app_end ] --START--
INFO: Run Behavior\ShowPageTraceBehavior [ RunTime:0.000000s ]
INFO: [ app_end ] --END-- [ RunTime:0.000000s ]

[ 2017-04-18T21:16:55+08:00 ] 40.77.167.69 /user/reg/step/1.html
INFO: [ app_init ] --START--
INFO: Run Behavior\BuildLiteBehavior [ RunTime:0.000000s ]
INFO: [ app_init ] --END-- [ RunTime:0.000000s ]
INFO: [ app_begin ] --START--
INFO: Run Behavior\ReadHtmlCacheBehavior [ RunTime:0.000000s ]
INFO: [ app_begin ] --END-- [ RunTime:0.000000s ]
SQL: SHOW COLUMNS FROM `wd_config` [ RunTime:0.0780s ]
SQL: SELECT `name`,`value` FROM `wd_config`  [ RunTime:0.0156s ]
SQL: SELECT `name`,`value` FROM `wd_config`  [ RunTime:0.0000s ]
INFO: [ view_parse ] --START--
INFO: [ template_filter ] --START--
INFO: Run Behavior\ContentReplaceBehavior [ RunTime:0.000000s ]
INFO: [ template_filter ] --END-- [ RunTime:0.000000s ]
INFO: Run Behavior\ParseTemplateBehavior [ RunTime:0.031200s ]
INFO: [ view_parse ] --END-- [ RunTime:0.031200s ]
INFO: [ view_filter ] --START--
INFO: Run Behavior\WriteHtmlCacheBehavior [ RunTime:0.000000s ]
INFO: [ view_filter ] --END-- [ RunTime:0.000000s ]
INFO: [ app_end ] --START--
INFO: Run Behavior\ShowPageTraceBehavior [ RunTime:0.000000s ]
INFO: [ app_end ] --END-- [ RunTime:0.000000s ]

