[ 2017-05-09T22:59:21+08:00 ] 113.108.67.23 /manager/login.html
INFO: [ app_init ] --START--
INFO: Run Behavior\BuildLiteBehavior [ RunTime:0.000000s ]
INFO: [ app_init ] --END-- [ RunTime:0.000000s ]
INFO: [ app_begin ] --START--
INFO: Run Behavior\ReadHtmlCacheBehavior [ RunTime:0.000000s ]
INFO: [ app_begin ] --END-- [ RunTime:0.000000s ]
INFO: [ view_parse ] --START--
INFO: [ template_filter ] --START--
INFO: Run Behavior\ContentReplaceBehavior [ RunTime:0.000000s ]
INFO: [ template_filter ] --END-- [ RunTime:0.000000s ]
INFO: Run Behavior\ParseTemplateBehavior [ RunTime:0.046800s ]
INFO: [ view_parse ] --END-- [ RunTime:0.046800s ]
INFO: [ view_filter ] --START--
INFO: Run Behavior\WriteHtmlCacheBehavior [ RunTime:0.000000s ]
INFO: [ view_filter ] --END-- [ RunTime:0.000000s ]
INFO: [ app_end ] --START--
INFO: Run Behavior\ShowPageTraceBehavior [ RunTime:0.000000s ]
INFO: [ app_end ] --END-- [ RunTime:0.000000s ]

[ 2017-05-09T22:59:31+08:00 ] 101.226.33.217 /manager/login.html
INFO: [ app_init ] --START--
INFO: Run Behavior\BuildLiteBehavior [ RunTime:0.000000s ]
INFO: [ app_init ] --END-- [ RunTime:0.000000s ]
INFO: [ app_begin ] --START--
INFO: Run Behavior\ReadHtmlCacheBehavior [ RunTime:0.000000s ]
INFO: [ app_begin ] --END-- [ RunTime:0.000000s ]
INFO: [ view_parse ] --START--
INFO: [ template_filter ] --START--
INFO: Run Behavior\ContentReplaceBehavior [ RunTime:0.000000s ]
INFO: [ template_filter ] --END-- [ RunTime:0.000000s ]
INFO: Run Behavior\ParseTemplateBehavior [ RunTime:0.000000s ]
INFO: [ view_parse ] --END-- [ RunTime:0.000000s ]
INFO: [ view_filter ] --START--
INFO: Run Behavior\WriteHtmlCacheBehavior [ RunTime:0.000000s ]
INFO: [ view_filter ] --END-- [ RunTime:0.000000s ]
INFO: [ app_end ] --START--
INFO: Run Behavior\ShowPageTraceBehavior [ RunTime:0.000000s ]
INFO: [ app_end ] --END-- [ RunTime:0.000000s ]

[ 2017-05-09T23:05:38+08:00 ] 114.83.73.137 /manager/login.html
INFO: [ app_init ] --START--
INFO: Run Behavior\BuildLiteBehavior [ RunTime:0.000000s ]
INFO: [ app_init ] --END-- [ RunTime:0.000000s ]
INFO: [ app_begin ] --START--
INFO: Run Behavior\ReadHtmlCacheBehavior [ RunTime:0.000000s ]
INFO: [ app_begin ] --END-- [ RunTime:0.000000s ]
INFO: [ view_parse ] --START--
INFO: [ template_filter ] --START--
INFO: Run Behavior\ContentReplaceBehavior [ RunTime:0.000000s ]
INFO: [ template_filter ] --END-- [ RunTime:0.000000s ]
INFO: Run Behavior\ParseTemplateBehavior [ RunTime:0.031200s ]
INFO: [ view_parse ] --END-- [ RunTime:0.031200s ]
INFO: [ view_filter ] --START--
INFO: Run Behavior\WriteHtmlCacheBehavior [ RunTime:0.000000s ]
INFO: [ view_filter ] --END-- [ RunTime:0.000000s ]
INFO: [ app_end ] --START--
INFO: Run Behavior\ShowPageTraceBehavior [ RunTime:0.000000s ]
INFO: [ app_end ] --END-- [ RunTime:0.000000s ]

[ 2017-05-09T23:06:24+08:00 ] 114.83.73.137 /manager/login/login.html
INFO: [ app_init ] --START--
INFO: Run Behavior\BuildLiteBehavior [ RunTime:0.000000s ]
INFO: [ app_init ] --END-- [ RunTime:0.000000s ]
INFO: [ app_begin ] --START--
INFO: Run Behavior\ReadHtmlCacheBehavior [ RunTime:0.000000s ]
INFO: [ app_begin ] --END-- [ RunTime:0.000000s ]
SQL: SHOW COLUMNS FROM `wd_member` [ RunTime:0.0000s ]
SQL: SELECT `id`,`username`,`salt`,`password`,`group_id`,`forbidden`,`is_first_login`,`is_admin` FROM `wd_member` WHERE `username` = 'admin' LIMIT 1   [ RunTime:0.0000s ]
SQL: UPDATE `wd_member` SET `is_first_login`=is_first_login+1 WHERE `id` = 1 [ RunTime:0.0000s ]
SQL: UPDATE `wd_member` SET `last_login`='1494342384',`last_ip`='114.83.73.137' WHERE `id` = 1 [ RunTime:0.0000s ]

[ 2017-05-09T23:06:24+08:00 ] 114.83.73.137 /manager/index.html
INFO: [ app_init ] --START--
INFO: Run Behavior\BuildLiteBehavior [ RunTime:0.000000s ]
INFO: [ app_init ] --END-- [ RunTime:0.000000s ]
INFO: [ app_begin ] --START--
INFO: Run Behavior\ReadHtmlCacheBehavior [ RunTime:0.000000s ]
INFO: [ app_begin ] --END-- [ RunTime:0.000000s ]
NOTIC: [8] Use of undefined constant ture - assumed 'ture' F:\wwwroot\app\app\Manager\Controller\MainController.class.php 第 27 行.
SQL: SHOW COLUMNS FROM `wd_member` [ RunTime:0.0000s ]
SQL: SELECT COUNT(*) AS tp_count FROM `wd_member` WHERE `is_admin` = 0 LIMIT 1   [ RunTime:0.0000s ]
NOTIC: [8192] Non-static method Sendcloud\Stats::get_stats() should not be called statically, assuming $this from incompatible context F:\wwwroot\app\app\Manager\Controller\IndexController.class.php 第 17 行.
NOTIC: [2] Missing argument 3 for Sendcloud\Stats::get_stats(), called in F:\wwwroot\app\app\Manager\Controller\IndexController.class.php on line 17 and defined F:\wwwroot\app\core\Library\Sendcloud\Stats.class.php 第 28 行.
NOTIC: [2] Missing argument 4 for Sendcloud\Stats::get_stats(), called in F:\wwwroot\app\app\Manager\Controller\IndexController.class.php on line 17 and defined F:\wwwroot\app\core\Library\Sendcloud\Stats.class.php 第 28 行.
NOTIC: [8] Undefined variable: option_params F:\wwwroot\app\core\Library\Sendcloud\Stats.class.php 第 42 行.
NOTIC: [2] Invalid argument supplied for foreach() F:\wwwroot\app\core\Library\Sendcloud\Stats.class.php 第 42 行.
SQL: SHOW COLUMNS FROM `wd_order` [ RunTime:0.0000s ]
SQL: SELECT COUNT(*) AS tp_count FROM `wd_order` WHERE `type` = 1 LIMIT 1   [ RunTime:0.0000s ]
SQL: SELECT COUNT(*) AS tp_count FROM `wd_order` LIMIT 1   [ RunTime:0.0000s ]
NOTIC: [8] Undefined index: deliveredNum F:\wwwroot\app\app\Manager\Controller\IndexController.class.php 第 20 行.
SQL: SHOW COLUMNS FROM `wd_company` [ RunTime:0.0156s ]
SQL: SELECT COUNT(*) AS tp_count FROM `wd_company` LIMIT 1   [ RunTime:0.0000s ]
SQL: SELECT SUM(price) AS tp_Sum FROM `wd_order` WHERE ( status=2 ) LIMIT 1   [ RunTime:0.0000s ]
INFO: [ view_parse ] --START--
INFO: [ template_filter ] --START--
INFO: Run Behavior\ContentReplaceBehavior [ RunTime:0.000000s ]
INFO: [ template_filter ] --END-- [ RunTime:0.000000s ]
INFO: Run Behavior\ParseTemplateBehavior [ RunTime:0.046800s ]
INFO: [ view_parse ] --END-- [ RunTime:0.046800s ]
INFO: [ view_filter ] --START--
INFO: Run Behavior\WriteHtmlCacheBehavior [ RunTime:0.000000s ]
INFO: [ view_filter ] --END-- [ RunTime:0.000000s ]
INFO: [ app_end ] --START--
INFO: Run Behavior\ShowPageTraceBehavior [ RunTime:0.000000s ]
INFO: [ app_end ] --END-- [ RunTime:0.000000s ]

[ 2017-05-09T23:06:35+08:00 ] 114.83.73.137 /manager/system/website.html
INFO: [ app_init ] --START--
INFO: Run Behavior\BuildLiteBehavior [ RunTime:0.000000s ]
INFO: [ app_init ] --END-- [ RunTime:0.000000s ]
INFO: [ app_begin ] --START--
INFO: Run Behavior\ReadHtmlCacheBehavior [ RunTime:0.000000s ]
INFO: [ app_begin ] --END-- [ RunTime:0.000000s ]
NOTIC: [8] Use of undefined constant ture - assumed 'ture' F:\wwwroot\app\app\Manager\Controller\MainController.class.php 第 27 行.
SQL: SHOW COLUMNS FROM `wd_member` [ RunTime:0.0000s ]
SQL: SELECT COUNT(*) AS tp_count FROM `wd_member` WHERE `is_admin` = 0 LIMIT 1   [ RunTime:0.0000s ]
SQL: SHOW COLUMNS FROM `wd_config` [ RunTime:0.0000s ]
SQL: SELECT `name`,`value` FROM `wd_config`  [ RunTime:0.0000s ]
INFO: [ view_parse ] --START--
INFO: [ template_filter ] --START--
INFO: Run Behavior\ContentReplaceBehavior [ RunTime:0.000000s ]
INFO: [ template_filter ] --END-- [ RunTime:0.000000s ]
INFO: Run Behavior\ParseTemplateBehavior [ RunTime:0.031200s ]
INFO: [ view_parse ] --END-- [ RunTime:0.031200s ]
INFO: [ view_filter ] --START--
INFO: Run Behavior\WriteHtmlCacheBehavior [ RunTime:0.000000s ]
INFO: [ view_filter ] --END-- [ RunTime:0.000000s ]
INFO: [ app_end ] --START--
INFO: Run Behavior\ShowPageTraceBehavior [ RunTime:0.000000s ]
INFO: [ app_end ] --END-- [ RunTime:0.000000s ]

[ 2017-05-09T23:06:45+08:00 ] 114.83.73.137 /manager/chart/hall.html
INFO: [ app_init ] --START--
INFO: Run Behavior\BuildLiteBehavior [ RunTime:0.000000s ]
INFO: [ app_init ] --END-- [ RunTime:0.000000s ]
INFO: [ app_begin ] --START--
INFO: Run Behavior\ReadHtmlCacheBehavior [ RunTime:0.000000s ]
INFO: [ app_begin ] --END-- [ RunTime:0.000000s ]
NOTIC: [8] Use of undefined constant ture - assumed 'ture' F:\wwwroot\app\app\Manager\Controller\MainController.class.php 第 27 行.
SQL: SHOW COLUMNS FROM `wd_member` [ RunTime:0.0000s ]
SQL: SELECT COUNT(*) AS tp_count FROM `wd_member` WHERE `is_admin` = 0 LIMIT 1   [ RunTime:0.0000s ]
SQL: SHOW COLUMNS FROM `wd_hall` [ RunTime:0.0156s ]
SQL: SELECT * FROM `wd_hall`  [ RunTime:0.0312s ]
INFO: [ view_parse ] --START--
INFO: [ template_filter ] --START--
INFO: Run Behavior\ContentReplaceBehavior [ RunTime:0.000000s ]
INFO: [ template_filter ] --END-- [ RunTime:0.000000s ]
NOTIC: [8] Undefined offset: 0 F:\wwwroot\app\app\Common\Common\function.php 第 152 行.
NOTIC: [8] Undefined offset: 0 F:\wwwroot\app\app\Common\Common\function.php 第 152 行.
NOTIC: [8] Undefined variable: page F:\wwwroot\app\runtime\Cache\Manager\74f3bd6db608a2dcf14f1fd77b06b38d.php 第 331 行.
INFO: Run Behavior\ParseTemplateBehavior [ RunTime:0.031200s ]
INFO: [ view_parse ] --END-- [ RunTime:0.031200s ]
INFO: [ view_filter ] --START--
INFO: Run Behavior\WriteHtmlCacheBehavior [ RunTime:0.000000s ]
INFO: [ view_filter ] --END-- [ RunTime:0.000000s ]
INFO: [ app_end ] --START--
INFO: Run Behavior\ShowPageTraceBehavior [ RunTime:0.000000s ]
INFO: [ app_end ] --END-- [ RunTime:0.000000s ]

[ 2017-05-09T23:06:50+08:00 ] 114.83.73.137 /manager/chart/trade.html
INFO: [ app_init ] --START--
INFO: Run Behavior\BuildLiteBehavior [ RunTime:0.000000s ]
INFO: [ app_init ] --END-- [ RunTime:0.015600s ]
INFO: [ app_begin ] --START--
INFO: Run Behavior\ReadHtmlCacheBehavior [ RunTime:0.000000s ]
INFO: [ app_begin ] --END-- [ RunTime:0.000000s ]
NOTIC: [8] Use of undefined constant ture - assumed 'ture' F:\wwwroot\app\app\Manager\Controller\MainController.class.php 第 27 行.
SQL: SHOW COLUMNS FROM `wd_member` [ RunTime:0.0000s ]
SQL: SELECT COUNT(*) AS tp_count FROM `wd_member` WHERE `is_admin` = 0 LIMIT 1   [ RunTime:0.0000s ]
SQL: SHOW COLUMNS FROM `wd_order` [ RunTime:0.0000s ]
SQL: SELECT COUNT(*) AS tp_count FROM `wd_order` LIMIT 1   [ RunTime:0.0000s ]
SQL: SELECT * FROM `wd_order` WHERE `status` = 4 AND `ad_type` = 1 ORDER BY id desc LIMIT 0,12   [ RunTime:0.0312s ]
INFO: [ view_parse ] --START--
INFO: [ template_filter ] --START--
INFO: Run Behavior\ContentReplaceBehavior [ RunTime:0.000000s ]
INFO: [ template_filter ] --END-- [ RunTime:0.000000s ]
SQL: SHOW COLUMNS FROM `wd_booth` [ RunTime:0.0156s ]
SQL: SELECT `booth_num` FROM `wd_booth` WHERE `id` = 175 LIMIT 1   [ RunTime:0.0312s ]
SQL: SELECT `cid` FROM `wd_member` WHERE `id` = 327 LIMIT 1   [ RunTime:0.0000s ]
NOTIC: [8] Undefined index: hall_type F:\wwwroot\app\runtime\Cache\Manager\804d393088bf2714ed38645c0c604aba.php 第 355 行.
NOTIC: [8] Undefined index:  F:\wwwroot\app\app\Common\Common\function.php 第 152 行.
SQL: SHOW COLUMNS FROM `wd_pay` [ RunTime:0.0000s ]
SQL: SELECT `status` FROM `wd_pay` WHERE `pid` = '175' LIMIT 1   [ RunTime:0.0312s ]
INFO: Run Behavior\ParseTemplateBehavior [ RunTime:0.140400s ]
INFO: [ view_parse ] --END-- [ RunTime:0.140400s ]
INFO: [ view_filter ] --START--
INFO: Run Behavior\WriteHtmlCacheBehavior [ RunTime:0.000000s ]
INFO: [ view_filter ] --END-- [ RunTime:0.000000s ]
INFO: [ app_end ] --START--
INFO: Run Behavior\ShowPageTraceBehavior [ RunTime:0.000000s ]
INFO: [ app_end ] --END-- [ RunTime:0.000000s ]

[ 2017-05-09T23:07:00+08:00 ] 114.83.73.137 /manager/chart/trade/p/2.html
INFO: [ app_init ] --START--
INFO: Run Behavior\BuildLiteBehavior [ RunTime:0.000000s ]
INFO: [ app_init ] --END-- [ RunTime:0.000000s ]
INFO: [ app_begin ] --START--
INFO: Run Behavior\ReadHtmlCacheBehavior [ RunTime:0.000000s ]
INFO: [ app_begin ] --END-- [ RunTime:0.000000s ]
NOTIC: [8] Use of undefined constant ture - assumed 'ture' F:\wwwroot\app\app\Manager\Controller\MainController.class.php 第 27 行.
SQL: SHOW COLUMNS FROM `wd_member` [ RunTime:0.0000s ]
SQL: SELECT COUNT(*) AS tp_count FROM `wd_member` WHERE `is_admin` = 0 LIMIT 1   [ RunTime:0.0000s ]
SQL: SHOW COLUMNS FROM `wd_order` [ RunTime:0.0000s ]
SQL: SELECT COUNT(*) AS tp_count FROM `wd_order` LIMIT 1   [ RunTime:0.0000s ]
SQL: SELECT * FROM `wd_order` WHERE `status` = 4 AND `ad_type` = 1 ORDER BY id desc LIMIT 12,12   [ RunTime:0.0156s ]
INFO: [ view_parse ] --START--
INFO: [ template_filter ] --START--
INFO: Run Behavior\ContentReplaceBehavior [ RunTime:0.015601s ]
INFO: [ template_filter ] --END-- [ RunTime:0.015601s ]
INFO: Run Behavior\ParseTemplateBehavior [ RunTime:0.031201s ]
INFO: [ view_parse ] --END-- [ RunTime:0.031201s ]
INFO: [ view_filter ] --START--
INFO: Run Behavior\WriteHtmlCacheBehavior [ RunTime:0.000000s ]
INFO: [ view_filter ] --END-- [ RunTime:0.000000s ]
INFO: [ app_end ] --START--
INFO: Run Behavior\ShowPageTraceBehavior [ RunTime:0.000000s ]
INFO: [ app_end ] --END-- [ RunTime:0.000000s ]

[ 2017-05-09T23:07:02+08:00 ] 114.83.73.137 /manager/chart/trade/p/4.html
INFO: [ app_init ] --START--
INFO: Run Behavior\BuildLiteBehavior [ RunTime:0.000000s ]
INFO: [ app_init ] --END-- [ RunTime:0.000000s ]
INFO: [ app_begin ] --START--
INFO: Run Behavior\ReadHtmlCacheBehavior [ RunTime:0.000000s ]
INFO: [ app_begin ] --END-- [ RunTime:0.000000s ]
NOTIC: [8] Use of undefined constant ture - assumed 'ture' F:\wwwroot\app\app\Manager\Controller\MainController.class.php 第 27 行.
SQL: SHOW COLUMNS FROM `wd_member` [ RunTime:0.0000s ]
SQL: SELECT COUNT(*) AS tp_count FROM `wd_member` WHERE `is_admin` = 0 LIMIT 1   [ RunTime:0.0156s ]
SQL: SHOW COLUMNS FROM `wd_order` [ RunTime:0.0000s ]
SQL: SELECT COUNT(*) AS tp_count FROM `wd_order` LIMIT 1   [ RunTime:0.0000s ]
SQL: SELECT * FROM `wd_order` WHERE `status` = 4 AND `ad_type` = 1 ORDER BY id desc LIMIT 36,12   [ RunTime:0.0156s ]
INFO: [ view_parse ] --START--
INFO: [ template_filter ] --START--
INFO: Run Behavior\ContentReplaceBehavior [ RunTime:0.000000s ]
INFO: [ template_filter ] --END-- [ RunTime:0.000000s ]
INFO: Run Behavior\ParseTemplateBehavior [ RunTime:0.031200s ]
INFO: [ view_parse ] --END-- [ RunTime:0.031200s ]
INFO: [ view_filter ] --START--
INFO: Run Behavior\WriteHtmlCacheBehavior [ RunTime:0.000000s ]
INFO: [ view_filter ] --END-- [ RunTime:0.000000s ]
INFO: [ app_end ] --START--
INFO: Run Behavior\ShowPageTraceBehavior [ RunTime:0.000000s ]
INFO: [ app_end ] --END-- [ RunTime:0.000000s ]

[ 2017-05-09T23:07:03+08:00 ] 114.83.73.137 /manager/chart/trade/p/9.html
INFO: [ app_init ] --START--
INFO: Run Behavior\BuildLiteBehavior [ RunTime:0.000000s ]
INFO: [ app_init ] --END-- [ RunTime:0.000000s ]
INFO: [ app_begin ] --START--
INFO: Run Behavior\ReadHtmlCacheBehavior [ RunTime:0.000000s ]
INFO: [ app_begin ] --END-- [ RunTime:0.000000s ]
NOTIC: [8] Use of undefined constant ture - assumed 'ture' F:\wwwroot\app\app\Manager\Controller\MainController.class.php 第 27 行.
SQL: SHOW COLUMNS FROM `wd_member` [ RunTime:0.0000s ]
SQL: SELECT COUNT(*) AS tp_count FROM `wd_member` WHERE `is_admin` = 0 LIMIT 1   [ RunTime:0.0000s ]
SQL: SHOW COLUMNS FROM `wd_order` [ RunTime:0.0000s ]
SQL: SELECT COUNT(*) AS tp_count FROM `wd_order` LIMIT 1   [ RunTime:0.0000s ]
SQL: SELECT * FROM `wd_order` WHERE `status` = 4 AND `ad_type` = 1 ORDER BY id desc LIMIT 96,12   [ RunTime:0.0156s ]
INFO: [ view_parse ] --START--
INFO: [ template_filter ] --START--
INFO: Run Behavior\ContentReplaceBehavior [ RunTime:0.000000s ]
INFO: [ template_filter ] --END-- [ RunTime:0.000000s ]
INFO: Run Behavior\ParseTemplateBehavior [ RunTime:0.031200s ]
INFO: [ view_parse ] --END-- [ RunTime:0.031200s ]
INFO: [ view_filter ] --START--
INFO: Run Behavior\WriteHtmlCacheBehavior [ RunTime:0.000000s ]
INFO: [ view_filter ] --END-- [ RunTime:0.000000s ]
INFO: [ app_end ] --START--
INFO: Run Behavior\ShowPageTraceBehavior [ RunTime:0.000000s ]
INFO: [ app_end ] --END-- [ RunTime:0.000000s ]

[ 2017-05-09T23:07:05+08:00 ] 114.83.73.137 /manager/chart/trade/p/13.html
INFO: [ app_init ] --START--
INFO: Run Behavior\BuildLiteBehavior [ RunTime:0.000000s ]
INFO: [ app_init ] --END-- [ RunTime:0.000000s ]
INFO: [ app_begin ] --START--
INFO: Run Behavior\ReadHtmlCacheBehavior [ RunTime:0.000000s ]
INFO: [ app_begin ] --END-- [ RunTime:0.000000s ]
NOTIC: [8] Use of undefined constant ture - assumed 'ture' F:\wwwroot\app\app\Manager\Controller\MainController.class.php 第 27 行.
SQL: SHOW COLUMNS FROM `wd_member` [ RunTime:0.0000s ]
SQL: SELECT COUNT(*) AS tp_count FROM `wd_member` WHERE `is_admin` = 0 LIMIT 1   [ RunTime:0.0000s ]
SQL: SHOW COLUMNS FROM `wd_order` [ RunTime:0.0000s ]
SQL: SELECT COUNT(*) AS tp_count FROM `wd_order` LIMIT 1   [ RunTime:0.0000s ]
SQL: SELECT * FROM `wd_order` WHERE `status` = 4 AND `ad_type` = 1 ORDER BY id desc LIMIT 144,12   [ RunTime:0.0000s ]
INFO: [ view_parse ] --START--
INFO: [ template_filter ] --START--
INFO: Run Behavior\ContentReplaceBehavior [ RunTime:0.000000s ]
INFO: [ template_filter ] --END-- [ RunTime:0.000000s ]
INFO: Run Behavior\ParseTemplateBehavior [ RunTime:0.031200s ]
INFO: [ view_parse ] --END-- [ RunTime:0.031200s ]
INFO: [ view_filter ] --START--
INFO: Run Behavior\WriteHtmlCacheBehavior [ RunTime:0.000000s ]
INFO: [ view_filter ] --END-- [ RunTime:0.000000s ]
INFO: [ app_end ] --START--
INFO: Run Behavior\ShowPageTraceBehavior [ RunTime:0.000000s ]
INFO: [ app_end ] --END-- [ RunTime:0.000000s ]

[ 2017-05-09T23:07:07+08:00 ] 114.83.73.137 /manager/chart/trade/p/16.html
INFO: [ app_init ] --START--
INFO: Run Behavior\BuildLiteBehavior [ RunTime:0.000000s ]
INFO: [ app_init ] --END-- [ RunTime:0.000000s ]
INFO: [ app_begin ] --START--
INFO: Run Behavior\ReadHtmlCacheBehavior [ RunTime:0.000000s ]
INFO: [ app_begin ] --END-- [ RunTime:0.000000s ]
NOTIC: [8] Use of undefined constant ture - assumed 'ture' F:\wwwroot\app\app\Manager\Controller\MainController.class.php 第 27 行.
SQL: SHOW COLUMNS FROM `wd_member` [ RunTime:0.0000s ]
SQL: SELECT COUNT(*) AS tp_count FROM `wd_member` WHERE `is_admin` = 0 LIMIT 1   [ RunTime:0.0000s ]
SQL: SHOW COLUMNS FROM `wd_order` [ RunTime:0.0000s ]
SQL: SELECT COUNT(*) AS tp_count FROM `wd_order` LIMIT 1   [ RunTime:0.0000s ]
SQL: SELECT * FROM `wd_order` WHERE `status` = 4 AND `ad_type` = 1 ORDER BY id desc LIMIT 180,12   [ RunTime:0.0000s ]
INFO: [ view_parse ] --START--
INFO: [ template_filter ] --START--
INFO: Run Behavior\ContentReplaceBehavior [ RunTime:0.000000s ]
INFO: [ template_filter ] --END-- [ RunTime:0.000000s ]
INFO: Run Behavior\ParseTemplateBehavior [ RunTime:0.031200s ]
INFO: [ view_parse ] --END-- [ RunTime:0.031200s ]
INFO: [ view_filter ] --START--
INFO: Run Behavior\WriteHtmlCacheBehavior [ RunTime:0.000000s ]
INFO: [ view_filter ] --END-- [ RunTime:0.000000s ]
INFO: [ app_end ] --START--
INFO: Run Behavior\ShowPageTraceBehavior [ RunTime:0.000000s ]
INFO: [ app_end ] --END-- [ RunTime:0.000000s ]

[ 2017-05-09T23:07:15+08:00 ] 114.83.73.137 /manager/chart/examine.html
INFO: [ app_init ] --START--
INFO: Run Behavior\BuildLiteBehavior [ RunTime:0.000000s ]
INFO: [ app_init ] --END-- [ RunTime:0.000000s ]
INFO: [ app_begin ] --START--
INFO: Run Behavior\ReadHtmlCacheBehavior [ RunTime:0.000000s ]
INFO: [ app_begin ] --END-- [ RunTime:0.000000s ]
NOTIC: [8] Use of undefined constant ture - assumed 'ture' F:\wwwroot\app\app\Manager\Controller\MainController.class.php 第 27 行.
SQL: SHOW COLUMNS FROM `wd_member` [ RunTime:0.0000s ]
SQL: SELECT COUNT(*) AS tp_count FROM `wd_member` WHERE `is_admin` = 0 LIMIT 1   [ RunTime:0.0000s ]
SQL: SHOW COLUMNS FROM `wd_reserve` [ RunTime:0.0000s ]
SQL: SELECT COUNT(*) AS tp_count FROM `wd_reserve` WHERE `status` = 0 LIMIT 1   [ RunTime:0.0156s ]
SQL: SELECT * FROM `wd_reserve` WHERE `status` = 0 ORDER BY id LIMIT 0,12   [ RunTime:0.0156s ]
INFO: [ view_parse ] --START--
INFO: [ template_filter ] --START--
INFO: Run Behavior\ContentReplaceBehavior [ RunTime:0.000000s ]
INFO: [ template_filter ] --END-- [ RunTime:0.000000s ]
INFO: Run Behavior\ParseTemplateBehavior [ RunTime:0.015600s ]
INFO: [ view_parse ] --END-- [ RunTime:0.015600s ]
INFO: [ view_filter ] --START--
INFO: Run Behavior\WriteHtmlCacheBehavior [ RunTime:0.000000s ]
INFO: [ view_filter ] --END-- [ RunTime:0.000000s ]
INFO: [ app_end ] --START--
INFO: Run Behavior\ShowPageTraceBehavior [ RunTime:0.000000s ]
INFO: [ app_end ] --END-- [ RunTime:0.000000s ]

[ 2017-05-09T23:07:22+08:00 ] 114.83.73.137 /manager/chart/apply.html
INFO: [ app_init ] --START--
INFO: Run Behavior\BuildLiteBehavior [ RunTime:0.000000s ]
INFO: [ app_init ] --END-- [ RunTime:0.000000s ]
INFO: [ app_begin ] --START--
INFO: Run Behavior\ReadHtmlCacheBehavior [ RunTime:0.000000s ]
INFO: [ app_begin ] --END-- [ RunTime:0.000000s ]
NOTIC: [8] Use of undefined constant ture - assumed 'ture' F:\wwwroot\app\app\Manager\Controller\MainController.class.php 第 27 行.
SQL: SHOW COLUMNS FROM `wd_member` [ RunTime:0.0000s ]
SQL: SELECT COUNT(*) AS tp_count FROM `wd_member` WHERE `is_admin` = 0 LIMIT 1   [ RunTime:0.0000s ]
SQL: SHOW COLUMNS FROM `wd_apply` [ RunTime:0.0312s ]
SQL: SELECT * FROM `wd_apply` ORDER BY status asc ,id desc  [ RunTime:0.0312s ]
INFO: [ view_parse ] --START--
INFO: [ template_filter ] --START--
INFO: Run Behavior\ContentReplaceBehavior [ RunTime:0.000000s ]
INFO: [ template_filter ] --END-- [ RunTime:0.000000s ]
SQL: SELECT `cid` FROM `wd_member` WHERE `id` = 303 LIMIT 1   [ RunTime:0.0000s ]
SQL: SELECT `cid` FROM `wd_member` WHERE `id` = 315 LIMIT 1   [ RunTime:0.0000s ]
SQL: SELECT `cid` FROM `wd_member` WHERE `id` = 205 LIMIT 1   [ RunTime:0.0000s ]
SQL: SELECT `cid` FROM `wd_member` WHERE `id` = 138 LIMIT 1   [ RunTime:0.0000s ]
SQL: SELECT `cid` FROM `wd_member` WHERE `id` = 193 LIMIT 1   [ RunTime:0.0000s ]
SQL: SELECT `cid` FROM `wd_member` WHERE `id` = 280 LIMIT 1   [ RunTime:0.0156s ]
SQL: SELECT `cid` FROM `wd_member` WHERE `id` = 292 LIMIT 1   [ RunTime:0.0000s ]
SQL: SELECT `cid` FROM `wd_member` WHERE `id` = 270 LIMIT 1   [ RunTime:0.0000s ]
SQL: SELECT `cid` FROM `wd_member` WHERE `id` = 286 LIMIT 1   [ RunTime:0.0000s ]
SQL: SELECT `cid` FROM `wd_member` WHERE `id` = 233 LIMIT 1   [ RunTime:0.0000s ]
SQL: SELECT `cid` FROM `wd_member` WHERE `id` = 288 LIMIT 1   [ RunTime:0.0000s ]
SQL: SELECT `cid` FROM `wd_member` WHERE `id` = 271 LIMIT 1   [ RunTime:0.0000s ]
SQL: SELECT `cid` FROM `wd_member` WHERE `id` = 274 LIMIT 1   [ RunTime:0.0000s ]
SQL: SELECT `cid` FROM `wd_member` WHERE `id` = 175 LIMIT 1   [ RunTime:0.0000s ]
SQL: SELECT `cid` FROM `wd_member` WHERE `id` = 282 LIMIT 1   [ RunTime:0.0000s ]
SQL: SELECT `cid` FROM `wd_member` WHERE `id` = 264 LIMIT 1   [ RunTime:0.0000s ]
SQL: SELECT `cid` FROM `wd_member` WHERE `id` = 136 LIMIT 1   [ RunTime:0.0000s ]
SQL: SELECT `cid` FROM `wd_member` WHERE `id` = 223 LIMIT 1   [ RunTime:0.0000s ]
SQL: SELECT `cid` FROM `wd_member` WHERE `id` = 257 LIMIT 1   [ RunTime:0.0000s ]
SQL: SELECT `cid` FROM `wd_member` WHERE `id` = 268 LIMIT 1   [ RunTime:0.0000s ]
SQL: SELECT `cid` FROM `wd_member` WHERE `id` = 241 LIMIT 1   [ RunTime:0.0000s ]
SQL: SELECT `cid` FROM `wd_member` WHERE `id` = 171 LIMIT 1   [ RunTime:0.0000s ]
SQL: SELECT `cid` FROM `wd_member` WHERE `id` = 164 LIMIT 1   [ RunTime:0.0000s ]
SQL: SELECT `cid` FROM `wd_member` WHERE `id` = 69 LIMIT 1   [ RunTime:0.0000s ]
SQL: SELECT `cid` FROM `wd_member` WHERE `id` = 246 LIMIT 1   [ RunTime:0.0000s ]
SQL: SELECT `cid` FROM `wd_member` WHERE `id` = 208 LIMIT 1   [ RunTime:0.0000s ]
SQL: SELECT `cid` FROM `wd_member` WHERE `id` = 210 LIMIT 1   [ RunTime:0.0000s ]
SQL: SELECT `cid` FROM `wd_member` WHERE `id` = 157 LIMIT 1   [ RunTime:0.0000s ]
SQL: SELECT `cid` FROM `wd_member` WHERE `id` = 227 LIMIT 1   [ RunTime:0.0000s ]
SQL: SELECT `cid` FROM `wd_member` WHERE `id` = 228 LIMIT 1   [ RunTime:0.0000s ]
SQL: SELECT `cid` FROM `wd_member` WHERE `id` = 82 LIMIT 1   [ RunTime:0.0000s ]
SQL: SELECT `cid` FROM `wd_member` WHERE `id` = 196 LIMIT 1   [ RunTime:0.0000s ]
SQL: SELECT `cid` FROM `wd_member` WHERE `id` = 194 LIMIT 1   [ RunTime:0.0000s ]
SQL: SELECT `cid` FROM `wd_member` WHERE `id` = 198 LIMIT 1   [ RunTime:0.0000s ]
SQL: SELECT `cid` FROM `wd_member` WHERE `id` = 188 LIMIT 1   [ RunTime:0.0000s ]
SQL: SELECT `cid` FROM `wd_member` WHERE `id` = 186 LIMIT 1   [ RunTime:0.0000s ]
SQL: SELECT `cid` FROM `wd_member` WHERE `id` = 166 LIMIT 1   [ RunTime:0.0000s ]
SQL: SELECT `cid` FROM `wd_member` WHERE `id` = 160 LIMIT 1   [ RunTime:0.0000s ]
SQL: SELECT `cid` FROM `wd_member` WHERE `id` = 167 LIMIT 1   [ RunTime:0.0000s ]
SQL: SELECT `cid` FROM `wd_member` WHERE `id` = 169 LIMIT 1   [ RunTime:0.0000s ]
SQL: SELECT `cid` FROM `wd_member` WHERE `id` = 128 LIMIT 1   [ RunTime:0.0000s ]
SQL: SELECT `cid` FROM `wd_member` WHERE `id` = 168 LIMIT 1   [ RunTime:0.0000s ]
SQL: SELECT `cid` FROM `wd_member` WHERE `id` = 156 LIMIT 1   [ RunTime:0.0000s ]
SQL: SELECT `cid` FROM `wd_member` WHERE `id` = 149 LIMIT 1   [ RunTime:0.0000s ]
SQL: SELECT `cid` FROM `wd_member` WHERE `id` = 126 LIMIT 1   [ RunTime:0.0000s ]
SQL: SELECT `cid` FROM `wd_member` WHERE `id` = 100 LIMIT 1   [ RunTime:0.0000s ]
SQL: SELECT `cid` FROM `wd_member` WHERE `id` = 140 LIMIT 1   [ RunTime:0.0156s ]
SQL: SELECT `cid` FROM `wd_member` WHERE `id` = 145 LIMIT 1   [ RunTime:0.0000s ]
SQL: SELECT `cid` FROM `wd_member` WHERE `id` = 143 LIMIT 1   [ RunTime:0.0000s ]
SQL: SELECT `cid` FROM `wd_member` WHERE `id` = 147 LIMIT 1   [ RunTime:0.0000s ]
SQL: SELECT `cid` FROM `wd_member` WHERE `id` = 118 LIMIT 1   [ RunTime:0.0000s ]
SQL: SELECT `cid` FROM `wd_member` WHERE `id` = 142 LIMIT 1   [ RunTime:0.0000s ]
SQL: SELECT `cid` FROM `wd_member` WHERE `id` = 141 LIMIT 1   [ RunTime:0.0000s ]
SQL: SELECT `cid` FROM `wd_member` WHERE `id` = 139 LIMIT 1   [ RunTime:0.0000s ]
SQL: SELECT `cid` FROM `wd_member` WHERE `id` = 117 LIMIT 1   [ RunTime:0.0000s ]
SQL: SELECT `cid` FROM `wd_member` WHERE `id` = 132 LIMIT 1   [ RunTime:0.0000s ]
SQL: SELECT `cid` FROM `wd_member` WHERE `id` = 116 LIMIT 1   [ RunTime:0.0000s ]
SQL: SELECT `cid` FROM `wd_member` WHERE `id` = 61 LIMIT 1   [ RunTime:0.0000s ]
SQL: SELECT `cid` FROM `wd_member` WHERE `id` = 99 LIMIT 1   [ RunTime:0.0000s ]
SQL: SELECT `cid` FROM `wd_member` WHERE `id` = 93 LIMIT 1   [ RunTime:0.0000s ]
SQL: SELECT `cid` FROM `wd_member` WHERE `id` = 54 LIMIT 1   [ RunTime:0.0000s ]
SQL: SELECT `cid` FROM `wd_member` WHERE `id` = 60 LIMIT 1   [ RunTime:0.0000s ]
SQL: SELECT `cid` FROM `wd_member` WHERE `id` = 64 LIMIT 1   [ RunTime:0.0000s ]
SQL: SELECT `cid` FROM `wd_member` WHERE `id` = 56 LIMIT 1   [ RunTime:0.0000s ]
SQL: SELECT `cid` FROM `wd_member` WHERE `id` = 55 LIMIT 1   [ RunTime:0.0000s ]
SQL: SELECT `cid` FROM `wd_member` WHERE `id` = 41 LIMIT 1   [ RunTime:0.0000s ]
SQL: SELECT `cid` FROM `wd_member` WHERE `id` = 46 LIMIT 1   [ RunTime:0.0000s ]
SQL: SELECT `cid` FROM `wd_member` WHERE `id` = 327 LIMIT 1   [ RunTime:0.0156s ]
SQL: SELECT `cid` FROM `wd_member` WHERE `id` = 45 LIMIT 1   [ RunTime:0.0000s ]
SQL: SELECT `cid` FROM `wd_member` WHERE `id` = 44 LIMIT 1   [ RunTime:0.0000s ]
NOTIC: [8] Undefined variable: page F:\wwwroot\app\runtime\Cache\Manager\f4b99545379362007cca900104454be0.php 第 315 行.
INFO: Run Behavior\ParseTemplateBehavior [ RunTime:0.109200s ]
INFO: [ view_parse ] --END-- [ RunTime:0.109200s ]
INFO: [ view_filter ] --START--
INFO: Run Behavior\WriteHtmlCacheBehavior [ RunTime:0.000000s ]
INFO: [ view_filter ] --END-- [ RunTime:0.000000s ]
INFO: [ app_end ] --START--
INFO: Run Behavior\ShowPageTraceBehavior [ RunTime:0.000000s ]
INFO: [ app_end ] --END-- [ RunTime:0.000000s ]

[ 2017-05-09T23:07:32+08:00 ] 114.83.73.137 /manager/chart/examine.html
INFO: [ app_init ] --START--
INFO: Run Behavior\BuildLiteBehavior [ RunTime:0.000000s ]
INFO: [ app_init ] --END-- [ RunTime:0.000000s ]
INFO: [ app_begin ] --START--
INFO: Run Behavior\ReadHtmlCacheBehavior [ RunTime:0.000000s ]
INFO: [ app_begin ] --END-- [ RunTime:0.000000s ]
NOTIC: [8] Use of undefined constant ture - assumed 'ture' F:\wwwroot\app\app\Manager\Controller\MainController.class.php 第 27 行.
SQL: SHOW COLUMNS FROM `wd_member` [ RunTime:0.0000s ]
SQL: SELECT COUNT(*) AS tp_count FROM `wd_member` WHERE `is_admin` = 0 LIMIT 1   [ RunTime:0.0000s ]
SQL: SHOW COLUMNS FROM `wd_reserve` [ RunTime:0.0000s ]
SQL: SELECT COUNT(*) AS tp_count FROM `wd_reserve` WHERE `status` = 0 LIMIT 1   [ RunTime:0.0000s ]
SQL: SELECT * FROM `wd_reserve` WHERE `status` = 0 ORDER BY id LIMIT 0,12   [ RunTime:0.0000s ]
INFO: [ view_parse ] --START--
INFO: [ template_filter ] --START--
INFO: Run Behavior\ContentReplaceBehavior [ RunTime:0.000000s ]
INFO: [ template_filter ] --END-- [ RunTime:0.000000s ]
INFO: Run Behavior\ParseTemplateBehavior [ RunTime:0.031200s ]
INFO: [ view_parse ] --END-- [ RunTime:0.031200s ]
INFO: [ view_filter ] --START--
INFO: Run Behavior\WriteHtmlCacheBehavior [ RunTime:0.000000s ]
INFO: [ view_filter ] --END-- [ RunTime:0.000000s ]
INFO: [ app_end ] --START--
INFO: Run Behavior\ShowPageTraceBehavior [ RunTime:0.000000s ]
INFO: [ app_end ] --END-- [ RunTime:0.000000s ]

[ 2017-05-09T23:07:38+08:00 ] 114.83.73.137 /manager/adver/trade.html
INFO: [ app_init ] --START--
INFO: Run Behavior\BuildLiteBehavior [ RunTime:0.000000s ]
INFO: [ app_init ] --END-- [ RunTime:0.000000s ]
INFO: [ app_begin ] --START--
INFO: Run Behavior\ReadHtmlCacheBehavior [ RunTime:0.000000s ]
INFO: [ app_begin ] --END-- [ RunTime:0.000000s ]
NOTIC: [8] Use of undefined constant ture - assumed 'ture' F:\wwwroot\app\app\Manager\Controller\MainController.class.php 第 27 行.
SQL: SHOW COLUMNS FROM `wd_member` [ RunTime:0.0000s ]
SQL: SELECT COUNT(*) AS tp_count FROM `wd_member` WHERE `is_admin` = 0 LIMIT 1   [ RunTime:0.0000s ]
SQL: SHOW COLUMNS FROM `wd_order` [ RunTime:0.0000s ]
SQL: SELECT COUNT(*) AS tp_count FROM `wd_order` LIMIT 1   [ RunTime:0.0000s ]
SQL: SELECT * FROM `wd_order` WHERE `status` = 4 AND `ad_type` = 2 ORDER BY id desc LIMIT 0,12   [ RunTime:0.0000s ]
INFO: [ view_parse ] --START--
INFO: [ template_filter ] --START--
INFO: Run Behavior\ContentReplaceBehavior [ RunTime:0.000000s ]
INFO: [ template_filter ] --END-- [ RunTime:0.000000s ]
INFO: Run Behavior\ParseTemplateBehavior [ RunTime:0.046800s ]
INFO: [ view_parse ] --END-- [ RunTime:0.046800s ]
INFO: [ view_filter ] --START--
INFO: Run Behavior\WriteHtmlCacheBehavior [ RunTime:0.000000s ]
INFO: [ view_filter ] --END-- [ RunTime:0.000000s ]
INFO: [ app_end ] --START--
INFO: Run Behavior\ShowPageTraceBehavior [ RunTime:0.000000s ]
INFO: [ app_end ] --END-- [ RunTime:0.000000s ]

[ 2017-05-09T23:07:46+08:00 ] 114.83.73.137 /manager/user/index.html
INFO: [ app_init ] --START--
INFO: Run Behavior\BuildLiteBehavior [ RunTime:0.000000s ]
INFO: [ app_init ] --END-- [ RunTime:0.000000s ]
INFO: [ app_begin ] --START--
INFO: Run Behavior\ReadHtmlCacheBehavior [ RunTime:0.000000s ]
INFO: [ app_begin ] --END-- [ RunTime:0.000000s ]
NOTIC: [8] Use of undefined constant ture - assumed 'ture' F:\wwwroot\app\app\Manager\Controller\MainController.class.php 第 27 行.
SQL: SHOW COLUMNS FROM `wd_member` [ RunTime:0.0000s ]
SQL: SELECT COUNT(*) AS tp_count FROM `wd_member` WHERE `is_admin` = 0 LIMIT 1   [ RunTime:0.0000s ]
SQL: SHOW COLUMNS FROM `wd_company` [ RunTime:0.0000s ]
SQL: SELECT COUNT(*) AS tp_count FROM wd_member Member  JOIN wd_company Company ON Member.cid=Company.id WHERE Company.status = 1 LIMIT 1   [ RunTime:0.0000s ]
SQL: SELECT Member.id AS id,Member.username AS username,Member.group_id AS group_id,Member.status AS status,Member.is_admin AS is_admin,Member.cid AS cid,Company.company_name AS company_name,Company.register_num AS register_num,Company.scan_part AS scan_part,Company.residence AS residence,Company.address AS address,Company.scope AS scope,Company.type AS type,Company.c_name AS c_name,Company.c_tel AS c_tel,Company.c_email AS c_email,Company.c_duties AS c_duties,Company.c_phone AS c_phone,Company.c_fax AS c_fax,Company.f_name AS f_name,Company.f_tel AS f_tel,Company.f_email AS f_email,Company.f_duties AS f_duties,Company.f_phone AS f_phone,Company.f_fax AS f_fax FROM wd_member Member  JOIN wd_company Company ON Member.cid=Company.id WHERE Company.status = 1 ORDER BY Member.id ASC LIMIT 0,18   [ RunTime:0.0000s ]
INFO: [ view_parse ] --START--
INFO: [ template_filter ] --START--
INFO: Run Behavior\ContentReplaceBehavior [ RunTime:0.000000s ]
INFO: [ template_filter ] --END-- [ RunTime:0.000000s ]
INFO: Run Behavior\ParseTemplateBehavior [ RunTime:0.031200s ]
INFO: [ view_parse ] --END-- [ RunTime:0.031200s ]
INFO: [ view_filter ] --START--
INFO: Run Behavior\WriteHtmlCacheBehavior [ RunTime:0.000000s ]
INFO: [ view_filter ] --END-- [ RunTime:0.000000s ]
INFO: [ app_end ] --START--
INFO: Run Behavior\ShowPageTraceBehavior [ RunTime:0.000000s ]
INFO: [ app_end ] --END-- [ RunTime:0.000000s ]

[ 2017-05-09T23:07:57+08:00 ] 114.83.73.137 /manager/user/verify.html
INFO: [ app_init ] --START--
INFO: Run Behavior\BuildLiteBehavior [ RunTime:0.000000s ]
INFO: [ app_init ] --END-- [ RunTime:0.000000s ]
INFO: [ app_begin ] --START--
INFO: Run Behavior\ReadHtmlCacheBehavior [ RunTime:0.000000s ]
INFO: [ app_begin ] --END-- [ RunTime:0.000000s ]
NOTIC: [8] Use of undefined constant ture - assumed 'ture' F:\wwwroot\app\app\Manager\Controller\MainController.class.php 第 27 行.
SQL: SHOW COLUMNS FROM `wd_member` [ RunTime:0.0000s ]
SQL: SELECT COUNT(*) AS tp_count FROM `wd_member` WHERE `is_admin` = 0 LIMIT 1   [ RunTime:0.0000s ]
SQL: SHOW COLUMNS FROM `wd_company` [ RunTime:0.0000s ]
SQL: SELECT COUNT(*) AS tp_count FROM wd_member Member  JOIN wd_company Company ON Member.cid=Company.id WHERE Company.status = 0 LIMIT 1   [ RunTime:0.0000s ]
SQL: SELECT Member.id AS id,Member.username AS username,Member.group_id AS group_id,Member.status AS status,Member.is_admin AS is_admin,Member.cid AS cid,Company.company_name AS company_name,Company.register_num AS register_num,Company.scan_part AS scan_part,Company.residence AS residence,Company.address AS address,Company.scope AS scope,Company.type AS type,Company.c_name AS c_name,Company.c_tel AS c_tel,Company.c_email AS c_email,Company.c_duties AS c_duties,Company.c_phone AS c_phone,Company.c_fax AS c_fax,Company.f_name AS f_name,Company.f_tel AS f_tel,Company.f_email AS f_email,Company.f_duties AS f_duties,Company.f_phone AS f_phone,Company.f_fax AS f_fax FROM wd_member Member  JOIN wd_company Company ON Member.cid=Company.id WHERE Company.status = 0 ORDER BY Member.id ASC LIMIT 0,18   [ RunTime:0.0000s ]
INFO: [ view_parse ] --START--
INFO: [ template_filter ] --START--
INFO: Run Behavior\ContentReplaceBehavior [ RunTime:0.000000s ]
INFO: [ template_filter ] --END-- [ RunTime:0.000000s ]
INFO: Run Behavior\ParseTemplateBehavior [ RunTime:0.015600s ]
INFO: [ view_parse ] --END-- [ RunTime:0.015600s ]
INFO: [ view_filter ] --START--
INFO: Run Behavior\WriteHtmlCacheBehavior [ RunTime:0.000000s ]
INFO: [ view_filter ] --END-- [ RunTime:0.000000s ]
INFO: [ app_end ] --START--
INFO: Run Behavior\ShowPageTraceBehavior [ RunTime:0.000000s ]
INFO: [ app_end ] --END-- [ RunTime:0.000000s ]

[ 2017-05-09T23:08:22+08:00 ] 114.83.73.137 /manager/invoice/index.html
INFO: [ app_init ] --START--
INFO: Run Behavior\BuildLiteBehavior [ RunTime:0.000000s ]
INFO: [ app_init ] --END-- [ RunTime:0.000000s ]
INFO: [ app_begin ] --START--
INFO: Run Behavior\ReadHtmlCacheBehavior [ RunTime:0.000000s ]
INFO: [ app_begin ] --END-- [ RunTime:0.000000s ]
NOTIC: [2048] Declaration of Manager\Controller\InvoiceController::show() should be compatible with Think\Controller::show($content, $charset = '', $contentType = '', $prefix = '') F:\wwwroot\app\app\Manager\Controller\InvoiceController.class.php 第 11 行.
NOTIC: [8] Use of undefined constant ture - assumed 'ture' F:\wwwroot\app\app\Manager\Controller\MainController.class.php 第 27 行.
SQL: SHOW COLUMNS FROM `wd_member` [ RunTime:0.0156s ]
SQL: SELECT COUNT(*) AS tp_count FROM `wd_member` WHERE `is_admin` = 0 LIMIT 1   [ RunTime:0.0000s ]
SQL: SHOW COLUMNS FROM `wd_invoice` [ RunTime:0.0156s ]
SQL: SELECT * FROM `wd_invoice` ORDER BY status desc  [ RunTime:0.0000s ]
INFO: [ view_parse ] --START--
INFO: [ template_filter ] --START--
INFO: Run Behavior\ContentReplaceBehavior [ RunTime:0.000000s ]
INFO: [ template_filter ] --END-- [ RunTime:0.000000s ]
NOTIC: [8] Undefined variable: page F:\wwwroot\app\runtime\Cache\Manager\e4c08d5bae2ae22c41457f864112307f.php 第 312 行.
INFO: Run Behavior\ParseTemplateBehavior [ RunTime:0.046800s ]
INFO: [ view_parse ] --END-- [ RunTime:0.046800s ]
INFO: [ view_filter ] --START--
INFO: Run Behavior\WriteHtmlCacheBehavior [ RunTime:0.000000s ]
INFO: [ view_filter ] --END-- [ RunTime:0.000000s ]
INFO: [ app_end ] --START--
INFO: Run Behavior\ShowPageTraceBehavior [ RunTime:0.000000s ]
INFO: [ app_end ] --END-- [ RunTime:0.000000s ]

[ 2017-05-09T23:08:27+08:00 ] 114.83.73.137 /manager/invoice/apply.html
INFO: [ app_init ] --START--
INFO: Run Behavior\BuildLiteBehavior [ RunTime:0.000000s ]
INFO: [ app_init ] --END-- [ RunTime:0.015600s ]
INFO: [ app_begin ] --START--
INFO: Run Behavior\ReadHtmlCacheBehavior [ RunTime:0.000000s ]
INFO: [ app_begin ] --END-- [ RunTime:0.000000s ]
NOTIC: [2048] Declaration of Manager\Controller\InvoiceController::show() should be compatible with Think\Controller::show($content, $charset = '', $contentType = '', $prefix = '') F:\wwwroot\app\app\Manager\Controller\InvoiceController.class.php 第 11 行.
NOTIC: [8] Use of undefined constant ture - assumed 'ture' F:\wwwroot\app\app\Manager\Controller\MainController.class.php 第 27 行.
SQL: SHOW COLUMNS FROM `wd_member` [ RunTime:0.0000s ]
SQL: SELECT COUNT(*) AS tp_count FROM `wd_member` WHERE `is_admin` = 0 LIMIT 1   [ RunTime:0.0000s ]
SQL: SHOW COLUMNS FROM `wd_pay` [ RunTime:0.0000s ]
SQL: SELECT h.hall_num,b.booth_num,b.area,b.hall_area,p.* FROM wd_pay p left join wd_booth as b on b.id=p.pid left join wd_hall as h on h.id=b.hid  ORDER BY p.status asc,p.id desc  [ RunTime:0.1872s ]
INFO: [ view_parse ] --START--
INFO: [ template_filter ] --START--
INFO: Run Behavior\ContentReplaceBehavior [ RunTime:0.000000s ]
INFO: [ template_filter ] --END-- [ RunTime:0.000000s ]
NOTIC: [8] Undefined variable: page F:\wwwroot\app\runtime\Cache\Manager\57cc54ec4459d61887fd9ff024069f90.php 第 324 行.
INFO: Run Behavior\ParseTemplateBehavior [ RunTime:0.046800s ]
INFO: [ view_parse ] --END-- [ RunTime:0.046800s ]
INFO: [ view_filter ] --START--
INFO: Run Behavior\WriteHtmlCacheBehavior [ RunTime:0.000000s ]
INFO: [ view_filter ] --END-- [ RunTime:0.000000s ]
INFO: [ app_end ] --START--
INFO: Run Behavior\ShowPageTraceBehavior [ RunTime:0.000000s ]
INFO: [ app_end ] --END-- [ RunTime:0.000000s ]

[ 2017-05-09T23:27:09+08:00 ] 114.83.73.137 /manager/login.html
INFO: [ app_init ] --START--
INFO: Run Behavior\BuildLiteBehavior [ RunTime:0.000000s ]
INFO: [ app_init ] --END-- [ RunTime:0.015600s ]
INFO: [ app_begin ] --START--
INFO: Run Behavior\ReadHtmlCacheBehavior [ RunTime:0.000000s ]
INFO: [ app_begin ] --END-- [ RunTime:0.000000s ]
INFO: [ view_parse ] --START--
INFO: [ template_filter ] --START--
INFO: Run Behavior\ContentReplaceBehavior [ RunTime:0.000000s ]
INFO: [ template_filter ] --END-- [ RunTime:0.000000s ]
INFO: Run Behavior\ParseTemplateBehavior [ RunTime:0.031200s ]
INFO: [ view_parse ] --END-- [ RunTime:0.031200s ]
INFO: [ view_filter ] --START--
INFO: Run Behavior\WriteHtmlCacheBehavior [ RunTime:0.000000s ]
INFO: [ view_filter ] --END-- [ RunTime:0.000000s ]
INFO: [ app_end ] --START--
INFO: Run Behavior\ShowPageTraceBehavior [ RunTime:0.000000s ]
INFO: [ app_end ] --END-- [ RunTime:0.000000s ]

