[ 2017-05-08T10:29:44+08:00 ] 114.83.73.137 /manager/login.html
INFO: [ app_init ] --START--
INFO: Run Behavior\BuildLiteBehavior [ RunTime:0.000000s ]
INFO: [ app_init ] --END-- [ RunTime:0.000000s ]
INFO: [ app_begin ] --START--
INFO: Run Behavior\ReadHtmlCacheBehavior [ RunTime:0.000000s ]
INFO: [ app_begin ] --END-- [ RunTime:0.000000s ]
INFO: [ view_parse ] --START--
INFO: [ template_filter ] --START--
INFO: Run Behavior\ContentReplaceBehavior [ RunTime:0.000000s ]
INFO: [ template_filter ] --END-- [ RunTime:0.000000s ]
INFO: Run Behavior\ParseTemplateBehavior [ RunTime:0.046800s ]
INFO: [ view_parse ] --END-- [ RunTime:0.046800s ]
INFO: [ view_filter ] --START--
INFO: Run Behavior\WriteHtmlCacheBehavior [ RunTime:0.000000s ]
INFO: [ view_filter ] --END-- [ RunTime:0.000000s ]
INFO: [ app_end ] --START--
INFO: Run Behavior\ShowPageTraceBehavior [ RunTime:0.000000s ]
INFO: [ app_end ] --END-- [ RunTime:0.000000s ]

[ 2017-05-08T10:30:01+08:00 ] 114.83.73.137 /manager/login/login.html
INFO: [ app_init ] --START--
INFO: Run Behavior\BuildLiteBehavior [ RunTime:0.000000s ]
INFO: [ app_init ] --END-- [ RunTime:0.000000s ]
INFO: [ app_begin ] --START--
INFO: Run Behavior\ReadHtmlCacheBehavior [ RunTime:0.000000s ]
INFO: [ app_begin ] --END-- [ RunTime:0.000000s ]
SQL: SHOW COLUMNS FROM `wd_member` [ RunTime:0.0000s ]
SQL: SELECT `id`,`username`,`salt`,`password`,`group_id`,`forbidden`,`is_first_login`,`is_admin` FROM `wd_member` WHERE `username` = 'admin' LIMIT 1   [ RunTime:0.0312s ]

[ 2017-05-08T10:30:18+08:00 ] 114.83.73.137 /manager/login/login.html
INFO: [ app_init ] --START--
INFO: Run Behavior\BuildLiteBehavior [ RunTime:0.000000s ]
INFO: [ app_init ] --END-- [ RunTime:0.000000s ]
INFO: [ app_begin ] --START--
INFO: Run Behavior\ReadHtmlCacheBehavior [ RunTime:0.000000s ]
INFO: [ app_begin ] --END-- [ RunTime:0.000000s ]
SQL: SHOW COLUMNS FROM `wd_member` [ RunTime:0.0000s ]
SQL: SELECT `id`,`username`,`salt`,`password`,`group_id`,`forbidden`,`is_first_login`,`is_admin` FROM `wd_member` WHERE `username` = 'weee' LIMIT 1   [ RunTime:0.0000s ]

[ 2017-05-08T10:31:26+08:00 ] 114.83.73.137 /manager/login.html
INFO: [ app_init ] --START--
INFO: Run Behavior\BuildLiteBehavior [ RunTime:0.000000s ]
INFO: [ app_init ] --END-- [ RunTime:0.000000s ]
INFO: [ app_begin ] --START--
INFO: Run Behavior\ReadHtmlCacheBehavior [ RunTime:0.000000s ]
INFO: [ app_begin ] --END-- [ RunTime:0.000000s ]
INFO: [ view_parse ] --START--
INFO: [ template_filter ] --START--
INFO: Run Behavior\ContentReplaceBehavior [ RunTime:0.000000s ]
INFO: [ template_filter ] --END-- [ RunTime:0.000000s ]
INFO: Run Behavior\ParseTemplateBehavior [ RunTime:0.000000s ]
INFO: [ view_parse ] --END-- [ RunTime:0.000000s ]
INFO: [ view_filter ] --START--
INFO: Run Behavior\WriteHtmlCacheBehavior [ RunTime:0.000000s ]
INFO: [ view_filter ] --END-- [ RunTime:0.000000s ]
INFO: [ app_end ] --START--
INFO: Run Behavior\ShowPageTraceBehavior [ RunTime:0.000000s ]
INFO: [ app_end ] --END-- [ RunTime:0.000000s ]

[ 2017-05-08T10:31:36+08:00 ] 114.83.73.137 /manager/login/login.html
INFO: [ app_init ] --START--
INFO: Run Behavior\BuildLiteBehavior [ RunTime:0.000000s ]
INFO: [ app_init ] --END-- [ RunTime:0.015600s ]
INFO: [ app_begin ] --START--
INFO: Run Behavior\ReadHtmlCacheBehavior [ RunTime:0.000000s ]
INFO: [ app_begin ] --END-- [ RunTime:0.000000s ]
SQL: SHOW COLUMNS FROM `wd_member` [ RunTime:0.0000s ]
SQL: SELECT `id`,`username`,`salt`,`password`,`group_id`,`forbidden`,`is_first_login`,`is_admin` FROM `wd_member` WHERE `username` = 'hack' LIMIT 1   [ RunTime:0.0000s ]

[ 2017-05-08T10:31:46+08:00 ] 114.83.73.137 /manager/login.html
INFO: [ app_init ] --START--
INFO: Run Behavior\BuildLiteBehavior [ RunTime:0.000000s ]
INFO: [ app_init ] --END-- [ RunTime:0.000000s ]
INFO: [ app_begin ] --START--
INFO: Run Behavior\ReadHtmlCacheBehavior [ RunTime:0.000000s ]
INFO: [ app_begin ] --END-- [ RunTime:0.000000s ]
INFO: [ view_parse ] --START--
INFO: [ template_filter ] --START--
INFO: Run Behavior\ContentReplaceBehavior [ RunTime:0.000000s ]
INFO: [ template_filter ] --END-- [ RunTime:0.000000s ]
INFO: Run Behavior\ParseTemplateBehavior [ RunTime:0.000000s ]
INFO: [ view_parse ] --END-- [ RunTime:0.000000s ]
INFO: [ view_filter ] --START--
INFO: Run Behavior\WriteHtmlCacheBehavior [ RunTime:0.000000s ]
INFO: [ view_filter ] --END-- [ RunTime:0.000000s ]
INFO: [ app_end ] --START--
INFO: Run Behavior\ShowPageTraceBehavior [ RunTime:0.000000s ]
INFO: [ app_end ] --END-- [ RunTime:0.000000s ]

[ 2017-05-08T10:31:52+08:00 ] 114.83.73.137 /manager/login.html
INFO: [ app_init ] --START--
INFO: Run Behavior\BuildLiteBehavior [ RunTime:0.000000s ]
INFO: [ app_init ] --END-- [ RunTime:0.000000s ]
INFO: [ app_begin ] --START--
INFO: Run Behavior\ReadHtmlCacheBehavior [ RunTime:0.000000s ]
INFO: [ app_begin ] --END-- [ RunTime:0.000000s ]
INFO: [ view_parse ] --START--
INFO: [ template_filter ] --START--
INFO: Run Behavior\ContentReplaceBehavior [ RunTime:0.000000s ]
INFO: [ template_filter ] --END-- [ RunTime:0.000000s ]
INFO: Run Behavior\ParseTemplateBehavior [ RunTime:0.000000s ]
INFO: [ view_parse ] --END-- [ RunTime:0.000000s ]
INFO: [ view_filter ] --START--
INFO: Run Behavior\WriteHtmlCacheBehavior [ RunTime:0.000000s ]
INFO: [ view_filter ] --END-- [ RunTime:0.000000s ]
INFO: [ app_end ] --START--
INFO: Run Behavior\ShowPageTraceBehavior [ RunTime:0.000000s ]
INFO: [ app_end ] --END-- [ RunTime:0.000000s ]

[ 2017-05-08T11:11:31+08:00 ] 114.83.73.137 /manager/login.html
INFO: [ app_init ] --START--
INFO: Run Behavior\BuildLiteBehavior [ RunTime:0.000000s ]
INFO: [ app_init ] --END-- [ RunTime:0.000000s ]
INFO: [ app_begin ] --START--
INFO: Run Behavior\ReadHtmlCacheBehavior [ RunTime:0.000000s ]
INFO: [ app_begin ] --END-- [ RunTime:0.000000s ]
INFO: [ view_parse ] --START--
INFO: [ template_filter ] --START--
INFO: Run Behavior\ContentReplaceBehavior [ RunTime:0.000000s ]
INFO: [ template_filter ] --END-- [ RunTime:0.000000s ]
INFO: Run Behavior\ParseTemplateBehavior [ RunTime:0.031200s ]
INFO: [ view_parse ] --END-- [ RunTime:0.031200s ]
INFO: [ view_filter ] --START--
INFO: Run Behavior\WriteHtmlCacheBehavior [ RunTime:0.000000s ]
INFO: [ view_filter ] --END-- [ RunTime:0.000000s ]
INFO: [ app_end ] --START--
INFO: Run Behavior\ShowPageTraceBehavior [ RunTime:0.000000s ]
INFO: [ app_end ] --END-- [ RunTime:0.000000s ]

[ 2017-05-08T11:11:40+08:00 ] 101.226.33.204 /manager/login.html
INFO: [ app_init ] --START--
INFO: Run Behavior\BuildLiteBehavior [ RunTime:0.000000s ]
INFO: [ app_init ] --END-- [ RunTime:0.000000s ]
INFO: [ app_begin ] --START--
INFO: Run Behavior\ReadHtmlCacheBehavior [ RunTime:0.000000s ]
INFO: [ app_begin ] --END-- [ RunTime:0.000000s ]
INFO: [ view_parse ] --START--
INFO: [ template_filter ] --START--
INFO: Run Behavior\ContentReplaceBehavior [ RunTime:0.000000s ]
INFO: [ template_filter ] --END-- [ RunTime:0.000000s ]
INFO: Run Behavior\ParseTemplateBehavior [ RunTime:0.000000s ]
INFO: [ view_parse ] --END-- [ RunTime:0.000000s ]
INFO: [ view_filter ] --START--
INFO: Run Behavior\WriteHtmlCacheBehavior [ RunTime:0.000000s ]
INFO: [ view_filter ] --END-- [ RunTime:0.000000s ]
INFO: [ app_end ] --START--
INFO: Run Behavior\ShowPageTraceBehavior [ RunTime:0.000000s ]
INFO: [ app_end ] --END-- [ RunTime:0.000000s ]

[ 2017-05-08T11:15:46+08:00 ] 114.83.73.137 /manager/login/login.html
INFO: [ app_init ] --START--
INFO: Run Behavior\BuildLiteBehavior [ RunTime:0.000000s ]
INFO: [ app_init ] --END-- [ RunTime:0.000000s ]
INFO: [ app_begin ] --START--
INFO: Run Behavior\ReadHtmlCacheBehavior [ RunTime:0.000000s ]
INFO: [ app_begin ] --END-- [ RunTime:0.000000s ]
SQL: SHOW COLUMNS FROM `wd_member` [ RunTime:0.0156s ]
SQL: SELECT `id`,`username`,`salt`,`password`,`group_id`,`forbidden`,`is_first_login`,`is_admin` FROM `wd_member` WHERE `username` = 'admin' LIMIT 1   [ RunTime:0.0000s ]

[ 2017-05-08T11:15:58+08:00 ] 114.83.73.137 /manager/login/login.html
INFO: [ app_init ] --START--
INFO: Run Behavior\BuildLiteBehavior [ RunTime:0.000000s ]
INFO: [ app_init ] --END-- [ RunTime:0.000000s ]
INFO: [ app_begin ] --START--
INFO: Run Behavior\ReadHtmlCacheBehavior [ RunTime:0.000000s ]
INFO: [ app_begin ] --END-- [ RunTime:0.000000s ]
SQL: SHOW COLUMNS FROM `wd_member` [ RunTime:0.0000s ]
SQL: SELECT `id`,`username`,`salt`,`password`,`group_id`,`forbidden`,`is_first_login`,`is_admin` FROM `wd_member` WHERE `username` = 'admin' LIMIT 1   [ RunTime:0.0000s ]

[ 2017-05-08T12:09:34+08:00 ] 114.83.73.137 /manager/login/login.html
INFO: [ app_init ] --START--
INFO: Run Behavior\BuildLiteBehavior [ RunTime:0.000000s ]
INFO: [ app_init ] --END-- [ RunTime:0.000000s ]
INFO: [ app_begin ] --START--
INFO: Run Behavior\ReadHtmlCacheBehavior [ RunTime:0.015600s ]
INFO: [ app_begin ] --END-- [ RunTime:0.015600s ]
SQL: SHOW COLUMNS FROM `wd_member` [ RunTime:0.0000s ]
SQL: SELECT `id`,`username`,`salt`,`password`,`group_id`,`forbidden`,`is_first_login`,`is_admin` FROM `wd_member` WHERE `username` = 'weee' LIMIT 1   [ RunTime:0.0000s ]

[ 2017-05-08T12:09:44+08:00 ] 114.83.73.137 /manager/login/login.html
INFO: [ app_init ] --START--
INFO: Run Behavior\BuildLiteBehavior [ RunTime:0.000000s ]
INFO: [ app_init ] --END-- [ RunTime:0.000000s ]
INFO: [ app_begin ] --START--
INFO: Run Behavior\ReadHtmlCacheBehavior [ RunTime:0.000000s ]
INFO: [ app_begin ] --END-- [ RunTime:0.000000s ]
SQL: SHOW COLUMNS FROM `wd_member` [ RunTime:0.0000s ]
SQL: SELECT `id`,`username`,`salt`,`password`,`group_id`,`forbidden`,`is_first_login`,`is_admin` FROM `wd_member` WHERE `username` = 'hack' LIMIT 1   [ RunTime:0.0000s ]

[ 2017-05-08T12:09:54+08:00 ] 114.83.73.137 /manager/login/login.html
INFO: [ app_init ] --START--
INFO: Run Behavior\BuildLiteBehavior [ RunTime:0.000000s ]
INFO: [ app_init ] --END-- [ RunTime:0.000000s ]
INFO: [ app_begin ] --START--
INFO: Run Behavior\ReadHtmlCacheBehavior [ RunTime:0.000000s ]
INFO: [ app_begin ] --END-- [ RunTime:0.000000s ]
SQL: SHOW COLUMNS FROM `wd_member` [ RunTime:0.0000s ]
SQL: SELECT `id`,`username`,`salt`,`password`,`group_id`,`forbidden`,`is_first_login`,`is_admin` FROM `wd_member` WHERE `username` = 'admin' LIMIT 1   [ RunTime:0.0000s ]

[ 2017-05-08T12:32:02+08:00 ] 114.83.73.137 /manager/login.html
INFO: [ app_init ] --START--
INFO: Run Behavior\BuildLiteBehavior [ RunTime:0.000000s ]
INFO: [ app_init ] --END-- [ RunTime:0.000000s ]
INFO: [ app_begin ] --START--
INFO: Run Behavior\ReadHtmlCacheBehavior [ RunTime:0.015600s ]
INFO: [ app_begin ] --END-- [ RunTime:0.015600s ]
INFO: [ view_parse ] --START--
INFO: [ template_filter ] --START--
INFO: Run Behavior\ContentReplaceBehavior [ RunTime:0.000000s ]
INFO: [ template_filter ] --END-- [ RunTime:0.000000s ]
INFO: Run Behavior\ParseTemplateBehavior [ RunTime:0.015600s ]
INFO: [ view_parse ] --END-- [ RunTime:0.015600s ]
INFO: [ view_filter ] --START--
INFO: Run Behavior\WriteHtmlCacheBehavior [ RunTime:0.000000s ]
INFO: [ view_filter ] --END-- [ RunTime:0.000000s ]
INFO: [ app_end ] --START--
INFO: Run Behavior\ShowPageTraceBehavior [ RunTime:0.015600s ]
INFO: [ app_end ] --END-- [ RunTime:0.015600s ]

[ 2017-05-08T12:32:16+08:00 ] 114.83.73.137 /manager/login/login.html
INFO: [ app_init ] --START--
INFO: Run Behavior\BuildLiteBehavior [ RunTime:0.000000s ]
INFO: [ app_init ] --END-- [ RunTime:0.000000s ]
INFO: [ app_begin ] --START--
INFO: Run Behavior\ReadHtmlCacheBehavior [ RunTime:0.000000s ]
INFO: [ app_begin ] --END-- [ RunTime:0.000000s ]
SQL: SHOW COLUMNS FROM `wd_member` [ RunTime:0.0000s ]
SQL: SELECT `id`,`username`,`salt`,`password`,`group_id`,`forbidden`,`is_first_login`,`is_admin` FROM `wd_member` WHERE `username` = '马振涛' LIMIT 1   [ RunTime:0.0000s ]

[ 2017-05-08T12:32:26+08:00 ] 114.83.73.137 /manager/login/login.html
INFO: [ app_init ] --START--
INFO: Run Behavior\BuildLiteBehavior [ RunTime:0.000000s ]
INFO: [ app_init ] --END-- [ RunTime:0.000000s ]
INFO: [ app_begin ] --START--
INFO: Run Behavior\ReadHtmlCacheBehavior [ RunTime:0.000000s ]
INFO: [ app_begin ] --END-- [ RunTime:0.000000s ]
SQL: SHOW COLUMNS FROM `wd_member` [ RunTime:0.0000s ]
SQL: SELECT `id`,`username`,`salt`,`password`,`group_id`,`forbidden`,`is_first_login`,`is_admin` FROM `wd_member` WHERE `username` = '李钰杰' LIMIT 1   [ RunTime:0.0000s ]

[ 2017-05-08T13:59:45+08:00 ] 61.141.253.10 /manager/login.html
INFO: [ app_init ] --START--
INFO: Run Behavior\BuildLiteBehavior [ RunTime:0.000000s ]
INFO: [ app_init ] --END-- [ RunTime:0.000000s ]
INFO: [ app_begin ] --START--
INFO: Run Behavior\ReadHtmlCacheBehavior [ RunTime:0.000000s ]
INFO: [ app_begin ] --END-- [ RunTime:0.000000s ]
INFO: [ view_parse ] --START--
INFO: [ template_filter ] --START--
INFO: Run Behavior\ContentReplaceBehavior [ RunTime:0.000000s ]
INFO: [ template_filter ] --END-- [ RunTime:0.000000s ]
INFO: Run Behavior\ParseTemplateBehavior [ RunTime:0.031200s ]
INFO: [ view_parse ] --END-- [ RunTime:0.031200s ]
INFO: [ view_filter ] --START--
INFO: Run Behavior\WriteHtmlCacheBehavior [ RunTime:0.000000s ]
INFO: [ view_filter ] --END-- [ RunTime:0.000000s ]
INFO: [ app_end ] --START--
INFO: Run Behavior\ShowPageTraceBehavior [ RunTime:0.000000s ]
INFO: [ app_end ] --END-- [ RunTime:0.000000s ]

[ 2017-05-08T15:00:19+08:00 ] 61.141.253.10 /manager/
INFO: [ app_init ] --START--
INFO: Run Behavior\BuildLiteBehavior [ RunTime:0.000000s ]
INFO: [ app_init ] --END-- [ RunTime:0.000000s ]
INFO: [ app_begin ] --START--
INFO: Run Behavior\ReadHtmlCacheBehavior [ RunTime:0.000000s ]
INFO: [ app_begin ] --END-- [ RunTime:0.000000s ]
NOTIC: [8] Use of undefined constant ture - assumed 'ture' F:\wwwroot\app\app\Manager\Controller\MainController.class.php 第 27 行.
INFO: [ view_parse ] --START--
INFO: [ template_filter ] --START--
INFO: Run Behavior\ContentReplaceBehavior [ RunTime:0.000000s ]
INFO: [ template_filter ] --END-- [ RunTime:0.000000s ]
INFO: Run Behavior\ParseTemplateBehavior [ RunTime:0.015600s ]
INFO: [ view_parse ] --END-- [ RunTime:0.015600s ]
INFO: [ view_filter ] --START--
INFO: Run Behavior\WriteHtmlCacheBehavior [ RunTime:0.000000s ]
INFO: [ view_filter ] --END-- [ RunTime:0.000000s ]

[ 2017-05-08T15:00:20+08:00 ] 61.141.253.10 /manager/login.html
INFO: [ app_init ] --START--
INFO: Run Behavior\BuildLiteBehavior [ RunTime:0.000000s ]
INFO: [ app_init ] --END-- [ RunTime:0.000000s ]
INFO: [ app_begin ] --START--
INFO: Run Behavior\ReadHtmlCacheBehavior [ RunTime:0.000000s ]
INFO: [ app_begin ] --END-- [ RunTime:0.000000s ]
INFO: [ view_parse ] --START--
INFO: [ template_filter ] --START--
INFO: Run Behavior\ContentReplaceBehavior [ RunTime:0.000000s ]
INFO: [ template_filter ] --END-- [ RunTime:0.000000s ]
INFO: Run Behavior\ParseTemplateBehavior [ RunTime:0.015600s ]
INFO: [ view_parse ] --END-- [ RunTime:0.015600s ]
INFO: [ view_filter ] --START--
INFO: Run Behavior\WriteHtmlCacheBehavior [ RunTime:0.000000s ]
INFO: [ view_filter ] --END-- [ RunTime:0.000000s ]
INFO: [ app_end ] --START--
INFO: Run Behavior\ShowPageTraceBehavior [ RunTime:0.000000s ]
INFO: [ app_end ] --END-- [ RunTime:0.000000s ]

[ 2017-05-08T15:00:25+08:00 ] 61.141.253.10 /manager/login/login.html
INFO: [ app_init ] --START--
INFO: Run Behavior\BuildLiteBehavior [ RunTime:0.000000s ]
INFO: [ app_init ] --END-- [ RunTime:0.000000s ]
INFO: [ app_begin ] --START--
INFO: Run Behavior\ReadHtmlCacheBehavior [ RunTime:0.000000s ]
INFO: [ app_begin ] --END-- [ RunTime:0.015600s ]
SQL: SHOW COLUMNS FROM `wd_member` [ RunTime:0.0156s ]
SQL: SELECT `id`,`username`,`salt`,`password`,`group_id`,`forbidden`,`is_first_login`,`is_admin` FROM `wd_member` WHERE `username` = 'admin' LIMIT 1   [ RunTime:0.0000s ]

[ 2017-05-08T15:07:13+08:00 ] 61.141.253.10 /Manager/Controller/
INFO: [ app_init ] --START--
INFO: Run Behavior\BuildLiteBehavior [ RunTime:0.000000s ]
INFO: [ app_init ] --END-- [ RunTime:0.000000s ]
INFO: [ app_begin ] --START--
INFO: Run Behavior\ReadHtmlCacheBehavior [ RunTime:0.000000s ]
INFO: [ app_begin ] --END-- [ RunTime:0.000000s ]
ERR: 无法加载控制器:Controller

[ 2017-05-08T15:07:25+08:00 ] 61.141.253.10 /Manager/Controller/
INFO: [ app_init ] --START--
INFO: Run Behavior\BuildLiteBehavior [ RunTime:0.000000s ]
INFO: [ app_init ] --END-- [ RunTime:0.000000s ]
INFO: [ app_begin ] --START--
INFO: Run Behavior\ReadHtmlCacheBehavior [ RunTime:0.000000s ]
INFO: [ app_begin ] --END-- [ RunTime:0.015600s ]
ERR: 无法加载控制器:Controller

[ 2017-05-08T15:07:50+08:00 ] 61.141.253.10 /Manager/NewFile.txt
INFO: [ app_init ] --START--
INFO: Run Behavior\BuildLiteBehavior [ RunTime:0.000000s ]
INFO: [ app_init ] --END-- [ RunTime:0.000000s ]
INFO: [ app_begin ] --START--
INFO: Run Behavior\ReadHtmlCacheBehavior [ RunTime:0.000000s ]
INFO: [ app_begin ] --END-- [ RunTime:0.000000s ]
ERR: 无法加载控制器:NewFile.txt

[ 2017-05-08T15:23:30+08:00 ] 61.141.253.10 /Manager/Controller/
INFO: [ app_init ] --START--
INFO: Run Behavior\BuildLiteBehavior [ RunTime:0.000000s ]
INFO: [ app_init ] --END-- [ RunTime:0.000000s ]
INFO: [ app_begin ] --START--
INFO: Run Behavior\ReadHtmlCacheBehavior [ RunTime:0.000000s ]
INFO: [ app_begin ] --END-- [ RunTime:0.000000s ]
ERR: 无法加载控制器:Controller

[ 2017-05-08T15:23:32+08:00 ] 61.141.253.10 /Manager/
INFO: [ app_init ] --START--
INFO: Run Behavior\BuildLiteBehavior [ RunTime:0.000000s ]
INFO: [ app_init ] --END-- [ RunTime:0.000000s ]
INFO: [ app_begin ] --START--
INFO: Run Behavior\ReadHtmlCacheBehavior [ RunTime:0.000000s ]
INFO: [ app_begin ] --END-- [ RunTime:0.000000s ]
NOTIC: [8] Use of undefined constant ture - assumed 'ture' F:\wwwroot\app\app\Manager\Controller\MainController.class.php 第 27 行.
INFO: [ view_parse ] --START--
INFO: [ template_filter ] --START--
INFO: Run Behavior\ContentReplaceBehavior [ RunTime:0.000000s ]
INFO: [ template_filter ] --END-- [ RunTime:0.000000s ]
INFO: Run Behavior\ParseTemplateBehavior [ RunTime:0.031200s ]
INFO: [ view_parse ] --END-- [ RunTime:0.031200s ]
INFO: [ view_filter ] --START--
INFO: Run Behavior\WriteHtmlCacheBehavior [ RunTime:0.000000s ]
INFO: [ view_filter ] --END-- [ RunTime:0.000000s ]

[ 2017-05-08T15:23:33+08:00 ] 61.141.253.10 /manager/login.html
INFO: [ app_init ] --START--
INFO: Run Behavior\BuildLiteBehavior [ RunTime:0.000000s ]
INFO: [ app_init ] --END-- [ RunTime:0.000000s ]
INFO: [ app_begin ] --START--
INFO: Run Behavior\ReadHtmlCacheBehavior [ RunTime:0.000000s ]
INFO: [ app_begin ] --END-- [ RunTime:0.000000s ]
INFO: [ view_parse ] --START--
INFO: [ template_filter ] --START--
INFO: Run Behavior\ContentReplaceBehavior [ RunTime:0.000000s ]
INFO: [ template_filter ] --END-- [ RunTime:0.000000s ]
INFO: Run Behavior\ParseTemplateBehavior [ RunTime:0.015600s ]
INFO: [ view_parse ] --END-- [ RunTime:0.015600s ]
INFO: [ view_filter ] --START--
INFO: Run Behavior\WriteHtmlCacheBehavior [ RunTime:0.000000s ]
INFO: [ view_filter ] --END-- [ RunTime:0.000000s ]
INFO: [ app_end ] --START--
INFO: Run Behavior\ShowPageTraceBehavior [ RunTime:0.000000s ]
INFO: [ app_end ] --END-- [ RunTime:0.000000s ]

[ 2017-05-08T15:31:16+08:00 ] 61.141.253.10 /manager/login/login.html
INFO: [ app_init ] --START--
INFO: Run Behavior\BuildLiteBehavior [ RunTime:0.000000s ]
INFO: [ app_init ] --END-- [ RunTime:0.000000s ]
INFO: [ app_begin ] --START--
INFO: Run Behavior\ReadHtmlCacheBehavior [ RunTime:0.000000s ]
INFO: [ app_begin ] --END-- [ RunTime:0.000000s ]
SQL: SHOW COLUMNS FROM `wd_member` [ RunTime:0.0000s ]
SQL: SELECT `id`,`username`,`salt`,`password`,`group_id`,`forbidden`,`is_first_login`,`is_admin` FROM `wd_member` WHERE `username` = 'admin' LIMIT 1   [ RunTime:0.0000s ]

[ 2017-05-08T15:31:23+08:00 ] 61.141.253.10 /manager/login/login.html
INFO: [ app_init ] --START--
INFO: Run Behavior\BuildLiteBehavior [ RunTime:0.000000s ]
INFO: [ app_init ] --END-- [ RunTime:0.000000s ]
INFO: [ app_begin ] --START--
INFO: Run Behavior\ReadHtmlCacheBehavior [ RunTime:0.000000s ]
INFO: [ app_begin ] --END-- [ RunTime:0.000000s ]
SQL: SHOW COLUMNS FROM `wd_member` [ RunTime:0.0156s ]
SQL: SELECT `id`,`username`,`salt`,`password`,`group_id`,`forbidden`,`is_first_login`,`is_admin` FROM `wd_member` WHERE `username` = 'admin' LIMIT 1   [ RunTime:0.0000s ]
SQL: UPDATE `wd_member` SET `is_first_login`=is_first_login+1 WHERE `id` = 1 [ RunTime:0.0780s ]
SQL: UPDATE `wd_member` SET `last_login`='1494228683',`last_ip`='61.141.253.10' WHERE `id` = 1 [ RunTime:0.0000s ]

[ 2017-05-08T15:31:24+08:00 ] 61.141.253.10 /manager/index.html
INFO: [ app_init ] --START--
INFO: Run Behavior\BuildLiteBehavior [ RunTime:0.000000s ]
INFO: [ app_init ] --END-- [ RunTime:0.000000s ]
INFO: [ app_begin ] --START--
INFO: Run Behavior\ReadHtmlCacheBehavior [ RunTime:0.000000s ]
INFO: [ app_begin ] --END-- [ RunTime:0.000000s ]
NOTIC: [8] Use of undefined constant ture - assumed 'ture' F:\wwwroot\app\app\Manager\Controller\MainController.class.php 第 27 行.
SQL: SHOW COLUMNS FROM `wd_member` [ RunTime:0.0000s ]
SQL: SELECT COUNT(*) AS tp_count FROM `wd_member` WHERE `is_admin` = 0 LIMIT 1   [ RunTime:0.0000s ]
NOTIC: [8192] Non-static method Sendcloud\Stats::get_stats() should not be called statically, assuming $this from incompatible context F:\wwwroot\app\app\Manager\Controller\IndexController.class.php 第 17 行.
NOTIC: [2] Missing argument 3 for Sendcloud\Stats::get_stats(), called in F:\wwwroot\app\app\Manager\Controller\IndexController.class.php on line 17 and defined F:\wwwroot\app\core\Library\Sendcloud\Stats.class.php 第 28 行.
NOTIC: [2] Missing argument 4 for Sendcloud\Stats::get_stats(), called in F:\wwwroot\app\app\Manager\Controller\IndexController.class.php on line 17 and defined F:\wwwroot\app\core\Library\Sendcloud\Stats.class.php 第 28 行.
NOTIC: [8] Undefined variable: option_params F:\wwwroot\app\core\Library\Sendcloud\Stats.class.php 第 42 行.
NOTIC: [2] Invalid argument supplied for foreach() F:\wwwroot\app\core\Library\Sendcloud\Stats.class.php 第 42 行.
SQL: SHOW COLUMNS FROM `wd_order` [ RunTime:0.0000s ]
SQL: SELECT COUNT(*) AS tp_count FROM `wd_order` WHERE `type` = 1 LIMIT 1   [ RunTime:0.0000s ]
SQL: SELECT COUNT(*) AS tp_count FROM `wd_order` LIMIT 1   [ RunTime:0.0000s ]
NOTIC: [8] Undefined index: deliveredNum F:\wwwroot\app\app\Manager\Controller\IndexController.class.php 第 20 行.
SQL: SHOW COLUMNS FROM `wd_company` [ RunTime:0.0468s ]
SQL: SELECT COUNT(*) AS tp_count FROM `wd_company` LIMIT 1   [ RunTime:0.0000s ]
SQL: SELECT SUM(price) AS tp_Sum FROM `wd_order` WHERE ( status=2 ) LIMIT 1   [ RunTime:0.0312s ]
INFO: [ view_parse ] --START--
INFO: [ template_filter ] --START--
INFO: Run Behavior\ContentReplaceBehavior [ RunTime:0.000000s ]
INFO: [ template_filter ] --END-- [ RunTime:0.000000s ]
INFO: Run Behavior\ParseTemplateBehavior [ RunTime:0.046800s ]
INFO: [ view_parse ] --END-- [ RunTime:0.046800s ]
INFO: [ view_filter ] --START--
INFO: Run Behavior\WriteHtmlCacheBehavior [ RunTime:0.000000s ]
INFO: [ view_filter ] --END-- [ RunTime:0.000000s ]
INFO: [ app_end ] --START--
INFO: Run Behavior\ShowPageTraceBehavior [ RunTime:0.000000s ]
INFO: [ app_end ] --END-- [ RunTime:0.000000s ]

[ 2017-05-08T15:31:35+08:00 ] 61.141.253.10 /manager/user/index.html
INFO: [ app_init ] --START--
INFO: Run Behavior\BuildLiteBehavior [ RunTime:0.000000s ]
INFO: [ app_init ] --END-- [ RunTime:0.000000s ]
INFO: [ app_begin ] --START--
INFO: Run Behavior\ReadHtmlCacheBehavior [ RunTime:0.000000s ]
INFO: [ app_begin ] --END-- [ RunTime:0.000000s ]
NOTIC: [8] Use of undefined constant ture - assumed 'ture' F:\wwwroot\app\app\Manager\Controller\MainController.class.php 第 27 行.
SQL: SHOW COLUMNS FROM `wd_member` [ RunTime:0.0000s ]
SQL: SELECT COUNT(*) AS tp_count FROM `wd_member` WHERE `is_admin` = 0 LIMIT 1   [ RunTime:0.0000s ]
SQL: SHOW COLUMNS FROM `wd_company` [ RunTime:0.0000s ]
SQL: SELECT COUNT(*) AS tp_count FROM wd_member Member  JOIN wd_company Company ON Member.cid=Company.id WHERE Company.status = 1 LIMIT 1   [ RunTime:0.0780s ]
SQL: SELECT Member.id AS id,Member.username AS username,Member.group_id AS group_id,Member.status AS status,Member.is_admin AS is_admin,Member.cid AS cid,Company.company_name AS company_name,Company.register_num AS register_num,Company.scan_part AS scan_part,Company.residence AS residence,Company.address AS address,Company.scope AS scope,Company.type AS type,Company.c_name AS c_name,Company.c_tel AS c_tel,Company.c_email AS c_email,Company.c_duties AS c_duties,Company.c_phone AS c_phone,Company.c_fax AS c_fax,Company.f_name AS f_name,Company.f_tel AS f_tel,Company.f_email AS f_email,Company.f_duties AS f_duties,Company.f_phone AS f_phone,Company.f_fax AS f_fax FROM wd_member Member  JOIN wd_company Company ON Member.cid=Company.id WHERE Company.status = 1 ORDER BY Member.id ASC LIMIT 0,18   [ RunTime:0.0780s ]
INFO: [ view_parse ] --START--
INFO: [ template_filter ] --START--
INFO: Run Behavior\ContentReplaceBehavior [ RunTime:0.000000s ]
INFO: [ template_filter ] --END-- [ RunTime:0.000000s ]
INFO: Run Behavior\ParseTemplateBehavior [ RunTime:0.062400s ]
INFO: [ view_parse ] --END-- [ RunTime:0.062400s ]
INFO: [ view_filter ] --START--
INFO: Run Behavior\WriteHtmlCacheBehavior [ RunTime:0.000000s ]
INFO: [ view_filter ] --END-- [ RunTime:0.000000s ]
INFO: [ app_end ] --START--
INFO: Run Behavior\ShowPageTraceBehavior [ RunTime:0.000000s ]
INFO: [ app_end ] --END-- [ RunTime:0.000000s ]

[ 2017-05-08T15:32:00+08:00 ] 61.141.253.10 /manager/system/website.html
INFO: [ app_init ] --START--
INFO: Run Behavior\BuildLiteBehavior [ RunTime:0.000000s ]
INFO: [ app_init ] --END-- [ RunTime:0.000000s ]
INFO: [ app_begin ] --START--
INFO: Run Behavior\ReadHtmlCacheBehavior [ RunTime:0.000000s ]
INFO: [ app_begin ] --END-- [ RunTime:0.000000s ]
NOTIC: [8] Use of undefined constant ture - assumed 'ture' F:\wwwroot\app\app\Manager\Controller\MainController.class.php 第 27 行.
SQL: SHOW COLUMNS FROM `wd_member` [ RunTime:0.0000s ]
SQL: SELECT COUNT(*) AS tp_count FROM `wd_member` WHERE `is_admin` = 0 LIMIT 1   [ RunTime:0.0000s ]
SQL: SHOW COLUMNS FROM `wd_config` [ RunTime:0.0156s ]
SQL: SELECT `name`,`value` FROM `wd_config`  [ RunTime:0.0000s ]
INFO: [ view_parse ] --START--
INFO: [ template_filter ] --START--
INFO: Run Behavior\ContentReplaceBehavior [ RunTime:0.000000s ]
INFO: [ template_filter ] --END-- [ RunTime:0.000000s ]
INFO: Run Behavior\ParseTemplateBehavior [ RunTime:0.046800s ]
INFO: [ view_parse ] --END-- [ RunTime:0.046800s ]
INFO: [ view_filter ] --START--
INFO: Run Behavior\WriteHtmlCacheBehavior [ RunTime:0.000000s ]
INFO: [ view_filter ] --END-- [ RunTime:0.000000s ]
INFO: [ app_end ] --START--
INFO: Run Behavior\ShowPageTraceBehavior [ RunTime:0.000000s ]
INFO: [ app_end ] --END-- [ RunTime:0.000000s ]

[ 2017-05-08T15:32:08+08:00 ] 61.141.253.10 /manager/system/website.html
INFO: [ app_init ] --START--
INFO: Run Behavior\BuildLiteBehavior [ RunTime:0.000000s ]
INFO: [ app_init ] --END-- [ RunTime:0.000000s ]
INFO: [ app_begin ] --START--
INFO: Run Behavior\ReadHtmlCacheBehavior [ RunTime:0.000000s ]
INFO: [ app_begin ] --END-- [ RunTime:0.000000s ]
NOTIC: [8] Use of undefined constant ture - assumed 'ture' F:\wwwroot\app\app\Manager\Controller\MainController.class.php 第 27 行.
SQL: SHOW COLUMNS FROM `wd_member` [ RunTime:0.0000s ]
SQL: SELECT COUNT(*) AS tp_count FROM `wd_member` WHERE `is_admin` = 0 LIMIT 1   [ RunTime:0.0000s ]
SQL: SHOW COLUMNS FROM `wd_config` [ RunTime:0.0156s ]
SQL: SELECT `name`,`value` FROM `wd_config`  [ RunTime:0.0000s ]
INFO: [ view_parse ] --START--
INFO: [ template_filter ] --START--
INFO: Run Behavior\ContentReplaceBehavior [ RunTime:0.000000s ]
INFO: [ template_filter ] --END-- [ RunTime:0.000000s ]
INFO: Run Behavior\ParseTemplateBehavior [ RunTime:0.015600s ]
INFO: [ view_parse ] --END-- [ RunTime:0.015600s ]
INFO: [ view_filter ] --START--
INFO: Run Behavior\WriteHtmlCacheBehavior [ RunTime:0.000000s ]
INFO: [ view_filter ] --END-- [ RunTime:0.000000s ]
INFO: [ app_end ] --START--
INFO: Run Behavior\ShowPageTraceBehavior [ RunTime:0.000000s ]
INFO: [ app_end ] --END-- [ RunTime:0.000000s ]

[ 2017-05-08T15:32:17+08:00 ] 61.141.253.10 /manager/user/index.html
INFO: [ app_init ] --START--
INFO: Run Behavior\BuildLiteBehavior [ RunTime:0.000000s ]
INFO: [ app_init ] --END-- [ RunTime:0.000000s ]
INFO: [ app_begin ] --START--
INFO: Run Behavior\ReadHtmlCacheBehavior [ RunTime:0.000000s ]
INFO: [ app_begin ] --END-- [ RunTime:0.000000s ]
NOTIC: [8] Use of undefined constant ture - assumed 'ture' F:\wwwroot\app\app\Manager\Controller\MainController.class.php 第 27 行.
SQL: SHOW COLUMNS FROM `wd_member` [ RunTime:0.0000s ]
SQL: SELECT COUNT(*) AS tp_count FROM `wd_member` WHERE `is_admin` = 0 LIMIT 1   [ RunTime:0.0000s ]
SQL: SHOW COLUMNS FROM `wd_company` [ RunTime:0.0000s ]
SQL: SELECT COUNT(*) AS tp_count FROM wd_member Member  JOIN wd_company Company ON Member.cid=Company.id WHERE Company.status = 1 LIMIT 1   [ RunTime:0.0000s ]
SQL: SELECT Member.id AS id,Member.username AS username,Member.group_id AS group_id,Member.status AS status,Member.is_admin AS is_admin,Member.cid AS cid,Company.company_name AS company_name,Company.register_num AS register_num,Company.scan_part AS scan_part,Company.residence AS residence,Company.address AS address,Company.scope AS scope,Company.type AS type,Company.c_name AS c_name,Company.c_tel AS c_tel,Company.c_email AS c_email,Company.c_duties AS c_duties,Company.c_phone AS c_phone,Company.c_fax AS c_fax,Company.f_name AS f_name,Company.f_tel AS f_tel,Company.f_email AS f_email,Company.f_duties AS f_duties,Company.f_phone AS f_phone,Company.f_fax AS f_fax FROM wd_member Member  JOIN wd_company Company ON Member.cid=Company.id WHERE Company.status = 1 ORDER BY Member.id ASC LIMIT 0,18   [ RunTime:0.0000s ]
INFO: [ view_parse ] --START--
INFO: [ template_filter ] --START--
INFO: Run Behavior\ContentReplaceBehavior [ RunTime:0.000000s ]
INFO: [ template_filter ] --END-- [ RunTime:0.000000s ]
INFO: Run Behavior\ParseTemplateBehavior [ RunTime:0.015600s ]
INFO: [ view_parse ] --END-- [ RunTime:0.015600s ]
INFO: [ view_filter ] --START--
INFO: Run Behavior\WriteHtmlCacheBehavior [ RunTime:0.000000s ]
INFO: [ view_filter ] --END-- [ RunTime:0.000000s ]
INFO: [ app_end ] --START--
INFO: Run Behavior\ShowPageTraceBehavior [ RunTime:0.000000s ]
INFO: [ app_end ] --END-- [ RunTime:0.000000s ]

[ 2017-05-08T15:32:20+08:00 ] 61.141.253.10 /manager/user/verify.html
INFO: [ app_init ] --START--
INFO: Run Behavior\BuildLiteBehavior [ RunTime:0.000000s ]
INFO: [ app_init ] --END-- [ RunTime:0.000000s ]
INFO: [ app_begin ] --START--
INFO: Run Behavior\ReadHtmlCacheBehavior [ RunTime:0.000000s ]
INFO: [ app_begin ] --END-- [ RunTime:0.000000s ]
NOTIC: [8] Use of undefined constant ture - assumed 'ture' F:\wwwroot\app\app\Manager\Controller\MainController.class.php 第 27 行.
SQL: SHOW COLUMNS FROM `wd_member` [ RunTime:0.0000s ]
SQL: SELECT COUNT(*) AS tp_count FROM `wd_member` WHERE `is_admin` = 0 LIMIT 1   [ RunTime:0.0000s ]
SQL: SHOW COLUMNS FROM `wd_company` [ RunTime:0.0000s ]
SQL: SELECT COUNT(*) AS tp_count FROM wd_member Member  JOIN wd_company Company ON Member.cid=Company.id WHERE Company.status = 0 LIMIT 1   [ RunTime:0.0000s ]
SQL: SELECT Member.id AS id,Member.username AS username,Member.group_id AS group_id,Member.status AS status,Member.is_admin AS is_admin,Member.cid AS cid,Company.company_name AS company_name,Company.register_num AS register_num,Company.scan_part AS scan_part,Company.residence AS residence,Company.address AS address,Company.scope AS scope,Company.type AS type,Company.c_name AS c_name,Company.c_tel AS c_tel,Company.c_email AS c_email,Company.c_duties AS c_duties,Company.c_phone AS c_phone,Company.c_fax AS c_fax,Company.f_name AS f_name,Company.f_tel AS f_tel,Company.f_email AS f_email,Company.f_duties AS f_duties,Company.f_phone AS f_phone,Company.f_fax AS f_fax FROM wd_member Member  JOIN wd_company Company ON Member.cid=Company.id WHERE Company.status = 0 ORDER BY Member.id ASC LIMIT 0,18   [ RunTime:0.0156s ]
INFO: [ view_parse ] --START--
INFO: [ template_filter ] --START--
INFO: Run Behavior\ContentReplaceBehavior [ RunTime:0.000000s ]
INFO: [ template_filter ] --END-- [ RunTime:0.000000s ]
INFO: Run Behavior\ParseTemplateBehavior [ RunTime:0.015600s ]
INFO: [ view_parse ] --END-- [ RunTime:0.015600s ]
INFO: [ view_filter ] --START--
INFO: Run Behavior\WriteHtmlCacheBehavior [ RunTime:0.000000s ]
INFO: [ view_filter ] --END-- [ RunTime:0.000000s ]
INFO: [ app_end ] --START--
INFO: Run Behavior\ShowPageTraceBehavior [ RunTime:0.015600s ]
INFO: [ app_end ] --END-- [ RunTime:0.015600s ]

[ 2017-05-08T15:32:26+08:00 ] 61.141.253.10 /manager/user/index.html
INFO: [ app_init ] --START--
INFO: Run Behavior\BuildLiteBehavior [ RunTime:0.000000s ]
INFO: [ app_init ] --END-- [ RunTime:0.000000s ]
INFO: [ app_begin ] --START--
INFO: Run Behavior\ReadHtmlCacheBehavior [ RunTime:0.000000s ]
INFO: [ app_begin ] --END-- [ RunTime:0.000000s ]
NOTIC: [8] Use of undefined constant ture - assumed 'ture' F:\wwwroot\app\app\Manager\Controller\MainController.class.php 第 27 行.
SQL: SHOW COLUMNS FROM `wd_member` [ RunTime:0.0000s ]
SQL: SELECT COUNT(*) AS tp_count FROM `wd_member` WHERE `is_admin` = 0 LIMIT 1   [ RunTime:0.0000s ]
SQL: SHOW COLUMNS FROM `wd_company` [ RunTime:0.0000s ]
SQL: SELECT COUNT(*) AS tp_count FROM wd_member Member  JOIN wd_company Company ON Member.cid=Company.id WHERE Company.status = 1 LIMIT 1   [ RunTime:0.0000s ]
SQL: SELECT Member.id AS id,Member.username AS username,Member.group_id AS group_id,Member.status AS status,Member.is_admin AS is_admin,Member.cid AS cid,Company.company_name AS company_name,Company.register_num AS register_num,Company.scan_part AS scan_part,Company.residence AS residence,Company.address AS address,Company.scope AS scope,Company.type AS type,Company.c_name AS c_name,Company.c_tel AS c_tel,Company.c_email AS c_email,Company.c_duties AS c_duties,Company.c_phone AS c_phone,Company.c_fax AS c_fax,Company.f_name AS f_name,Company.f_tel AS f_tel,Company.f_email AS f_email,Company.f_duties AS f_duties,Company.f_phone AS f_phone,Company.f_fax AS f_fax FROM wd_member Member  JOIN wd_company Company ON Member.cid=Company.id WHERE Company.status = 1 ORDER BY Member.id ASC LIMIT 0,18   [ RunTime:0.0156s ]
INFO: [ view_parse ] --START--
INFO: [ template_filter ] --START--
INFO: Run Behavior\ContentReplaceBehavior [ RunTime:0.000000s ]
INFO: [ template_filter ] --END-- [ RunTime:0.000000s ]
INFO: Run Behavior\ParseTemplateBehavior [ RunTime:0.015600s ]
INFO: [ view_parse ] --END-- [ RunTime:0.015600s ]
INFO: [ view_filter ] --START--
INFO: Run Behavior\WriteHtmlCacheBehavior [ RunTime:0.000000s ]
INFO: [ view_filter ] --END-- [ RunTime:0.000000s ]
INFO: [ app_end ] --START--
INFO: Run Behavior\ShowPageTraceBehavior [ RunTime:0.015601s ]
INFO: [ app_end ] --END-- [ RunTime:0.015601s ]

