[ 2017-05-22T16:06:22+08:00 ] 119.250.148.72 /manager
INFO: [ app_init ] --START--
INFO: Run Behavior\BuildLiteBehavior [ RunTime:0.000000s ]
INFO: [ app_init ] --END-- [ RunTime:0.000000s ]
INFO: [ app_begin ] --START--
INFO: Run Behavior\ReadHtmlCacheBehavior [ RunTime:0.001001s ]
INFO: [ app_begin ] --END-- [ RunTime:0.001001s ]
NOTIC: [8] Use of undefined constant ture - assumed 'ture' F:\wwwroot\app\app\Manager\Controller\MainController.class.php 第 27 行.
INFO: [ view_parse ] --START--
INFO: [ template_filter ] --START--
INFO: Run Behavior\ContentReplaceBehavior [ RunTime:0.001000s ]
INFO: [ template_filter ] --END-- [ RunTime:0.001000s ]
SQL: SHOW COLUMNS FROM `wd_member` [ RunTime:0.0030s ]
SQL: SELECT `username` FROM `wd_member` WHERE `id` = 327 LIMIT 1   [ RunTime:0.0000s ]
INFO: Run Behavior\ParseTemplateBehavior [ RunTime:0.055003s ]
INFO: [ view_parse ] --END-- [ RunTime:0.055003s ]
INFO: [ view_filter ] --START--
INFO: Run Behavior\WriteHtmlCacheBehavior [ RunTime:0.000000s ]
INFO: [ view_filter ] --END-- [ RunTime:0.000000s ]

[ 2017-05-22T16:06:24+08:00 ] 119.250.148.72 /manager/login.html
INFO: [ app_init ] --START--
INFO: Run Behavior\BuildLiteBehavior [ RunTime:0.000000s ]
INFO: [ app_init ] --END-- [ RunTime:0.000000s ]
INFO: [ app_begin ] --START--
INFO: Run Behavior\ReadHtmlCacheBehavior [ RunTime:0.001000s ]
INFO: [ app_begin ] --END-- [ RunTime:0.001000s ]
INFO: [ view_parse ] --START--
INFO: [ template_filter ] --START--
INFO: Run Behavior\ContentReplaceBehavior [ RunTime:0.000000s ]
INFO: [ template_filter ] --END-- [ RunTime:0.000000s ]
INFO: Run Behavior\ParseTemplateBehavior [ RunTime:0.023002s ]
INFO: [ view_parse ] --END-- [ RunTime:0.023002s ]
INFO: [ view_filter ] --START--
INFO: Run Behavior\WriteHtmlCacheBehavior [ RunTime:0.000000s ]
INFO: [ view_filter ] --END-- [ RunTime:0.001000s ]
INFO: [ app_end ] --START--
INFO: Run Behavior\ShowPageTraceBehavior [ RunTime:0.000000s ]
INFO: [ app_end ] --END-- [ RunTime:0.000000s ]

[ 2017-05-22T16:06:28+08:00 ] 119.250.148.72 /manager/login/login.html
INFO: [ app_init ] --START--
INFO: Run Behavior\BuildLiteBehavior [ RunTime:0.000000s ]
INFO: [ app_init ] --END-- [ RunTime:0.000000s ]
INFO: [ app_begin ] --START--
INFO: Run Behavior\ReadHtmlCacheBehavior [ RunTime:0.001000s ]
INFO: [ app_begin ] --END-- [ RunTime:0.001000s ]
SQL: SHOW COLUMNS FROM `wd_member` [ RunTime:0.0020s ]
SQL: SELECT `id`,`username`,`salt`,`password`,`group_id`,`forbidden`,`is_first_login`,`is_admin` FROM `wd_member` WHERE `username` = 'admin' LIMIT 1   [ RunTime:0.0040s ]
SQL: UPDATE `wd_member` SET `is_first_login`=is_first_login+1 WHERE `id` = 1 [ RunTime:0.0000s ]
SQL: UPDATE `wd_member` SET `last_login`='1495440388',`last_ip`='119.250.148.72' WHERE `id` = 1 [ RunTime:0.0000s ]

[ 2017-05-22T16:06:29+08:00 ] 119.250.148.72 /manager/index.html
INFO: [ app_init ] --START--
INFO: Run Behavior\BuildLiteBehavior [ RunTime:0.000000s ]
INFO: [ app_init ] --END-- [ RunTime:0.001000s ]
INFO: [ app_begin ] --START--
INFO: Run Behavior\ReadHtmlCacheBehavior [ RunTime:0.000000s ]
INFO: [ app_begin ] --END-- [ RunTime:0.000000s ]
NOTIC: [8] Use of undefined constant ture - assumed 'ture' F:\wwwroot\app\app\Manager\Controller\MainController.class.php 第 27 行.
SQL: SHOW COLUMNS FROM `wd_member` [ RunTime:0.0050s ]
SQL: SELECT COUNT(*) AS tp_count FROM `wd_member` WHERE `is_admin` = 0 LIMIT 1   [ RunTime:0.0000s ]
NOTIC: [8192] Non-static method Sendcloud\Stats::get_stats() should not be called statically, assuming $this from incompatible context F:\wwwroot\app\app\Manager\Controller\IndexController.class.php 第 17 行.
NOTIC: [2] Missing argument 3 for Sendcloud\Stats::get_stats(), called in F:\wwwroot\app\app\Manager\Controller\IndexController.class.php on line 17 and defined F:\wwwroot\app\core\Library\Sendcloud\Stats.class.php 第 28 行.
NOTIC: [2] Missing argument 4 for Sendcloud\Stats::get_stats(), called in F:\wwwroot\app\app\Manager\Controller\IndexController.class.php on line 17 and defined F:\wwwroot\app\core\Library\Sendcloud\Stats.class.php 第 28 行.
NOTIC: [8] Undefined variable: option_params F:\wwwroot\app\core\Library\Sendcloud\Stats.class.php 第 42 行.
NOTIC: [2] Invalid argument supplied for foreach() F:\wwwroot\app\core\Library\Sendcloud\Stats.class.php 第 42 行.
SQL: SHOW COLUMNS FROM `wd_order` [ RunTime:0.0030s ]
SQL: SELECT COUNT(*) AS tp_count FROM `wd_order` WHERE `type` = 1 LIMIT 1   [ RunTime:0.0000s ]
SQL: SELECT COUNT(*) AS tp_count FROM `wd_order` LIMIT 1   [ RunTime:0.0000s ]
NOTIC: [8] Undefined index: deliveredNum F:\wwwroot\app\app\Manager\Controller\IndexController.class.php 第 20 行.
SQL: SHOW COLUMNS FROM `wd_company` [ RunTime:0.0030s ]
SQL: SELECT COUNT(*) AS tp_count FROM `wd_company` LIMIT 1   [ RunTime:0.0000s ]
SQL: SELECT SUM(price) AS tp_Sum FROM `wd_order` WHERE ( status=2 ) LIMIT 1   [ RunTime:0.0210s ]
INFO: [ view_parse ] --START--
INFO: [ template_filter ] --START--
INFO: Run Behavior\ContentReplaceBehavior [ RunTime:0.000000s ]
INFO: [ template_filter ] --END-- [ RunTime:0.000000s ]
INFO: Run Behavior\ParseTemplateBehavior [ RunTime:0.053003s ]
INFO: [ view_parse ] --END-- [ RunTime:0.053003s ]
INFO: [ view_filter ] --START--
INFO: Run Behavior\WriteHtmlCacheBehavior [ RunTime:0.000000s ]
INFO: [ view_filter ] --END-- [ RunTime:0.000000s ]
INFO: [ app_end ] --START--
INFO: Run Behavior\ShowPageTraceBehavior [ RunTime:0.001000s ]
INFO: [ app_end ] --END-- [ RunTime:0.001000s ]

[ 2017-05-22T16:06:48+08:00 ] 119.250.148.72 /manager/user/index.html
INFO: [ app_init ] --START--
INFO: Run Behavior\BuildLiteBehavior [ RunTime:0.000000s ]
INFO: [ app_init ] --END-- [ RunTime:0.000000s ]
INFO: [ app_begin ] --START--
INFO: Run Behavior\ReadHtmlCacheBehavior [ RunTime:0.001000s ]
INFO: [ app_begin ] --END-- [ RunTime:0.001000s ]
NOTIC: [8] Use of undefined constant ture - assumed 'ture' F:\wwwroot\app\app\Manager\Controller\MainController.class.php 第 27 行.
SQL: SHOW COLUMNS FROM `wd_member` [ RunTime:0.0030s ]
SQL: SELECT COUNT(*) AS tp_count FROM `wd_member` WHERE `is_admin` = 0 LIMIT 1   [ RunTime:0.0000s ]
SQL: SHOW COLUMNS FROM `wd_company` [ RunTime:0.0030s ]
SQL: SELECT COUNT(*) AS tp_count FROM wd_member Member  JOIN wd_company Company ON Member.cid=Company.id WHERE Company.status = 1 LIMIT 1   [ RunTime:0.0030s ]
SQL: SELECT Member.id AS id,Member.username AS username,Member.group_id AS group_id,Member.status AS status,Member.is_admin AS is_admin,Member.cid AS cid,Company.company_name AS company_name,Company.register_num AS register_num,Company.scan_part AS scan_part,Company.residence AS residence,Company.address AS address,Company.scope AS scope,Company.type AS type,Company.c_name AS c_name,Company.c_tel AS c_tel,Company.c_email AS c_email,Company.c_duties AS c_duties,Company.c_phone AS c_phone,Company.c_fax AS c_fax,Company.f_name AS f_name,Company.f_tel AS f_tel,Company.f_email AS f_email,Company.f_duties AS f_duties,Company.f_phone AS f_phone,Company.f_fax AS f_fax FROM wd_member Member  JOIN wd_company Company ON Member.cid=Company.id WHERE Company.status = 1 ORDER BY Member.id ASC LIMIT 0,18   [ RunTime:0.1370s ]
INFO: [ view_parse ] --START--
INFO: [ template_filter ] --START--
INFO: Run Behavior\ContentReplaceBehavior [ RunTime:0.000000s ]
INFO: [ template_filter ] --END-- [ RunTime:0.000000s ]
INFO: Run Behavior\ParseTemplateBehavior [ RunTime:0.021001s ]
INFO: [ view_parse ] --END-- [ RunTime:0.021001s ]
INFO: [ view_filter ] --START--
INFO: Run Behavior\WriteHtmlCacheBehavior [ RunTime:0.001000s ]
INFO: [ view_filter ] --END-- [ RunTime:0.001000s ]
INFO: [ app_end ] --START--
INFO: Run Behavior\ShowPageTraceBehavior [ RunTime:0.000000s ]
INFO: [ app_end ] --END-- [ RunTime:0.000000s ]

